[2026-06-25T00:00:20.220+0000] {processor.py:161} INFO - Started process (PID=6541) to work on /opt/airflow/dags/retail_etl_dag.py
[2026-06-25T00:00:20.223+0000] {processor.py:830} INFO - Processing file /opt/airflow/dags/retail_etl_dag.py for tasks to queue
[2026-06-25T00:00:20.228+0000] {logging_mixin.py:188} INFO - [2026-06-25T00:00:20.227+0000] {dagbag.py:545} INFO - Filling up the DagBag from /opt/airflow/dags/retail_etl_dag.py
[2026-06-25T00:00:20.789+0000] {processor.py:840} INFO - DAG(s) 'retail_etl_pipeline' retrieved from /opt/airflow/dags/retail_etl_dag.py
[2026-06-25T00:00:20.824+0000] {logging_mixin.py:188} INFO - [2026-06-25T00:00:20.823+0000] {dag.py:3089} INFO - Sync 1 DAGs
[2026-06-25T00:00:20.852+0000] {logging_mixin.py:188} INFO - [2026-06-25T00:00:20.851+0000] {dag.py:3947} INFO - Setting next_dagrun for retail_etl_pipeline to 2026-06-24 23:55:00+00:00, run_after=2026-06-25 00:00:00+00:00
[2026-06-25T00:00:20.880+0000] {processor.py:183} INFO - Processing /opt/airflow/dags/retail_etl_dag.py took 0.673 seconds
[2026-06-25T00:00:51.328+0000] {processor.py:161} INFO - Started process (PID=6547) to work on /opt/airflow/dags/retail_etl_dag.py
[2026-06-25T00:00:51.332+0000] {processor.py:830} INFO - Processing file /opt/airflow/dags/retail_etl_dag.py for tasks to queue
[2026-06-25T00:00:51.337+0000] {logging_mixin.py:188} INFO - [2026-06-25T00:00:51.337+0000] {dagbag.py:545} INFO - Filling up the DagBag from /opt/airflow/dags/retail_etl_dag.py
[2026-06-25T00:00:51.785+0000] {processor.py:840} INFO - DAG(s) 'retail_etl_pipeline' retrieved from /opt/airflow/dags/retail_etl_dag.py
[2026-06-25T00:00:51.826+0000] {logging_mixin.py:188} INFO - [2026-06-25T00:00:51.825+0000] {dag.py:3089} INFO - Sync 1 DAGs
[2026-06-25T00:00:52.077+0000] {logging_mixin.py:188} INFO - [2026-06-25T00:00:52.076+0000] {dag.py:3947} INFO - Setting next_dagrun for retail_etl_pipeline to 2026-06-24 23:55:00+00:00, run_after=2026-06-25 00:00:00+00:00
[2026-06-25T00:00:52.105+0000] {processor.py:183} INFO - Processing /opt/airflow/dags/retail_etl_dag.py took 0.794 seconds
[2026-06-25T00:01:22.600+0000] {processor.py:161} INFO - Started process (PID=6553) to work on /opt/airflow/dags/retail_etl_dag.py
[2026-06-25T00:01:22.602+0000] {processor.py:830} INFO - Processing file /opt/airflow/dags/retail_etl_dag.py for tasks to queue
[2026-06-25T00:01:22.607+0000] {logging_mixin.py:188} INFO - [2026-06-25T00:01:22.606+0000] {dagbag.py:545} INFO - Filling up the DagBag from /opt/airflow/dags/retail_etl_dag.py
[2026-06-25T00:01:23.051+0000] {processor.py:840} INFO - DAG(s) 'retail_etl_pipeline' retrieved from /opt/airflow/dags/retail_etl_dag.py
[2026-06-25T00:01:23.262+0000] {logging_mixin.py:188} INFO - [2026-06-25T00:01:23.261+0000] {dag.py:3089} INFO - Sync 1 DAGs
[2026-06-25T00:01:23.310+0000] {logging_mixin.py:188} INFO - [2026-06-25T00:01:23.310+0000] {dag.py:3947} INFO - Setting next_dagrun for retail_etl_pipeline to 2026-06-24 23:55:00+00:00, run_after=2026-06-25 00:00:00+00:00
[2026-06-25T00:01:23.353+0000] {processor.py:183} INFO - Processing /opt/airflow/dags/retail_etl_dag.py took 0.766 seconds
[2026-06-25T00:01:53.560+0000] {processor.py:161} INFO - Started process (PID=6559) to work on /opt/airflow/dags/retail_etl_dag.py
[2026-06-25T00:01:53.562+0000] {processor.py:830} INFO - Processing file /opt/airflow/dags/retail_etl_dag.py for tasks to queue
[2026-06-25T00:01:53.566+0000] {logging_mixin.py:188} INFO - [2026-06-25T00:01:53.565+0000] {dagbag.py:545} INFO - Filling up the DagBag from /opt/airflow/dags/retail_etl_dag.py
[2026-06-25T00:01:54.182+0000] {processor.py:840} INFO - DAG(s) 'retail_etl_pipeline' retrieved from /opt/airflow/dags/retail_etl_dag.py
[2026-06-25T00:01:54.232+0000] {logging_mixin.py:188} INFO - [2026-06-25T00:01:54.232+0000] {dag.py:3089} INFO - Sync 1 DAGs
[2026-06-25T00:01:54.279+0000] {logging_mixin.py:188} INFO - [2026-06-25T00:01:54.278+0000] {dag.py:3947} INFO - Setting next_dagrun for retail_etl_pipeline to 2026-06-24 23:55:00+00:00, run_after=2026-06-25 00:00:00+00:00
[2026-06-25T00:01:54.334+0000] {processor.py:183} INFO - Processing /opt/airflow/dags/retail_etl_dag.py took 0.786 seconds
[2026-06-25T00:02:24.781+0000] {processor.py:161} INFO - Started process (PID=6565) to work on /opt/airflow/dags/retail_etl_dag.py
[2026-06-25T00:02:24.783+0000] {processor.py:830} INFO - Processing file /opt/airflow/dags/retail_etl_dag.py for tasks to queue
[2026-06-25T00:02:24.786+0000] {logging_mixin.py:188} INFO - [2026-06-25T00:02:24.786+0000] {dagbag.py:545} INFO - Filling up the DagBag from /opt/airflow/dags/retail_etl_dag.py
[2026-06-25T00:02:25.344+0000] {processor.py:840} INFO - DAG(s) 'retail_etl_pipeline' retrieved from /opt/airflow/dags/retail_etl_dag.py
[2026-06-25T00:02:25.378+0000] {logging_mixin.py:188} INFO - [2026-06-25T00:02:25.377+0000] {dag.py:3089} INFO - Sync 1 DAGs
[2026-06-25T00:02:25.406+0000] {logging_mixin.py:188} INFO - [2026-06-25T00:02:25.406+0000] {dag.py:3947} INFO - Setting next_dagrun for retail_etl_pipeline to 2026-06-24 23:55:00+00:00, run_after=2026-06-25 00:00:00+00:00
[2026-06-25T00:02:25.446+0000] {processor.py:183} INFO - Processing /opt/airflow/dags/retail_etl_dag.py took 0.673 seconds
[2026-06-25T00:02:55.887+0000] {processor.py:161} INFO - Started process (PID=6571) to work on /opt/airflow/dags/retail_etl_dag.py
[2026-06-25T00:02:55.889+0000] {processor.py:830} INFO - Processing file /opt/airflow/dags/retail_etl_dag.py for tasks to queue
[2026-06-25T00:02:55.892+0000] {logging_mixin.py:188} INFO - [2026-06-25T00:02:55.892+0000] {dagbag.py:545} INFO - Filling up the DagBag from /opt/airflow/dags/retail_etl_dag.py
[2026-06-25T00:02:56.489+0000] {processor.py:840} INFO - DAG(s) 'retail_etl_pipeline' retrieved from /opt/airflow/dags/retail_etl_dag.py
[2026-06-25T00:02:56.547+0000] {logging_mixin.py:188} INFO - [2026-06-25T00:02:56.547+0000] {dag.py:3089} INFO - Sync 1 DAGs
[2026-06-25T00:02:56.597+0000] {logging_mixin.py:188} INFO - [2026-06-25T00:02:56.597+0000] {dag.py:3947} INFO - Setting next_dagrun for retail_etl_pipeline to 2026-06-24 23:55:00+00:00, run_after=2026-06-25 00:00:00+00:00
[2026-06-25T00:02:56.646+0000] {processor.py:183} INFO - Processing /opt/airflow/dags/retail_etl_dag.py took 0.767 seconds
[2026-06-25T00:03:26.817+0000] {processor.py:161} INFO - Started process (PID=6577) to work on /opt/airflow/dags/retail_etl_dag.py
[2026-06-25T00:03:26.819+0000] {processor.py:830} INFO - Processing file /opt/airflow/dags/retail_etl_dag.py for tasks to queue
[2026-06-25T00:03:26.822+0000] {logging_mixin.py:188} INFO - [2026-06-25T00:03:26.822+0000] {dagbag.py:545} INFO - Filling up the DagBag from /opt/airflow/dags/retail_etl_dag.py
[2026-06-25T00:03:27.239+0000] {processor.py:840} INFO - DAG(s) 'retail_etl_pipeline' retrieved from /opt/airflow/dags/retail_etl_dag.py
[2026-06-25T00:03:27.456+0000] {logging_mixin.py:188} INFO - [2026-06-25T00:03:27.455+0000] {dag.py:3089} INFO - Sync 1 DAGs
[2026-06-25T00:03:27.484+0000] {logging_mixin.py:188} INFO - [2026-06-25T00:03:27.483+0000] {dag.py:3947} INFO - Setting next_dagrun for retail_etl_pipeline to 2026-06-24 23:55:00+00:00, run_after=2026-06-25 00:00:00+00:00
[2026-06-25T00:03:27.511+0000] {processor.py:183} INFO - Processing /opt/airflow/dags/retail_etl_dag.py took 0.702 seconds
[2026-06-25T00:03:57.839+0000] {processor.py:161} INFO - Started process (PID=6583) to work on /opt/airflow/dags/retail_etl_dag.py
[2026-06-25T00:03:57.841+0000] {processor.py:830} INFO - Processing file /opt/airflow/dags/retail_etl_dag.py for tasks to queue
[2026-06-25T00:03:57.844+0000] {logging_mixin.py:188} INFO - [2026-06-25T00:03:57.844+0000] {dagbag.py:545} INFO - Filling up the DagBag from /opt/airflow/dags/retail_etl_dag.py
[2026-06-25T00:03:58.379+0000] {processor.py:840} INFO - DAG(s) 'retail_etl_pipeline' retrieved from /opt/airflow/dags/retail_etl_dag.py
[2026-06-25T00:03:58.411+0000] {logging_mixin.py:188} INFO - [2026-06-25T00:03:58.411+0000] {dag.py:3089} INFO - Sync 1 DAGs
[2026-06-25T00:03:58.445+0000] {logging_mixin.py:188} INFO - [2026-06-25T00:03:58.445+0000] {dag.py:3947} INFO - Setting next_dagrun for retail_etl_pipeline to 2026-06-24 23:55:00+00:00, run_after=2026-06-25 00:00:00+00:00
[2026-06-25T00:03:58.479+0000] {processor.py:183} INFO - Processing /opt/airflow/dags/retail_etl_dag.py took 0.647 seconds
[2026-06-25T00:04:28.708+0000] {processor.py:161} INFO - Started process (PID=6589) to work on /opt/airflow/dags/retail_etl_dag.py
[2026-06-25T00:04:28.710+0000] {processor.py:830} INFO - Processing file /opt/airflow/dags/retail_etl_dag.py for tasks to queue
[2026-06-25T00:04:28.713+0000] {logging_mixin.py:188} INFO - [2026-06-25T00:04:28.713+0000] {dagbag.py:545} INFO - Filling up the DagBag from /opt/airflow/dags/retail_etl_dag.py
[2026-06-25T00:04:29.277+0000] {processor.py:840} INFO - DAG(s) 'retail_etl_pipeline' retrieved from /opt/airflow/dags/retail_etl_dag.py
[2026-06-25T00:04:29.311+0000] {logging_mixin.py:188} INFO - [2026-06-25T00:04:29.310+0000] {dag.py:3089} INFO - Sync 1 DAGs
[2026-06-25T00:04:29.350+0000] {logging_mixin.py:188} INFO - [2026-06-25T00:04:29.349+0000] {dag.py:3947} INFO - Setting next_dagrun for retail_etl_pipeline to 2026-06-24 23:55:00+00:00, run_after=2026-06-25 00:00:00+00:00
[2026-06-25T00:04:29.389+0000] {processor.py:183} INFO - Processing /opt/airflow/dags/retail_etl_dag.py took 0.691 seconds
[2026-06-25T00:04:59.738+0000] {processor.py:161} INFO - Started process (PID=6595) to work on /opt/airflow/dags/retail_etl_dag.py
[2026-06-25T00:04:59.740+0000] {processor.py:830} INFO - Processing file /opt/airflow/dags/retail_etl_dag.py for tasks to queue
[2026-06-25T00:04:59.744+0000] {logging_mixin.py:188} INFO - [2026-06-25T00:04:59.744+0000] {dagbag.py:545} INFO - Filling up the DagBag from /opt/airflow/dags/retail_etl_dag.py
[2026-06-25T00:05:00.369+0000] {processor.py:840} INFO - DAG(s) 'retail_etl_pipeline' retrieved from /opt/airflow/dags/retail_etl_dag.py
[2026-06-25T00:05:00.408+0000] {logging_mixin.py:188} INFO - [2026-06-25T00:05:00.407+0000] {dag.py:3089} INFO - Sync 1 DAGs
[2026-06-25T00:05:00.438+0000] {logging_mixin.py:188} INFO - [2026-06-25T00:05:00.438+0000] {dag.py:3947} INFO - Setting next_dagrun for retail_etl_pipeline to 2026-06-25 00:00:00+00:00, run_after=2026-06-25 00:05:00+00:00
[2026-06-25T00:05:00.463+0000] {processor.py:183} INFO - Processing /opt/airflow/dags/retail_etl_dag.py took 0.736 seconds
[2026-06-25T00:05:30.833+0000] {processor.py:161} INFO - Started process (PID=6601) to work on /opt/airflow/dags/retail_etl_dag.py
[2026-06-25T00:05:30.835+0000] {processor.py:830} INFO - Processing file /opt/airflow/dags/retail_etl_dag.py for tasks to queue
[2026-06-25T00:05:30.838+0000] {logging_mixin.py:188} INFO - [2026-06-25T00:05:30.837+0000] {dagbag.py:545} INFO - Filling up the DagBag from /opt/airflow/dags/retail_etl_dag.py
[2026-06-25T00:05:31.477+0000] {processor.py:840} INFO - DAG(s) 'retail_etl_pipeline' retrieved from /opt/airflow/dags/retail_etl_dag.py
[2026-06-25T00:05:31.536+0000] {logging_mixin.py:188} INFO - [2026-06-25T00:05:31.536+0000] {dag.py:3089} INFO - Sync 1 DAGs
[2026-06-25T00:05:31.601+0000] {logging_mixin.py:188} INFO - [2026-06-25T00:05:31.600+0000] {dag.py:3947} INFO - Setting next_dagrun for retail_etl_pipeline to 2026-06-25 00:00:00+00:00, run_after=2026-06-25 00:05:00+00:00
[2026-06-25T00:05:31.649+0000] {processor.py:183} INFO - Processing /opt/airflow/dags/retail_etl_dag.py took 0.824 seconds
[2026-06-25T00:06:01.799+0000] {processor.py:161} INFO - Started process (PID=6607) to work on /opt/airflow/dags/retail_etl_dag.py
[2026-06-25T00:06:01.803+0000] {processor.py:830} INFO - Processing file /opt/airflow/dags/retail_etl_dag.py for tasks to queue
[2026-06-25T00:06:01.809+0000] {logging_mixin.py:188} INFO - [2026-06-25T00:06:01.808+0000] {dagbag.py:545} INFO - Filling up the DagBag from /opt/airflow/dags/retail_etl_dag.py
[2026-06-25T00:06:02.426+0000] {processor.py:840} INFO - DAG(s) 'retail_etl_pipeline' retrieved from /opt/airflow/dags/retail_etl_dag.py
[2026-06-25T00:06:02.458+0000] {logging_mixin.py:188} INFO - [2026-06-25T00:06:02.457+0000] {dag.py:3089} INFO - Sync 1 DAGs
[2026-06-25T00:06:02.494+0000] {logging_mixin.py:188} INFO - [2026-06-25T00:06:02.494+0000] {dag.py:3947} INFO - Setting next_dagrun for retail_etl_pipeline to 2026-06-25 00:00:00+00:00, run_after=2026-06-25 00:05:00+00:00
[2026-06-25T00:06:02.540+0000] {processor.py:183} INFO - Processing /opt/airflow/dags/retail_etl_dag.py took 0.757 seconds
[2026-06-25T00:06:32.967+0000] {processor.py:161} INFO - Started process (PID=6613) to work on /opt/airflow/dags/retail_etl_dag.py
[2026-06-25T00:06:32.971+0000] {processor.py:830} INFO - Processing file /opt/airflow/dags/retail_etl_dag.py for tasks to queue
[2026-06-25T00:06:32.977+0000] {logging_mixin.py:188} INFO - [2026-06-25T00:06:32.976+0000] {dagbag.py:545} INFO - Filling up the DagBag from /opt/airflow/dags/retail_etl_dag.py
[2026-06-25T00:06:33.605+0000] {processor.py:840} INFO - DAG(s) 'retail_etl_pipeline' retrieved from /opt/airflow/dags/retail_etl_dag.py
[2026-06-25T00:06:33.651+0000] {logging_mixin.py:188} INFO - [2026-06-25T00:06:33.651+0000] {dag.py:3089} INFO - Sync 1 DAGs
[2026-06-25T00:06:33.680+0000] {logging_mixin.py:188} INFO - [2026-06-25T00:06:33.680+0000] {dag.py:3947} INFO - Setting next_dagrun for retail_etl_pipeline to 2026-06-25 00:00:00+00:00, run_after=2026-06-25 00:05:00+00:00
[2026-06-25T00:06:33.704+0000] {processor.py:183} INFO - Processing /opt/airflow/dags/retail_etl_dag.py took 0.753 seconds
[2026-06-25T00:07:04.048+0000] {processor.py:161} INFO - Started process (PID=6619) to work on /opt/airflow/dags/retail_etl_dag.py
[2026-06-25T00:07:04.050+0000] {processor.py:830} INFO - Processing file /opt/airflow/dags/retail_etl_dag.py for tasks to queue
[2026-06-25T00:07:04.053+0000] {logging_mixin.py:188} INFO - [2026-06-25T00:07:04.053+0000] {dagbag.py:545} INFO - Filling up the DagBag from /opt/airflow/dags/retail_etl_dag.py
[2026-06-25T00:07:04.648+0000] {processor.py:840} INFO - DAG(s) 'retail_etl_pipeline' retrieved from /opt/airflow/dags/retail_etl_dag.py
[2026-06-25T00:07:04.679+0000] {logging_mixin.py:188} INFO - [2026-06-25T00:07:04.679+0000] {dag.py:3089} INFO - Sync 1 DAGs
[2026-06-25T00:07:04.707+0000] {logging_mixin.py:188} INFO - [2026-06-25T00:07:04.707+0000] {dag.py:3947} INFO - Setting next_dagrun for retail_etl_pipeline to 2026-06-25 00:00:00+00:00, run_after=2026-06-25 00:05:00+00:00
[2026-06-25T00:07:04.731+0000] {processor.py:183} INFO - Processing /opt/airflow/dags/retail_etl_dag.py took 0.703 seconds
[2026-06-25T00:07:35.071+0000] {processor.py:161} INFO - Started process (PID=6625) to work on /opt/airflow/dags/retail_etl_dag.py
[2026-06-25T00:07:35.075+0000] {processor.py:830} INFO - Processing file /opt/airflow/dags/retail_etl_dag.py for tasks to queue
[2026-06-25T00:07:35.083+0000] {logging_mixin.py:188} INFO - [2026-06-25T00:07:35.082+0000] {dagbag.py:545} INFO - Filling up the DagBag from /opt/airflow/dags/retail_etl_dag.py
[2026-06-25T00:07:35.718+0000] {processor.py:840} INFO - DAG(s) 'retail_etl_pipeline' retrieved from /opt/airflow/dags/retail_etl_dag.py
[2026-06-25T00:07:35.781+0000] {logging_mixin.py:188} INFO - [2026-06-25T00:07:35.781+0000] {dag.py:3089} INFO - Sync 1 DAGs
[2026-06-25T00:07:35.830+0000] {logging_mixin.py:188} INFO - [2026-06-25T00:07:35.829+0000] {dag.py:3947} INFO - Setting next_dagrun for retail_etl_pipeline to 2026-06-25 00:00:00+00:00, run_after=2026-06-25 00:05:00+00:00
[2026-06-25T00:07:35.876+0000] {processor.py:183} INFO - Processing /opt/airflow/dags/retail_etl_dag.py took 0.824 seconds
[2026-06-25T00:08:06.407+0000] {processor.py:161} INFO - Started process (PID=6631) to work on /opt/airflow/dags/retail_etl_dag.py
[2026-06-25T00:08:06.411+0000] {processor.py:830} INFO - Processing file /opt/airflow/dags/retail_etl_dag.py for tasks to queue
[2026-06-25T00:08:06.416+0000] {logging_mixin.py:188} INFO - [2026-06-25T00:08:06.416+0000] {dagbag.py:545} INFO - Filling up the DagBag from /opt/airflow/dags/retail_etl_dag.py
[2026-06-25T00:08:06.994+0000] {processor.py:840} INFO - DAG(s) 'retail_etl_pipeline' retrieved from /opt/airflow/dags/retail_etl_dag.py
[2026-06-25T00:08:07.031+0000] {logging_mixin.py:188} INFO - [2026-06-25T00:08:07.030+0000] {dag.py:3089} INFO - Sync 1 DAGs
[2026-06-25T00:08:07.055+0000] {logging_mixin.py:188} INFO - [2026-06-25T00:08:07.055+0000] {dag.py:3947} INFO - Setting next_dagrun for retail_etl_pipeline to 2026-06-25 00:00:00+00:00, run_after=2026-06-25 00:05:00+00:00
[2026-06-25T00:08:07.083+0000] {processor.py:183} INFO - Processing /opt/airflow/dags/retail_etl_dag.py took 0.691 seconds
[2026-06-25T00:08:37.561+0000] {processor.py:161} INFO - Started process (PID=6637) to work on /opt/airflow/dags/retail_etl_dag.py
[2026-06-25T00:08:37.567+0000] {processor.py:830} INFO - Processing file /opt/airflow/dags/retail_etl_dag.py for tasks to queue
[2026-06-25T00:08:37.575+0000] {logging_mixin.py:188} INFO - [2026-06-25T00:08:37.574+0000] {dagbag.py:545} INFO - Filling up the DagBag from /opt/airflow/dags/retail_etl_dag.py
[2026-06-25T00:08:38.231+0000] {processor.py:840} INFO - DAG(s) 'retail_etl_pipeline' retrieved from /opt/airflow/dags/retail_etl_dag.py
[2026-06-25T00:08:38.268+0000] {logging_mixin.py:188} INFO - [2026-06-25T00:08:38.267+0000] {dag.py:3089} INFO - Sync 1 DAGs
[2026-06-25T00:08:38.295+0000] {logging_mixin.py:188} INFO - [2026-06-25T00:08:38.294+0000] {dag.py:3947} INFO - Setting next_dagrun for retail_etl_pipeline to 2026-06-25 00:00:00+00:00, run_after=2026-06-25 00:05:00+00:00
[2026-06-25T00:08:38.337+0000] {processor.py:183} INFO - Processing /opt/airflow/dags/retail_etl_dag.py took 0.796 seconds
[2026-06-25T00:09:08.945+0000] {processor.py:161} INFO - Started process (PID=6643) to work on /opt/airflow/dags/retail_etl_dag.py
[2026-06-25T00:09:08.948+0000] {processor.py:830} INFO - Processing file /opt/airflow/dags/retail_etl_dag.py for tasks to queue
[2026-06-25T00:09:08.951+0000] {logging_mixin.py:188} INFO - [2026-06-25T00:09:08.951+0000] {dagbag.py:545} INFO - Filling up the DagBag from /opt/airflow/dags/retail_etl_dag.py
[2026-06-25T00:09:09.535+0000] {processor.py:840} INFO - DAG(s) 'retail_etl_pipeline' retrieved from /opt/airflow/dags/retail_etl_dag.py
[2026-06-25T00:09:09.574+0000] {logging_mixin.py:188} INFO - [2026-06-25T00:09:09.574+0000] {dag.py:3089} INFO - Sync 1 DAGs
[2026-06-25T00:09:09.612+0000] {logging_mixin.py:188} INFO - [2026-06-25T00:09:09.612+0000] {dag.py:3947} INFO - Setting next_dagrun for retail_etl_pipeline to 2026-06-25 00:00:00+00:00, run_after=2026-06-25 00:05:00+00:00
[2026-06-25T00:09:09.652+0000] {processor.py:183} INFO - Processing /opt/airflow/dags/retail_etl_dag.py took 0.722 seconds
[2026-06-25T00:09:39.927+0000] {processor.py:161} INFO - Started process (PID=6649) to work on /opt/airflow/dags/retail_etl_dag.py
[2026-06-25T00:09:39.929+0000] {processor.py:830} INFO - Processing file /opt/airflow/dags/retail_etl_dag.py for tasks to queue
[2026-06-25T00:09:39.932+0000] {logging_mixin.py:188} INFO - [2026-06-25T00:09:39.931+0000] {dagbag.py:545} INFO - Filling up the DagBag from /opt/airflow/dags/retail_etl_dag.py
[2026-06-25T00:09:40.531+0000] {processor.py:840} INFO - DAG(s) 'retail_etl_pipeline' retrieved from /opt/airflow/dags/retail_etl_dag.py
[2026-06-25T00:09:40.566+0000] {logging_mixin.py:188} INFO - [2026-06-25T00:09:40.565+0000] {dag.py:3089} INFO - Sync 1 DAGs
[2026-06-25T00:09:40.594+0000] {logging_mixin.py:188} INFO - [2026-06-25T00:09:40.594+0000] {dag.py:3947} INFO - Setting next_dagrun for retail_etl_pipeline to 2026-06-25 00:00:00+00:00, run_after=2026-06-25 00:05:00+00:00
[2026-06-25T00:09:40.638+0000] {processor.py:183} INFO - Processing /opt/airflow/dags/retail_etl_dag.py took 0.719 seconds
[2026-06-25T00:10:11.107+0000] {processor.py:161} INFO - Started process (PID=6655) to work on /opt/airflow/dags/retail_etl_dag.py
[2026-06-25T00:10:11.109+0000] {processor.py:830} INFO - Processing file /opt/airflow/dags/retail_etl_dag.py for tasks to queue
[2026-06-25T00:10:11.112+0000] {logging_mixin.py:188} INFO - [2026-06-25T00:10:11.111+0000] {dagbag.py:545} INFO - Filling up the DagBag from /opt/airflow/dags/retail_etl_dag.py
[2026-06-25T00:10:11.671+0000] {processor.py:840} INFO - DAG(s) 'retail_etl_pipeline' retrieved from /opt/airflow/dags/retail_etl_dag.py
[2026-06-25T00:10:11.704+0000] {logging_mixin.py:188} INFO - [2026-06-25T00:10:11.704+0000] {dag.py:3089} INFO - Sync 1 DAGs
[2026-06-25T00:10:11.738+0000] {logging_mixin.py:188} INFO - [2026-06-25T00:10:11.737+0000] {dag.py:3947} INFO - Setting next_dagrun for retail_etl_pipeline to 2026-06-25 00:05:00+00:00, run_after=2026-06-25 00:10:00+00:00
[2026-06-25T00:10:11.784+0000] {processor.py:183} INFO - Processing /opt/airflow/dags/retail_etl_dag.py took 0.685 seconds
[2026-06-25T00:10:41.965+0000] {processor.py:161} INFO - Started process (PID=6661) to work on /opt/airflow/dags/retail_etl_dag.py
[2026-06-25T00:10:41.968+0000] {processor.py:830} INFO - Processing file /opt/airflow/dags/retail_etl_dag.py for tasks to queue
[2026-06-25T00:10:41.972+0000] {logging_mixin.py:188} INFO - [2026-06-25T00:10:41.971+0000] {dagbag.py:545} INFO - Filling up the DagBag from /opt/airflow/dags/retail_etl_dag.py
[2026-06-25T00:10:42.588+0000] {processor.py:840} INFO - DAG(s) 'retail_etl_pipeline' retrieved from /opt/airflow/dags/retail_etl_dag.py
[2026-06-25T00:10:42.632+0000] {logging_mixin.py:188} INFO - [2026-06-25T00:10:42.631+0000] {dag.py:3089} INFO - Sync 1 DAGs
[2026-06-25T00:10:42.687+0000] {logging_mixin.py:188} INFO - [2026-06-25T00:10:42.686+0000] {dag.py:3947} INFO - Setting next_dagrun for retail_etl_pipeline to 2026-06-25 00:05:00+00:00, run_after=2026-06-25 00:10:00+00:00
[2026-06-25T00:10:42.721+0000] {processor.py:183} INFO - Processing /opt/airflow/dags/retail_etl_dag.py took 0.767 seconds
[2026-06-25T00:11:13.164+0000] {processor.py:161} INFO - Started process (PID=6667) to work on /opt/airflow/dags/retail_etl_dag.py
[2026-06-25T00:11:13.166+0000] {processor.py:830} INFO - Processing file /opt/airflow/dags/retail_etl_dag.py for tasks to queue
[2026-06-25T00:11:13.170+0000] {logging_mixin.py:188} INFO - [2026-06-25T00:11:13.170+0000] {dagbag.py:545} INFO - Filling up the DagBag from /opt/airflow/dags/retail_etl_dag.py
[2026-06-25T00:11:13.821+0000] {processor.py:840} INFO - DAG(s) 'retail_etl_pipeline' retrieved from /opt/airflow/dags/retail_etl_dag.py
[2026-06-25T00:11:13.854+0000] {logging_mixin.py:188} INFO - [2026-06-25T00:11:13.853+0000] {dag.py:3089} INFO - Sync 1 DAGs
[2026-06-25T00:11:13.883+0000] {logging_mixin.py:188} INFO - [2026-06-25T00:11:13.883+0000] {dag.py:3947} INFO - Setting next_dagrun for retail_etl_pipeline to 2026-06-25 00:05:00+00:00, run_after=2026-06-25 00:10:00+00:00
[2026-06-25T00:11:13.910+0000] {processor.py:183} INFO - Processing /opt/airflow/dags/retail_etl_dag.py took 0.755 seconds
[2026-06-25T00:11:44.323+0000] {processor.py:161} INFO - Started process (PID=6673) to work on /opt/airflow/dags/retail_etl_dag.py
[2026-06-25T00:11:44.326+0000] {processor.py:830} INFO - Processing file /opt/airflow/dags/retail_etl_dag.py for tasks to queue
[2026-06-25T00:11:44.329+0000] {logging_mixin.py:188} INFO - [2026-06-25T00:11:44.329+0000] {dagbag.py:545} INFO - Filling up the DagBag from /opt/airflow/dags/retail_etl_dag.py
[2026-06-25T00:11:45.025+0000] {processor.py:840} INFO - DAG(s) 'retail_etl_pipeline' retrieved from /opt/airflow/dags/retail_etl_dag.py
[2026-06-25T00:11:45.086+0000] {logging_mixin.py:188} INFO - [2026-06-25T00:11:45.085+0000] {dag.py:3089} INFO - Sync 1 DAGs
[2026-06-25T00:11:45.117+0000] {logging_mixin.py:188} INFO - [2026-06-25T00:11:45.117+0000] {dag.py:3947} INFO - Setting next_dagrun for retail_etl_pipeline to 2026-06-25 00:05:00+00:00, run_after=2026-06-25 00:10:00+00:00
[2026-06-25T00:11:45.148+0000] {processor.py:183} INFO - Processing /opt/airflow/dags/retail_etl_dag.py took 0.833 seconds
[2026-06-25T00:12:15.514+0000] {processor.py:161} INFO - Started process (PID=6679) to work on /opt/airflow/dags/retail_etl_dag.py
[2026-06-25T00:12:15.516+0000] {processor.py:830} INFO - Processing file /opt/airflow/dags/retail_etl_dag.py for tasks to queue
[2026-06-25T00:12:15.520+0000] {logging_mixin.py:188} INFO - [2026-06-25T00:12:15.519+0000] {dagbag.py:545} INFO - Filling up the DagBag from /opt/airflow/dags/retail_etl_dag.py
[2026-06-25T00:12:16.169+0000] {processor.py:840} INFO - DAG(s) 'retail_etl_pipeline' retrieved from /opt/airflow/dags/retail_etl_dag.py
[2026-06-25T00:12:16.202+0000] {logging_mixin.py:188} INFO - [2026-06-25T00:12:16.202+0000] {dag.py:3089} INFO - Sync 1 DAGs
[2026-06-25T00:12:16.255+0000] {logging_mixin.py:188} INFO - [2026-06-25T00:12:16.254+0000] {dag.py:3947} INFO - Setting next_dagrun for retail_etl_pipeline to 2026-06-25 00:05:00+00:00, run_after=2026-06-25 00:10:00+00:00
[2026-06-25T00:12:16.306+0000] {processor.py:183} INFO - Processing /opt/airflow/dags/retail_etl_dag.py took 0.801 seconds
[2026-06-25T00:12:46.574+0000] {processor.py:161} INFO - Started process (PID=6685) to work on /opt/airflow/dags/retail_etl_dag.py
[2026-06-25T00:12:46.577+0000] {processor.py:830} INFO - Processing file /opt/airflow/dags/retail_etl_dag.py for tasks to queue
[2026-06-25T00:12:46.582+0000] {logging_mixin.py:188} INFO - [2026-06-25T00:12:46.581+0000] {dagbag.py:545} INFO - Filling up the DagBag from /opt/airflow/dags/retail_etl_dag.py
[2026-06-25T00:12:47.226+0000] {processor.py:840} INFO - DAG(s) 'retail_etl_pipeline' retrieved from /opt/airflow/dags/retail_etl_dag.py
[2026-06-25T00:12:47.259+0000] {logging_mixin.py:188} INFO - [2026-06-25T00:12:47.259+0000] {dag.py:3089} INFO - Sync 1 DAGs
[2026-06-25T00:12:47.285+0000] {logging_mixin.py:188} INFO - [2026-06-25T00:12:47.285+0000] {dag.py:3947} INFO - Setting next_dagrun for retail_etl_pipeline to 2026-06-25 00:05:00+00:00, run_after=2026-06-25 00:10:00+00:00
[2026-06-25T00:12:47.327+0000] {processor.py:183} INFO - Processing /opt/airflow/dags/retail_etl_dag.py took 0.770 seconds
[2026-06-25T00:13:17.763+0000] {processor.py:161} INFO - Started process (PID=6691) to work on /opt/airflow/dags/retail_etl_dag.py
[2026-06-25T00:13:17.765+0000] {processor.py:830} INFO - Processing file /opt/airflow/dags/retail_etl_dag.py for tasks to queue
[2026-06-25T00:13:17.771+0000] {logging_mixin.py:188} INFO - [2026-06-25T00:13:17.770+0000] {dagbag.py:545} INFO - Filling up the DagBag from /opt/airflow/dags/retail_etl_dag.py
[2026-06-25T00:13:18.432+0000] {processor.py:840} INFO - DAG(s) 'retail_etl_pipeline' retrieved from /opt/airflow/dags/retail_etl_dag.py
[2026-06-25T00:13:18.464+0000] {logging_mixin.py:188} INFO - [2026-06-25T00:13:18.464+0000] {dag.py:3089} INFO - Sync 1 DAGs
[2026-06-25T00:13:18.489+0000] {logging_mixin.py:188} INFO - [2026-06-25T00:13:18.489+0000] {dag.py:3947} INFO - Setting next_dagrun for retail_etl_pipeline to 2026-06-25 00:05:00+00:00, run_after=2026-06-25 00:10:00+00:00
[2026-06-25T00:13:18.521+0000] {processor.py:183} INFO - Processing /opt/airflow/dags/retail_etl_dag.py took 0.768 seconds
[2026-06-25T00:13:48.997+0000] {processor.py:161} INFO - Started process (PID=6697) to work on /opt/airflow/dags/retail_etl_dag.py
[2026-06-25T00:13:49.000+0000] {processor.py:830} INFO - Processing file /opt/airflow/dags/retail_etl_dag.py for tasks to queue
[2026-06-25T00:13:49.005+0000] {logging_mixin.py:188} INFO - [2026-06-25T00:13:49.005+0000] {dagbag.py:545} INFO - Filling up the DagBag from /opt/airflow/dags/retail_etl_dag.py
[2026-06-25T00:13:49.625+0000] {processor.py:840} INFO - DAG(s) 'retail_etl_pipeline' retrieved from /opt/airflow/dags/retail_etl_dag.py
[2026-06-25T00:13:49.657+0000] {logging_mixin.py:188} INFO - [2026-06-25T00:13:49.656+0000] {dag.py:3089} INFO - Sync 1 DAGs
[2026-06-25T00:13:49.684+0000] {logging_mixin.py:188} INFO - [2026-06-25T00:13:49.684+0000] {dag.py:3947} INFO - Setting next_dagrun for retail_etl_pipeline to 2026-06-25 00:05:00+00:00, run_after=2026-06-25 00:10:00+00:00
[2026-06-25T00:13:49.708+0000] {processor.py:183} INFO - Processing /opt/airflow/dags/retail_etl_dag.py took 0.723 seconds
[2026-06-25T00:14:20.233+0000] {processor.py:161} INFO - Started process (PID=6703) to work on /opt/airflow/dags/retail_etl_dag.py
[2026-06-25T00:14:20.235+0000] {processor.py:830} INFO - Processing file /opt/airflow/dags/retail_etl_dag.py for tasks to queue
[2026-06-25T00:14:20.239+0000] {logging_mixin.py:188} INFO - [2026-06-25T00:14:20.239+0000] {dagbag.py:545} INFO - Filling up the DagBag from /opt/airflow/dags/retail_etl_dag.py
[2026-06-25T00:14:20.842+0000] {processor.py:840} INFO - DAG(s) 'retail_etl_pipeline' retrieved from /opt/airflow/dags/retail_etl_dag.py
[2026-06-25T00:14:20.874+0000] {logging_mixin.py:188} INFO - [2026-06-25T00:14:20.873+0000] {dag.py:3089} INFO - Sync 1 DAGs
[2026-06-25T00:14:20.902+0000] {logging_mixin.py:188} INFO - [2026-06-25T00:14:20.902+0000] {dag.py:3947} INFO - Setting next_dagrun for retail_etl_pipeline to 2026-06-25 00:05:00+00:00, run_after=2026-06-25 00:10:00+00:00
[2026-06-25T00:14:20.934+0000] {processor.py:183} INFO - Processing /opt/airflow/dags/retail_etl_dag.py took 0.711 seconds
[2026-06-25T00:14:51.442+0000] {processor.py:161} INFO - Started process (PID=6709) to work on /opt/airflow/dags/retail_etl_dag.py
[2026-06-25T00:14:51.445+0000] {processor.py:830} INFO - Processing file /opt/airflow/dags/retail_etl_dag.py for tasks to queue
[2026-06-25T00:14:51.449+0000] {logging_mixin.py:188} INFO - [2026-06-25T00:14:51.449+0000] {dagbag.py:545} INFO - Filling up the DagBag from /opt/airflow/dags/retail_etl_dag.py
[2026-06-25T00:14:52.068+0000] {processor.py:840} INFO - DAG(s) 'retail_etl_pipeline' retrieved from /opt/airflow/dags/retail_etl_dag.py
[2026-06-25T00:14:52.105+0000] {logging_mixin.py:188} INFO - [2026-06-25T00:14:52.105+0000] {dag.py:3089} INFO - Sync 1 DAGs
[2026-06-25T00:14:52.139+0000] {logging_mixin.py:188} INFO - [2026-06-25T00:14:52.139+0000] {dag.py:3947} INFO - Setting next_dagrun for retail_etl_pipeline to 2026-06-25 00:05:00+00:00, run_after=2026-06-25 00:10:00+00:00
[2026-06-25T00:14:52.183+0000] {processor.py:183} INFO - Processing /opt/airflow/dags/retail_etl_dag.py took 0.750 seconds
[2026-06-25T00:15:22.350+0000] {processor.py:161} INFO - Started process (PID=6715) to work on /opt/airflow/dags/retail_etl_dag.py
[2026-06-25T00:15:22.352+0000] {processor.py:830} INFO - Processing file /opt/airflow/dags/retail_etl_dag.py for tasks to queue
[2026-06-25T00:15:22.355+0000] {logging_mixin.py:188} INFO - [2026-06-25T00:15:22.355+0000] {dagbag.py:545} INFO - Filling up the DagBag from /opt/airflow/dags/retail_etl_dag.py
[2026-06-25T00:15:23.007+0000] {processor.py:840} INFO - DAG(s) 'retail_etl_pipeline' retrieved from /opt/airflow/dags/retail_etl_dag.py
[2026-06-25T00:15:23.039+0000] {logging_mixin.py:188} INFO - [2026-06-25T00:15:23.039+0000] {dag.py:3089} INFO - Sync 1 DAGs
[2026-06-25T00:15:23.074+0000] {logging_mixin.py:188} INFO - [2026-06-25T00:15:23.073+0000] {dag.py:3947} INFO - Setting next_dagrun for retail_etl_pipeline to 2026-06-25 00:10:00+00:00, run_after=2026-06-25 00:15:00+00:00
[2026-06-25T00:15:23.115+0000] {processor.py:183} INFO - Processing /opt/airflow/dags/retail_etl_dag.py took 0.773 seconds
[2026-06-25T00:15:53.477+0000] {processor.py:161} INFO - Started process (PID=6721) to work on /opt/airflow/dags/retail_etl_dag.py
[2026-06-25T00:15:53.479+0000] {processor.py:830} INFO - Processing file /opt/airflow/dags/retail_etl_dag.py for tasks to queue
[2026-06-25T00:15:53.484+0000] {logging_mixin.py:188} INFO - [2026-06-25T00:15:53.482+0000] {dagbag.py:545} INFO - Filling up the DagBag from /opt/airflow/dags/retail_etl_dag.py
[2026-06-25T00:15:54.076+0000] {processor.py:840} INFO - DAG(s) 'retail_etl_pipeline' retrieved from /opt/airflow/dags/retail_etl_dag.py
[2026-06-25T00:15:54.113+0000] {logging_mixin.py:188} INFO - [2026-06-25T00:15:54.112+0000] {dag.py:3089} INFO - Sync 1 DAGs
[2026-06-25T00:15:54.147+0000] {logging_mixin.py:188} INFO - [2026-06-25T00:15:54.146+0000] {dag.py:3947} INFO - Setting next_dagrun for retail_etl_pipeline to 2026-06-25 00:10:00+00:00, run_after=2026-06-25 00:15:00+00:00
[2026-06-25T00:15:54.182+0000] {processor.py:183} INFO - Processing /opt/airflow/dags/retail_etl_dag.py took 0.714 seconds
[2026-06-25T00:16:24.573+0000] {processor.py:161} INFO - Started process (PID=6727) to work on /opt/airflow/dags/retail_etl_dag.py
[2026-06-25T00:16:24.575+0000] {processor.py:830} INFO - Processing file /opt/airflow/dags/retail_etl_dag.py for tasks to queue
[2026-06-25T00:16:24.579+0000] {logging_mixin.py:188} INFO - [2026-06-25T00:16:24.579+0000] {dagbag.py:545} INFO - Filling up the DagBag from /opt/airflow/dags/retail_etl_dag.py
[2026-06-25T00:16:25.233+0000] {processor.py:840} INFO - DAG(s) 'retail_etl_pipeline' retrieved from /opt/airflow/dags/retail_etl_dag.py
[2026-06-25T00:16:25.264+0000] {logging_mixin.py:188} INFO - [2026-06-25T00:16:25.263+0000] {dag.py:3089} INFO - Sync 1 DAGs
[2026-06-25T00:16:25.295+0000] {logging_mixin.py:188} INFO - [2026-06-25T00:16:25.294+0000] {dag.py:3947} INFO - Setting next_dagrun for retail_etl_pipeline to 2026-06-25 00:10:00+00:00, run_after=2026-06-25 00:15:00+00:00
[2026-06-25T00:16:25.344+0000] {processor.py:183} INFO - Processing /opt/airflow/dags/retail_etl_dag.py took 0.780 seconds
[2026-06-25T00:16:55.736+0000] {processor.py:161} INFO - Started process (PID=6733) to work on /opt/airflow/dags/retail_etl_dag.py
[2026-06-25T00:16:55.739+0000] {processor.py:830} INFO - Processing file /opt/airflow/dags/retail_etl_dag.py for tasks to queue
[2026-06-25T00:16:55.743+0000] {logging_mixin.py:188} INFO - [2026-06-25T00:16:55.742+0000] {dagbag.py:545} INFO - Filling up the DagBag from /opt/airflow/dags/retail_etl_dag.py
[2026-06-25T00:16:56.328+0000] {processor.py:840} INFO - DAG(s) 'retail_etl_pipeline' retrieved from /opt/airflow/dags/retail_etl_dag.py
[2026-06-25T00:16:56.364+0000] {logging_mixin.py:188} INFO - [2026-06-25T00:16:56.363+0000] {dag.py:3089} INFO - Sync 1 DAGs
[2026-06-25T00:16:56.391+0000] {logging_mixin.py:188} INFO - [2026-06-25T00:16:56.390+0000] {dag.py:3947} INFO - Setting next_dagrun for retail_etl_pipeline to 2026-06-25 00:10:00+00:00, run_after=2026-06-25 00:15:00+00:00
[2026-06-25T00:16:56.426+0000] {processor.py:183} INFO - Processing /opt/airflow/dags/retail_etl_dag.py took 0.699 seconds
[2026-06-25T00:17:26.832+0000] {processor.py:161} INFO - Started process (PID=6739) to work on /opt/airflow/dags/retail_etl_dag.py
[2026-06-25T00:17:26.834+0000] {processor.py:830} INFO - Processing file /opt/airflow/dags/retail_etl_dag.py for tasks to queue
[2026-06-25T00:17:26.837+0000] {logging_mixin.py:188} INFO - [2026-06-25T00:17:26.837+0000] {dagbag.py:545} INFO - Filling up the DagBag from /opt/airflow/dags/retail_etl_dag.py
[2026-06-25T00:17:27.454+0000] {processor.py:840} INFO - DAG(s) 'retail_etl_pipeline' retrieved from /opt/airflow/dags/retail_etl_dag.py
[2026-06-25T00:17:27.506+0000] {logging_mixin.py:188} INFO - [2026-06-25T00:17:27.506+0000] {dag.py:3089} INFO - Sync 1 DAGs
[2026-06-25T00:17:27.533+0000] {logging_mixin.py:188} INFO - [2026-06-25T00:17:27.533+0000] {dag.py:3947} INFO - Setting next_dagrun for retail_etl_pipeline to 2026-06-25 00:10:00+00:00, run_after=2026-06-25 00:15:00+00:00
[2026-06-25T00:17:27.567+0000] {processor.py:183} INFO - Processing /opt/airflow/dags/retail_etl_dag.py took 0.744 seconds
[2026-06-25T00:17:58.019+0000] {processor.py:161} INFO - Started process (PID=6745) to work on /opt/airflow/dags/retail_etl_dag.py
[2026-06-25T00:17:58.023+0000] {processor.py:830} INFO - Processing file /opt/airflow/dags/retail_etl_dag.py for tasks to queue
[2026-06-25T00:17:58.028+0000] {logging_mixin.py:188} INFO - [2026-06-25T00:17:58.027+0000] {dagbag.py:545} INFO - Filling up the DagBag from /opt/airflow/dags/retail_etl_dag.py
[2026-06-25T00:17:58.687+0000] {processor.py:840} INFO - DAG(s) 'retail_etl_pipeline' retrieved from /opt/airflow/dags/retail_etl_dag.py
[2026-06-25T00:17:58.715+0000] {logging_mixin.py:188} INFO - [2026-06-25T00:17:58.715+0000] {dag.py:3089} INFO - Sync 1 DAGs
[2026-06-25T00:17:58.740+0000] {logging_mixin.py:188} INFO - [2026-06-25T00:17:58.740+0000] {dag.py:3947} INFO - Setting next_dagrun for retail_etl_pipeline to 2026-06-25 00:10:00+00:00, run_after=2026-06-25 00:15:00+00:00
[2026-06-25T00:17:58.778+0000] {processor.py:183} INFO - Processing /opt/airflow/dags/retail_etl_dag.py took 0.773 seconds
[2026-06-25T00:18:29.185+0000] {processor.py:161} INFO - Started process (PID=6751) to work on /opt/airflow/dags/retail_etl_dag.py
[2026-06-25T00:18:29.188+0000] {processor.py:830} INFO - Processing file /opt/airflow/dags/retail_etl_dag.py for tasks to queue
[2026-06-25T00:18:29.192+0000] {logging_mixin.py:188} INFO - [2026-06-25T00:18:29.192+0000] {dagbag.py:545} INFO - Filling up the DagBag from /opt/airflow/dags/retail_etl_dag.py
[2026-06-25T00:18:29.817+0000] {processor.py:840} INFO - DAG(s) 'retail_etl_pipeline' retrieved from /opt/airflow/dags/retail_etl_dag.py
[2026-06-25T00:18:29.868+0000] {logging_mixin.py:188} INFO - [2026-06-25T00:18:29.868+0000] {dag.py:3089} INFO - Sync 1 DAGs
[2026-06-25T00:18:29.920+0000] {logging_mixin.py:188} INFO - [2026-06-25T00:18:29.919+0000] {dag.py:3947} INFO - Setting next_dagrun for retail_etl_pipeline to 2026-06-25 00:10:00+00:00, run_after=2026-06-25 00:15:00+00:00
[2026-06-25T00:18:29.956+0000] {processor.py:183} INFO - Processing /opt/airflow/dags/retail_etl_dag.py took 0.779 seconds
[2026-06-25T00:19:00.109+0000] {processor.py:161} INFO - Started process (PID=6757) to work on /opt/airflow/dags/retail_etl_dag.py
[2026-06-25T00:19:00.111+0000] {processor.py:830} INFO - Processing file /opt/airflow/dags/retail_etl_dag.py for tasks to queue
[2026-06-25T00:19:00.115+0000] {logging_mixin.py:188} INFO - [2026-06-25T00:19:00.114+0000] {dagbag.py:545} INFO - Filling up the DagBag from /opt/airflow/dags/retail_etl_dag.py
[2026-06-25T00:19:00.800+0000] {processor.py:840} INFO - DAG(s) 'retail_etl_pipeline' retrieved from /opt/airflow/dags/retail_etl_dag.py
[2026-06-25T00:19:00.850+0000] {logging_mixin.py:188} INFO - [2026-06-25T00:19:00.850+0000] {dag.py:3089} INFO - Sync 1 DAGs
[2026-06-25T00:19:00.892+0000] {logging_mixin.py:188} INFO - [2026-06-25T00:19:00.891+0000] {dag.py:3947} INFO - Setting next_dagrun for retail_etl_pipeline to 2026-06-25 00:10:00+00:00, run_after=2026-06-25 00:15:00+00:00
[2026-06-25T00:19:00.924+0000] {processor.py:183} INFO - Processing /opt/airflow/dags/retail_etl_dag.py took 0.825 seconds
[2026-06-25T00:19:31.431+0000] {processor.py:161} INFO - Started process (PID=6763) to work on /opt/airflow/dags/retail_etl_dag.py
[2026-06-25T00:19:31.434+0000] {processor.py:830} INFO - Processing file /opt/airflow/dags/retail_etl_dag.py for tasks to queue
[2026-06-25T00:19:31.437+0000] {logging_mixin.py:188} INFO - [2026-06-25T00:19:31.437+0000] {dagbag.py:545} INFO - Filling up the DagBag from /opt/airflow/dags/retail_etl_dag.py
[2026-06-25T00:19:32.002+0000] {processor.py:840} INFO - DAG(s) 'retail_etl_pipeline' retrieved from /opt/airflow/dags/retail_etl_dag.py
[2026-06-25T00:19:32.039+0000] {logging_mixin.py:188} INFO - [2026-06-25T00:19:32.038+0000] {dag.py:3089} INFO - Sync 1 DAGs
[2026-06-25T00:19:32.070+0000] {logging_mixin.py:188} INFO - [2026-06-25T00:19:32.070+0000] {dag.py:3947} INFO - Setting next_dagrun for retail_etl_pipeline to 2026-06-25 00:10:00+00:00, run_after=2026-06-25 00:15:00+00:00
[2026-06-25T00:19:32.103+0000] {processor.py:183} INFO - Processing /opt/airflow/dags/retail_etl_dag.py took 0.679 seconds
[2026-06-25T00:20:02.464+0000] {processor.py:161} INFO - Started process (PID=6769) to work on /opt/airflow/dags/retail_etl_dag.py
[2026-06-25T00:20:02.466+0000] {processor.py:830} INFO - Processing file /opt/airflow/dags/retail_etl_dag.py for tasks to queue
[2026-06-25T00:20:02.470+0000] {logging_mixin.py:188} INFO - [2026-06-25T00:20:02.469+0000] {dagbag.py:545} INFO - Filling up the DagBag from /opt/airflow/dags/retail_etl_dag.py
[2026-06-25T00:20:03.154+0000] {processor.py:840} INFO - DAG(s) 'retail_etl_pipeline' retrieved from /opt/airflow/dags/retail_etl_dag.py
[2026-06-25T00:20:03.188+0000] {logging_mixin.py:188} INFO - [2026-06-25T00:20:03.188+0000] {dag.py:3089} INFO - Sync 1 DAGs
[2026-06-25T00:20:03.217+0000] {logging_mixin.py:188} INFO - [2026-06-25T00:20:03.217+0000] {dag.py:3947} INFO - Setting next_dagrun for retail_etl_pipeline to 2026-06-25 00:15:00+00:00, run_after=2026-06-25 00:20:00+00:00
[2026-06-25T00:20:03.244+0000] {processor.py:183} INFO - Processing /opt/airflow/dags/retail_etl_dag.py took 0.791 seconds
[2026-06-25T00:20:33.496+0000] {processor.py:161} INFO - Started process (PID=6775) to work on /opt/airflow/dags/retail_etl_dag.py
[2026-06-25T00:20:33.498+0000] {processor.py:830} INFO - Processing file /opt/airflow/dags/retail_etl_dag.py for tasks to queue
[2026-06-25T00:20:33.502+0000] {logging_mixin.py:188} INFO - [2026-06-25T00:20:33.501+0000] {dagbag.py:545} INFO - Filling up the DagBag from /opt/airflow/dags/retail_etl_dag.py
[2026-06-25T00:20:34.066+0000] {processor.py:840} INFO - DAG(s) 'retail_etl_pipeline' retrieved from /opt/airflow/dags/retail_etl_dag.py
[2026-06-25T00:20:34.104+0000] {logging_mixin.py:188} INFO - [2026-06-25T00:20:34.104+0000] {dag.py:3089} INFO - Sync 1 DAGs
[2026-06-25T00:20:34.134+0000] {logging_mixin.py:188} INFO - [2026-06-25T00:20:34.133+0000] {dag.py:3947} INFO - Setting next_dagrun for retail_etl_pipeline to 2026-06-25 00:15:00+00:00, run_after=2026-06-25 00:20:00+00:00
[2026-06-25T00:20:34.168+0000] {processor.py:183} INFO - Processing /opt/airflow/dags/retail_etl_dag.py took 0.686 seconds
[2026-06-25T00:21:04.532+0000] {processor.py:161} INFO - Started process (PID=6781) to work on /opt/airflow/dags/retail_etl_dag.py
[2026-06-25T00:21:04.535+0000] {processor.py:830} INFO - Processing file /opt/airflow/dags/retail_etl_dag.py for tasks to queue
[2026-06-25T00:21:04.541+0000] {logging_mixin.py:188} INFO - [2026-06-25T00:21:04.540+0000] {dagbag.py:545} INFO - Filling up the DagBag from /opt/airflow/dags/retail_etl_dag.py
[2026-06-25T00:21:05.196+0000] {processor.py:840} INFO - DAG(s) 'retail_etl_pipeline' retrieved from /opt/airflow/dags/retail_etl_dag.py
[2026-06-25T00:21:05.249+0000] {logging_mixin.py:188} INFO - [2026-06-25T00:21:05.249+0000] {dag.py:3089} INFO - Sync 1 DAGs
[2026-06-25T00:21:05.300+0000] {logging_mixin.py:188} INFO - [2026-06-25T00:21:05.300+0000] {dag.py:3947} INFO - Setting next_dagrun for retail_etl_pipeline to 2026-06-25 00:15:00+00:00, run_after=2026-06-25 00:20:00+00:00
[2026-06-25T00:21:05.335+0000] {processor.py:183} INFO - Processing /opt/airflow/dags/retail_etl_dag.py took 0.820 seconds
[2026-06-25T00:21:36.029+0000] {processor.py:161} INFO - Started process (PID=6787) to work on /opt/airflow/dags/retail_etl_dag.py
[2026-06-25T00:21:36.031+0000] {processor.py:830} INFO - Processing file /opt/airflow/dags/retail_etl_dag.py for tasks to queue
[2026-06-25T00:21:36.035+0000] {logging_mixin.py:188} INFO - [2026-06-25T00:21:36.034+0000] {dagbag.py:545} INFO - Filling up the DagBag from /opt/airflow/dags/retail_etl_dag.py
[2026-06-25T00:21:36.704+0000] {processor.py:840} INFO - DAG(s) 'retail_etl_pipeline' retrieved from /opt/airflow/dags/retail_etl_dag.py
[2026-06-25T00:21:36.736+0000] {logging_mixin.py:188} INFO - [2026-06-25T00:21:36.735+0000] {dag.py:3089} INFO - Sync 1 DAGs
[2026-06-25T00:21:36.762+0000] {logging_mixin.py:188} INFO - [2026-06-25T00:21:36.762+0000] {dag.py:3947} INFO - Setting next_dagrun for retail_etl_pipeline to 2026-06-25 00:15:00+00:00, run_after=2026-06-25 00:20:00+00:00
[2026-06-25T00:21:36.791+0000] {processor.py:183} INFO - Processing /opt/airflow/dags/retail_etl_dag.py took 0.775 seconds
[2026-06-25T21:38:14.358+0000] {processor.py:161} INFO - Started process (PID=189) to work on /opt/airflow/dags/retail_etl_dag.py
[2026-06-25T21:38:14.361+0000] {processor.py:830} INFO - Processing file /opt/airflow/dags/retail_etl_dag.py for tasks to queue
[2026-06-25T21:38:14.367+0000] {logging_mixin.py:188} INFO - [2026-06-25T21:38:14.366+0000] {dagbag.py:545} INFO - Filling up the DagBag from /opt/airflow/dags/retail_etl_dag.py
[2026-06-25T21:38:16.353+0000] {processor.py:840} INFO - DAG(s) 'retail_etl_pipeline' retrieved from /opt/airflow/dags/retail_etl_dag.py
[2026-06-25T21:38:16.550+0000] {logging_mixin.py:188} INFO - [2026-06-25T21:38:16.549+0000] {dag.py:3089} INFO - Sync 1 DAGs
[2026-06-25T21:38:16.633+0000] {logging_mixin.py:188} INFO - [2026-06-25T21:38:16.633+0000] {dag.py:3947} INFO - Setting next_dagrun for retail_etl_pipeline to 2026-06-25 21:30:00+00:00, run_after=2026-06-25 21:35:00+00:00
[2026-06-25T21:38:16.669+0000] {processor.py:183} INFO - Processing /opt/airflow/dags/retail_etl_dag.py took 2.322 seconds
[2026-06-25T21:38:46.886+0000] {processor.py:161} INFO - Started process (PID=195) to work on /opt/airflow/dags/retail_etl_dag.py
[2026-06-25T21:38:46.889+0000] {processor.py:830} INFO - Processing file /opt/airflow/dags/retail_etl_dag.py for tasks to queue
[2026-06-25T21:38:46.893+0000] {logging_mixin.py:188} INFO - [2026-06-25T21:38:46.893+0000] {dagbag.py:545} INFO - Filling up the DagBag from /opt/airflow/dags/retail_etl_dag.py
[2026-06-25T21:38:47.379+0000] {processor.py:840} INFO - DAG(s) 'retail_etl_pipeline' retrieved from /opt/airflow/dags/retail_etl_dag.py
[2026-06-25T21:38:47.860+0000] {logging_mixin.py:188} INFO - [2026-06-25T21:38:47.860+0000] {dag.py:3089} INFO - Sync 1 DAGs
[2026-06-25T21:38:47.907+0000] {logging_mixin.py:188} INFO - [2026-06-25T21:38:47.907+0000] {dag.py:3947} INFO - Setting next_dagrun for retail_etl_pipeline to 2026-06-25 21:30:00+00:00, run_after=2026-06-25 21:35:00+00:00
[2026-06-25T21:38:47.950+0000] {processor.py:183} INFO - Processing /opt/airflow/dags/retail_etl_dag.py took 1.080 seconds
[2026-06-25T21:39:18.373+0000] {processor.py:161} INFO - Started process (PID=201) to work on /opt/airflow/dags/retail_etl_dag.py
[2026-06-25T21:39:18.376+0000] {processor.py:830} INFO - Processing file /opt/airflow/dags/retail_etl_dag.py for tasks to queue
[2026-06-25T21:39:18.382+0000] {logging_mixin.py:188} INFO - [2026-06-25T21:39:18.382+0000] {dagbag.py:545} INFO - Filling up the DagBag from /opt/airflow/dags/retail_etl_dag.py
[2026-06-25T21:39:18.916+0000] {processor.py:840} INFO - DAG(s) 'retail_etl_pipeline' retrieved from /opt/airflow/dags/retail_etl_dag.py
[2026-06-25T21:39:18.972+0000] {logging_mixin.py:188} INFO - [2026-06-25T21:39:18.971+0000] {dag.py:3089} INFO - Sync 1 DAGs
[2026-06-25T21:39:19.016+0000] {logging_mixin.py:188} INFO - [2026-06-25T21:39:19.016+0000] {dag.py:3947} INFO - Setting next_dagrun for retail_etl_pipeline to 2026-06-25 21:30:00+00:00, run_after=2026-06-25 21:35:00+00:00
[2026-06-25T21:39:19.053+0000] {processor.py:183} INFO - Processing /opt/airflow/dags/retail_etl_dag.py took 0.688 seconds
[2026-06-25T21:39:49.579+0000] {processor.py:161} INFO - Started process (PID=207) to work on /opt/airflow/dags/retail_etl_dag.py
[2026-06-25T21:39:49.581+0000] {processor.py:830} INFO - Processing file /opt/airflow/dags/retail_etl_dag.py for tasks to queue
[2026-06-25T21:39:49.584+0000] {logging_mixin.py:188} INFO - [2026-06-25T21:39:49.583+0000] {dagbag.py:545} INFO - Filling up the DagBag from /opt/airflow/dags/retail_etl_dag.py
[2026-06-25T21:39:50.003+0000] {processor.py:840} INFO - DAG(s) 'retail_etl_pipeline' retrieved from /opt/airflow/dags/retail_etl_dag.py
[2026-06-25T21:39:50.050+0000] {logging_mixin.py:188} INFO - [2026-06-25T21:39:50.050+0000] {dag.py:3089} INFO - Sync 1 DAGs
[2026-06-25T21:39:50.110+0000] {logging_mixin.py:188} INFO - [2026-06-25T21:39:50.110+0000] {dag.py:3947} INFO - Setting next_dagrun for retail_etl_pipeline to 2026-06-25 21:30:00+00:00, run_after=2026-06-25 21:35:00+00:00
[2026-06-25T21:39:50.402+0000] {processor.py:183} INFO - Processing /opt/airflow/dags/retail_etl_dag.py took 0.831 seconds
[2026-06-25T21:40:20.859+0000] {processor.py:161} INFO - Started process (PID=213) to work on /opt/airflow/dags/retail_etl_dag.py
[2026-06-25T21:40:20.861+0000] {processor.py:830} INFO - Processing file /opt/airflow/dags/retail_etl_dag.py for tasks to queue
[2026-06-25T21:40:20.866+0000] {logging_mixin.py:188} INFO - [2026-06-25T21:40:20.865+0000] {dagbag.py:545} INFO - Filling up the DagBag from /opt/airflow/dags/retail_etl_dag.py
[2026-06-25T21:40:21.306+0000] {processor.py:840} INFO - DAG(s) 'retail_etl_pipeline' retrieved from /opt/airflow/dags/retail_etl_dag.py
[2026-06-25T21:40:21.346+0000] {logging_mixin.py:188} INFO - [2026-06-25T21:40:21.345+0000] {dag.py:3089} INFO - Sync 1 DAGs
[2026-06-25T21:40:21.599+0000] {logging_mixin.py:188} INFO - [2026-06-25T21:40:21.598+0000] {dag.py:3947} INFO - Setting next_dagrun for retail_etl_pipeline to 2026-06-25 21:35:00+00:00, run_after=2026-06-25 21:40:00+00:00
[2026-06-25T21:40:21.648+0000] {processor.py:183} INFO - Processing /opt/airflow/dags/retail_etl_dag.py took 0.799 seconds
[2026-06-25T21:40:52.128+0000] {processor.py:161} INFO - Started process (PID=219) to work on /opt/airflow/dags/retail_etl_dag.py
[2026-06-25T21:40:52.131+0000] {processor.py:830} INFO - Processing file /opt/airflow/dags/retail_etl_dag.py for tasks to queue
[2026-06-25T21:40:52.135+0000] {logging_mixin.py:188} INFO - [2026-06-25T21:40:52.134+0000] {dagbag.py:545} INFO - Filling up the DagBag from /opt/airflow/dags/retail_etl_dag.py
[2026-06-25T21:40:52.557+0000] {processor.py:840} INFO - DAG(s) 'retail_etl_pipeline' retrieved from /opt/airflow/dags/retail_etl_dag.py
[2026-06-25T21:40:52.598+0000] {logging_mixin.py:188} INFO - [2026-06-25T21:40:52.598+0000] {dag.py:3089} INFO - Sync 1 DAGs
[2026-06-25T21:40:52.645+0000] {logging_mixin.py:188} INFO - [2026-06-25T21:40:52.644+0000] {dag.py:3947} INFO - Setting next_dagrun for retail_etl_pipeline to 2026-06-25 21:35:00+00:00, run_after=2026-06-25 21:40:00+00:00
[2026-06-25T21:40:52.687+0000] {processor.py:183} INFO - Processing /opt/airflow/dags/retail_etl_dag.py took 0.573 seconds
[2026-06-25T21:41:22.828+0000] {processor.py:161} INFO - Started process (PID=225) to work on /opt/airflow/dags/retail_etl_dag.py
[2026-06-25T21:41:22.831+0000] {processor.py:830} INFO - Processing file /opt/airflow/dags/retail_etl_dag.py for tasks to queue
[2026-06-25T21:41:22.834+0000] {logging_mixin.py:188} INFO - [2026-06-25T21:41:22.834+0000] {dagbag.py:545} INFO - Filling up the DagBag from /opt/airflow/dags/retail_etl_dag.py
[2026-06-25T21:41:23.694+0000] {processor.py:840} INFO - DAG(s) 'retail_etl_pipeline' retrieved from /opt/airflow/dags/retail_etl_dag.py
[2026-06-25T21:41:23.746+0000] {logging_mixin.py:188} INFO - [2026-06-25T21:41:23.746+0000] {dag.py:3089} INFO - Sync 1 DAGs
[2026-06-25T21:41:23.786+0000] {logging_mixin.py:188} INFO - [2026-06-25T21:41:23.785+0000] {dag.py:3947} INFO - Setting next_dagrun for retail_etl_pipeline to 2026-06-25 21:35:00+00:00, run_after=2026-06-25 21:40:00+00:00
[2026-06-25T21:41:23.817+0000] {processor.py:183} INFO - Processing /opt/airflow/dags/retail_etl_dag.py took 0.998 seconds
[2026-06-25T21:41:54.254+0000] {processor.py:161} INFO - Started process (PID=231) to work on /opt/airflow/dags/retail_etl_dag.py
[2026-06-25T21:41:54.256+0000] {processor.py:830} INFO - Processing file /opt/airflow/dags/retail_etl_dag.py for tasks to queue
[2026-06-25T21:41:54.259+0000] {logging_mixin.py:188} INFO - [2026-06-25T21:41:54.259+0000] {dagbag.py:545} INFO - Filling up the DagBag from /opt/airflow/dags/retail_etl_dag.py
[2026-06-25T21:41:54.649+0000] {processor.py:840} INFO - DAG(s) 'retail_etl_pipeline' retrieved from /opt/airflow/dags/retail_etl_dag.py
[2026-06-25T21:41:54.691+0000] {logging_mixin.py:188} INFO - [2026-06-25T21:41:54.690+0000] {dag.py:3089} INFO - Sync 1 DAGs
[2026-06-25T21:41:54.730+0000] {logging_mixin.py:188} INFO - [2026-06-25T21:41:54.730+0000] {dag.py:3947} INFO - Setting next_dagrun for retail_etl_pipeline to 2026-06-25 21:35:00+00:00, run_after=2026-06-25 21:40:00+00:00
[2026-06-25T21:41:54.958+0000] {processor.py:183} INFO - Processing /opt/airflow/dags/retail_etl_dag.py took 0.711 seconds
[2026-06-25T21:42:25.482+0000] {processor.py:161} INFO - Started process (PID=237) to work on /opt/airflow/dags/retail_etl_dag.py
[2026-06-25T21:42:25.484+0000] {processor.py:830} INFO - Processing file /opt/airflow/dags/retail_etl_dag.py for tasks to queue
[2026-06-25T21:42:25.486+0000] {logging_mixin.py:188} INFO - [2026-06-25T21:42:25.486+0000] {dagbag.py:545} INFO - Filling up the DagBag from /opt/airflow/dags/retail_etl_dag.py
[2026-06-25T21:42:25.905+0000] {processor.py:840} INFO - DAG(s) 'retail_etl_pipeline' retrieved from /opt/airflow/dags/retail_etl_dag.py
[2026-06-25T21:42:25.943+0000] {logging_mixin.py:188} INFO - [2026-06-25T21:42:25.942+0000] {dag.py:3089} INFO - Sync 1 DAGs
[2026-06-25T21:42:26.172+0000] {logging_mixin.py:188} INFO - [2026-06-25T21:42:26.172+0000] {dag.py:3947} INFO - Setting next_dagrun for retail_etl_pipeline to 2026-06-25 21:35:00+00:00, run_after=2026-06-25 21:40:00+00:00
[2026-06-25T21:42:26.211+0000] {processor.py:183} INFO - Processing /opt/airflow/dags/retail_etl_dag.py took 0.738 seconds
[2026-06-25T21:42:56.725+0000] {processor.py:161} INFO - Started process (PID=243) to work on /opt/airflow/dags/retail_etl_dag.py
[2026-06-25T21:42:56.729+0000] {processor.py:830} INFO - Processing file /opt/airflow/dags/retail_etl_dag.py for tasks to queue
[2026-06-25T21:42:56.735+0000] {logging_mixin.py:188} INFO - [2026-06-25T21:42:56.735+0000] {dagbag.py:545} INFO - Filling up the DagBag from /opt/airflow/dags/retail_etl_dag.py
[2026-06-25T21:42:57.211+0000] {processor.py:840} INFO - DAG(s) 'retail_etl_pipeline' retrieved from /opt/airflow/dags/retail_etl_dag.py
[2026-06-25T21:42:57.257+0000] {logging_mixin.py:188} INFO - [2026-06-25T21:42:57.256+0000] {dag.py:3089} INFO - Sync 1 DAGs
[2026-06-25T21:42:57.288+0000] {logging_mixin.py:188} INFO - [2026-06-25T21:42:57.288+0000] {dag.py:3947} INFO - Setting next_dagrun for retail_etl_pipeline to 2026-06-25 21:35:00+00:00, run_after=2026-06-25 21:40:00+00:00
[2026-06-25T21:42:57.326+0000] {processor.py:183} INFO - Processing /opt/airflow/dags/retail_etl_dag.py took 0.617 seconds
[2026-06-25T21:43:27.778+0000] {processor.py:161} INFO - Started process (PID=249) to work on /opt/airflow/dags/retail_etl_dag.py
[2026-06-25T21:43:27.780+0000] {processor.py:830} INFO - Processing file /opt/airflow/dags/retail_etl_dag.py for tasks to queue
[2026-06-25T21:43:27.784+0000] {logging_mixin.py:188} INFO - [2026-06-25T21:43:27.784+0000] {dagbag.py:545} INFO - Filling up the DagBag from /opt/airflow/dags/retail_etl_dag.py
[2026-06-25T21:43:28.184+0000] {processor.py:840} INFO - DAG(s) 'retail_etl_pipeline' retrieved from /opt/airflow/dags/retail_etl_dag.py
[2026-06-25T21:43:28.221+0000] {logging_mixin.py:188} INFO - [2026-06-25T21:43:28.221+0000] {dag.py:3089} INFO - Sync 1 DAGs
[2026-06-25T21:43:28.252+0000] {logging_mixin.py:188} INFO - [2026-06-25T21:43:28.252+0000] {dag.py:3947} INFO - Setting next_dagrun for retail_etl_pipeline to 2026-06-25 21:35:00+00:00, run_after=2026-06-25 21:40:00+00:00
[2026-06-25T21:43:28.280+0000] {processor.py:183} INFO - Processing /opt/airflow/dags/retail_etl_dag.py took 0.511 seconds
[2026-06-25T21:43:58.825+0000] {processor.py:161} INFO - Started process (PID=255) to work on /opt/airflow/dags/retail_etl_dag.py
[2026-06-25T21:43:58.829+0000] {processor.py:830} INFO - Processing file /opt/airflow/dags/retail_etl_dag.py for tasks to queue
[2026-06-25T21:43:58.836+0000] {logging_mixin.py:188} INFO - [2026-06-25T21:43:58.835+0000] {dagbag.py:545} INFO - Filling up the DagBag from /opt/airflow/dags/retail_etl_dag.py
[2026-06-25T21:43:59.269+0000] {processor.py:840} INFO - DAG(s) 'retail_etl_pipeline' retrieved from /opt/airflow/dags/retail_etl_dag.py
[2026-06-25T21:43:59.313+0000] {logging_mixin.py:188} INFO - [2026-06-25T21:43:59.312+0000] {dag.py:3089} INFO - Sync 1 DAGs
[2026-06-25T21:43:59.343+0000] {logging_mixin.py:188} INFO - [2026-06-25T21:43:59.343+0000] {dag.py:3947} INFO - Setting next_dagrun for retail_etl_pipeline to 2026-06-25 21:35:00+00:00, run_after=2026-06-25 21:40:00+00:00
[2026-06-25T21:43:59.372+0000] {processor.py:183} INFO - Processing /opt/airflow/dags/retail_etl_dag.py took 0.564 seconds
[2026-06-25T21:44:29.838+0000] {processor.py:161} INFO - Started process (PID=261) to work on /opt/airflow/dags/retail_etl_dag.py
[2026-06-25T21:44:29.841+0000] {processor.py:830} INFO - Processing file /opt/airflow/dags/retail_etl_dag.py for tasks to queue
[2026-06-25T21:44:29.848+0000] {logging_mixin.py:188} INFO - [2026-06-25T21:44:29.847+0000] {dagbag.py:545} INFO - Filling up the DagBag from /opt/airflow/dags/retail_etl_dag.py
[2026-06-25T21:44:30.265+0000] {processor.py:840} INFO - DAG(s) 'retail_etl_pipeline' retrieved from /opt/airflow/dags/retail_etl_dag.py
[2026-06-25T21:44:30.301+0000] {logging_mixin.py:188} INFO - [2026-06-25T21:44:30.301+0000] {dag.py:3089} INFO - Sync 1 DAGs
[2026-06-25T21:44:30.333+0000] {logging_mixin.py:188} INFO - [2026-06-25T21:44:30.333+0000] {dag.py:3947} INFO - Setting next_dagrun for retail_etl_pipeline to 2026-06-25 21:35:00+00:00, run_after=2026-06-25 21:40:00+00:00
[2026-06-25T21:44:30.544+0000] {processor.py:183} INFO - Processing /opt/airflow/dags/retail_etl_dag.py took 0.719 seconds
[2026-06-25T21:45:01.060+0000] {processor.py:161} INFO - Started process (PID=267) to work on /opt/airflow/dags/retail_etl_dag.py
[2026-06-25T21:45:01.062+0000] {processor.py:830} INFO - Processing file /opt/airflow/dags/retail_etl_dag.py for tasks to queue
[2026-06-25T21:45:01.066+0000] {logging_mixin.py:188} INFO - [2026-06-25T21:45:01.066+0000] {dagbag.py:545} INFO - Filling up the DagBag from /opt/airflow/dags/retail_etl_dag.py
[2026-06-25T21:45:01.489+0000] {processor.py:840} INFO - DAG(s) 'retail_etl_pipeline' retrieved from /opt/airflow/dags/retail_etl_dag.py
[2026-06-25T21:45:01.522+0000] {logging_mixin.py:188} INFO - [2026-06-25T21:45:01.522+0000] {dag.py:3089} INFO - Sync 1 DAGs
[2026-06-25T21:45:01.723+0000] {logging_mixin.py:188} INFO - [2026-06-25T21:45:01.722+0000] {dag.py:3947} INFO - Setting next_dagrun for retail_etl_pipeline to 2026-06-25 21:40:00+00:00, run_after=2026-06-25 21:45:00+00:00
[2026-06-25T21:45:01.750+0000] {processor.py:183} INFO - Processing /opt/airflow/dags/retail_etl_dag.py took 0.697 seconds
[2026-06-25T21:45:32.378+0000] {processor.py:161} INFO - Started process (PID=273) to work on /opt/airflow/dags/retail_etl_dag.py
[2026-06-25T21:45:32.382+0000] {processor.py:830} INFO - Processing file /opt/airflow/dags/retail_etl_dag.py for tasks to queue
[2026-06-25T21:45:32.389+0000] {logging_mixin.py:188} INFO - [2026-06-25T21:45:32.388+0000] {dagbag.py:545} INFO - Filling up the DagBag from /opt/airflow/dags/retail_etl_dag.py
[2026-06-25T21:45:32.814+0000] {processor.py:840} INFO - DAG(s) 'retail_etl_pipeline' retrieved from /opt/airflow/dags/retail_etl_dag.py
[2026-06-25T21:45:33.012+0000] {logging_mixin.py:188} INFO - [2026-06-25T21:45:33.011+0000] {dag.py:3089} INFO - Sync 1 DAGs
[2026-06-25T21:45:33.058+0000] {logging_mixin.py:188} INFO - [2026-06-25T21:45:33.057+0000] {dag.py:3947} INFO - Setting next_dagrun for retail_etl_pipeline to 2026-06-25 21:40:00+00:00, run_after=2026-06-25 21:45:00+00:00
[2026-06-25T21:45:33.111+0000] {processor.py:183} INFO - Processing /opt/airflow/dags/retail_etl_dag.py took 0.749 seconds
[2026-06-25T21:46:03.600+0000] {processor.py:161} INFO - Started process (PID=279) to work on /opt/airflow/dags/retail_etl_dag.py
[2026-06-25T21:46:03.604+0000] {processor.py:830} INFO - Processing file /opt/airflow/dags/retail_etl_dag.py for tasks to queue
[2026-06-25T21:46:03.610+0000] {logging_mixin.py:188} INFO - [2026-06-25T21:46:03.609+0000] {dagbag.py:545} INFO - Filling up the DagBag from /opt/airflow/dags/retail_etl_dag.py
[2026-06-25T21:46:04.025+0000] {processor.py:840} INFO - DAG(s) 'retail_etl_pipeline' retrieved from /opt/airflow/dags/retail_etl_dag.py
[2026-06-25T21:46:04.065+0000] {logging_mixin.py:188} INFO - [2026-06-25T21:46:04.064+0000] {dag.py:3089} INFO - Sync 1 DAGs
[2026-06-25T21:46:04.115+0000] {logging_mixin.py:188} INFO - [2026-06-25T21:46:04.115+0000] {dag.py:3947} INFO - Setting next_dagrun for retail_etl_pipeline to 2026-06-25 21:40:00+00:00, run_after=2026-06-25 21:45:00+00:00
[2026-06-25T21:46:04.157+0000] {processor.py:183} INFO - Processing /opt/airflow/dags/retail_etl_dag.py took 0.572 seconds
[2026-06-25T21:46:34.384+0000] {processor.py:161} INFO - Started process (PID=285) to work on /opt/airflow/dags/retail_etl_dag.py
[2026-06-25T21:46:34.386+0000] {processor.py:830} INFO - Processing file /opt/airflow/dags/retail_etl_dag.py for tasks to queue
[2026-06-25T21:46:34.390+0000] {logging_mixin.py:188} INFO - [2026-06-25T21:46:34.389+0000] {dagbag.py:545} INFO - Filling up the DagBag from /opt/airflow/dags/retail_etl_dag.py
[2026-06-25T21:46:34.801+0000] {processor.py:840} INFO - DAG(s) 'retail_etl_pipeline' retrieved from /opt/airflow/dags/retail_etl_dag.py
[2026-06-25T21:46:34.835+0000] {logging_mixin.py:188} INFO - [2026-06-25T21:46:34.834+0000] {dag.py:3089} INFO - Sync 1 DAGs
[2026-06-25T21:46:34.873+0000] {logging_mixin.py:188} INFO - [2026-06-25T21:46:34.873+0000] {dag.py:3947} INFO - Setting next_dagrun for retail_etl_pipeline to 2026-06-25 21:40:00+00:00, run_after=2026-06-25 21:45:00+00:00
[2026-06-25T21:46:35.143+0000] {processor.py:183} INFO - Processing /opt/airflow/dags/retail_etl_dag.py took 0.772 seconds
[2026-06-25T21:47:05.524+0000] {processor.py:161} INFO - Started process (PID=291) to work on /opt/airflow/dags/retail_etl_dag.py
[2026-06-25T21:47:05.526+0000] {processor.py:830} INFO - Processing file /opt/airflow/dags/retail_etl_dag.py for tasks to queue
[2026-06-25T21:47:05.530+0000] {logging_mixin.py:188} INFO - [2026-06-25T21:47:05.529+0000] {dagbag.py:545} INFO - Filling up the DagBag from /opt/airflow/dags/retail_etl_dag.py
[2026-06-25T21:47:05.905+0000] {processor.py:840} INFO - DAG(s) 'retail_etl_pipeline' retrieved from /opt/airflow/dags/retail_etl_dag.py
[2026-06-25T21:47:05.937+0000] {logging_mixin.py:188} INFO - [2026-06-25T21:47:05.937+0000] {dag.py:3089} INFO - Sync 1 DAGs
[2026-06-25T21:47:06.129+0000] {logging_mixin.py:188} INFO - [2026-06-25T21:47:06.129+0000] {dag.py:3947} INFO - Setting next_dagrun for retail_etl_pipeline to 2026-06-25 21:40:00+00:00, run_after=2026-06-25 21:45:00+00:00
[2026-06-25T21:47:06.158+0000] {processor.py:183} INFO - Processing /opt/airflow/dags/retail_etl_dag.py took 0.642 seconds
[2026-06-25T21:47:36.397+0000] {processor.py:161} INFO - Started process (PID=297) to work on /opt/airflow/dags/retail_etl_dag.py
[2026-06-25T21:47:36.400+0000] {processor.py:830} INFO - Processing file /opt/airflow/dags/retail_etl_dag.py for tasks to queue
[2026-06-25T21:47:36.406+0000] {logging_mixin.py:188} INFO - [2026-06-25T21:47:36.405+0000] {dagbag.py:545} INFO - Filling up the DagBag from /opt/airflow/dags/retail_etl_dag.py
[2026-06-25T21:47:36.802+0000] {processor.py:840} INFO - DAG(s) 'retail_etl_pipeline' retrieved from /opt/airflow/dags/retail_etl_dag.py
[2026-06-25T21:47:36.997+0000] {logging_mixin.py:188} INFO - [2026-06-25T21:47:36.996+0000] {dag.py:3089} INFO - Sync 1 DAGs
[2026-06-25T21:47:37.046+0000] {logging_mixin.py:188} INFO - [2026-06-25T21:47:37.045+0000] {dag.py:3947} INFO - Setting next_dagrun for retail_etl_pipeline to 2026-06-25 21:40:00+00:00, run_after=2026-06-25 21:45:00+00:00
[2026-06-25T21:47:37.078+0000] {processor.py:183} INFO - Processing /opt/airflow/dags/retail_etl_dag.py took 0.697 seconds
[2026-06-25T21:48:07.517+0000] {processor.py:161} INFO - Started process (PID=303) to work on /opt/airflow/dags/retail_etl_dag.py
[2026-06-25T21:48:07.519+0000] {processor.py:830} INFO - Processing file /opt/airflow/dags/retail_etl_dag.py for tasks to queue
[2026-06-25T21:48:07.522+0000] {logging_mixin.py:188} INFO - [2026-06-25T21:48:07.522+0000] {dagbag.py:545} INFO - Filling up the DagBag from /opt/airflow/dags/retail_etl_dag.py
[2026-06-25T21:48:07.879+0000] {processor.py:840} INFO - DAG(s) 'retail_etl_pipeline' retrieved from /opt/airflow/dags/retail_etl_dag.py
[2026-06-25T21:48:07.912+0000] {logging_mixin.py:188} INFO - [2026-06-25T21:48:07.912+0000] {dag.py:3089} INFO - Sync 1 DAGs
[2026-06-25T21:48:07.940+0000] {logging_mixin.py:188} INFO - [2026-06-25T21:48:07.939+0000] {dag.py:3947} INFO - Setting next_dagrun for retail_etl_pipeline to 2026-06-25 21:40:00+00:00, run_after=2026-06-25 21:45:00+00:00
[2026-06-25T21:48:07.980+0000] {processor.py:183} INFO - Processing /opt/airflow/dags/retail_etl_dag.py took 0.473 seconds
[2026-06-25T21:54:19.585+0000] {processor.py:161} INFO - Started process (PID=309) to work on /opt/airflow/dags/retail_etl_dag.py
[2026-06-25T21:54:19.588+0000] {processor.py:830} INFO - Processing file /opt/airflow/dags/retail_etl_dag.py for tasks to queue
[2026-06-25T21:54:19.603+0000] {logging_mixin.py:188} INFO - [2026-06-25T21:54:19.602+0000] {dagbag.py:545} INFO - Filling up the DagBag from /opt/airflow/dags/retail_etl_dag.py
[2026-06-25T21:54:20.694+0000] {processor.py:840} INFO - DAG(s) 'retail_etl_pipeline' retrieved from /opt/airflow/dags/retail_etl_dag.py
[2026-06-25T21:54:20.739+0000] {logging_mixin.py:188} INFO - [2026-06-25T21:54:20.738+0000] {dag.py:3089} INFO - Sync 1 DAGs
[2026-06-25T21:54:20.774+0000] {logging_mixin.py:188} INFO - [2026-06-25T21:54:20.774+0000] {dag.py:3947} INFO - Setting next_dagrun for retail_etl_pipeline to 2026-06-25 21:45:00+00:00, run_after=2026-06-25 21:50:00+00:00
[2026-06-25T21:54:20.887+0000] {processor.py:183} INFO - Processing /opt/airflow/dags/retail_etl_dag.py took 1.334 seconds
