[2026-06-27T00:10:20.124+0000] {processor.py:161} INFO - Started process (PID=1342) to work on /opt/airflow/dags/retail_etl_dag.py
[2026-06-27T00:10:20.155+0000] {processor.py:830} INFO - Processing file /opt/airflow/dags/retail_etl_dag.py for tasks to queue
[2026-06-27T00:10:20.184+0000] {logging_mixin.py:188} INFO - [2026-06-27T00:10:20.182+0000] {dagbag.py:545} INFO - Filling up the DagBag from /opt/airflow/dags/retail_etl_dag.py
[2026-06-27T00:10:22.114+0000] {processor.py:840} INFO - DAG(s) 'retail_etl_pipeline' retrieved from /opt/airflow/dags/retail_etl_dag.py
[2026-06-27T00:10:22.349+0000] {logging_mixin.py:188} INFO - [2026-06-27T00:10:22.348+0000] {dag.py:3089} INFO - Sync 1 DAGs
[2026-06-27T00:10:22.376+0000] {logging_mixin.py:188} INFO - [2026-06-27T00:10:22.376+0000] {dag.py:3947} INFO - Setting next_dagrun for retail_etl_pipeline to 2026-06-27 00:05:00+00:00, run_after=2026-06-27 00:10:00+00:00
[2026-06-27T00:10:22.408+0000] {processor.py:183} INFO - Processing /opt/airflow/dags/retail_etl_dag.py took 2.309 seconds
[2026-06-27T00:10:53.189+0000] {processor.py:161} INFO - Started process (PID=1348) to work on /opt/airflow/dags/retail_etl_dag.py
[2026-06-27T00:10:53.191+0000] {processor.py:830} INFO - Processing file /opt/airflow/dags/retail_etl_dag.py for tasks to queue
[2026-06-27T00:10:53.193+0000] {logging_mixin.py:188} INFO - [2026-06-27T00:10:53.192+0000] {dagbag.py:545} INFO - Filling up the DagBag from /opt/airflow/dags/retail_etl_dag.py
[2026-06-27T00:10:53.849+0000] {processor.py:840} INFO - DAG(s) 'retail_etl_pipeline' retrieved from /opt/airflow/dags/retail_etl_dag.py
[2026-06-27T00:10:53.876+0000] {logging_mixin.py:188} INFO - [2026-06-27T00:10:53.876+0000] {dag.py:3089} INFO - Sync 1 DAGs
[2026-06-27T00:10:53.929+0000] {logging_mixin.py:188} INFO - [2026-06-27T00:10:53.928+0000] {dag.py:3947} INFO - Setting next_dagrun for retail_etl_pipeline to 2026-06-27 00:05:00+00:00, run_after=2026-06-27 00:10:00+00:00
[2026-06-27T00:10:53.973+0000] {processor.py:183} INFO - Processing /opt/airflow/dags/retail_etl_dag.py took 0.793 seconds
[2026-06-27T00:11:24.329+0000] {processor.py:161} INFO - Started process (PID=1354) to work on /opt/airflow/dags/retail_etl_dag.py
[2026-06-27T00:11:24.332+0000] {processor.py:830} INFO - Processing file /opt/airflow/dags/retail_etl_dag.py for tasks to queue
[2026-06-27T00:11:24.334+0000] {logging_mixin.py:188} INFO - [2026-06-27T00:11:24.334+0000] {dagbag.py:545} INFO - Filling up the DagBag from /opt/airflow/dags/retail_etl_dag.py
[2026-06-27T00:11:25.062+0000] {processor.py:840} INFO - DAG(s) 'retail_etl_pipeline' retrieved from /opt/airflow/dags/retail_etl_dag.py
[2026-06-27T00:11:25.092+0000] {logging_mixin.py:188} INFO - [2026-06-27T00:11:25.091+0000] {dag.py:3089} INFO - Sync 1 DAGs
[2026-06-27T00:11:25.138+0000] {logging_mixin.py:188} INFO - [2026-06-27T00:11:25.138+0000] {dag.py:3947} INFO - Setting next_dagrun for retail_etl_pipeline to 2026-06-27 00:05:00+00:00, run_after=2026-06-27 00:10:00+00:00
[2026-06-27T00:11:25.171+0000] {processor.py:183} INFO - Processing /opt/airflow/dags/retail_etl_dag.py took 0.852 seconds
[2026-06-27T00:11:55.684+0000] {processor.py:161} INFO - Started process (PID=1360) to work on /opt/airflow/dags/retail_etl_dag.py
[2026-06-27T00:11:55.688+0000] {processor.py:830} INFO - Processing file /opt/airflow/dags/retail_etl_dag.py for tasks to queue
[2026-06-27T00:11:55.691+0000] {logging_mixin.py:188} INFO - [2026-06-27T00:11:55.691+0000] {dagbag.py:545} INFO - Filling up the DagBag from /opt/airflow/dags/retail_etl_dag.py
[2026-06-27T00:11:56.306+0000] {processor.py:840} INFO - DAG(s) 'retail_etl_pipeline' retrieved from /opt/airflow/dags/retail_etl_dag.py
[2026-06-27T00:11:56.338+0000] {logging_mixin.py:188} INFO - [2026-06-27T00:11:56.337+0000] {dag.py:3089} INFO - Sync 1 DAGs
[2026-06-27T00:11:56.367+0000] {logging_mixin.py:188} INFO - [2026-06-27T00:11:56.367+0000] {dag.py:3947} INFO - Setting next_dagrun for retail_etl_pipeline to 2026-06-27 00:05:00+00:00, run_after=2026-06-27 00:10:00+00:00
[2026-06-27T00:11:56.397+0000] {processor.py:183} INFO - Processing /opt/airflow/dags/retail_etl_dag.py took 0.729 seconds
[2026-06-27T00:12:26.695+0000] {processor.py:161} INFO - Started process (PID=1366) to work on /opt/airflow/dags/retail_etl_dag.py
[2026-06-27T00:12:26.697+0000] {processor.py:830} INFO - Processing file /opt/airflow/dags/retail_etl_dag.py for tasks to queue
[2026-06-27T00:12:26.698+0000] {logging_mixin.py:188} INFO - [2026-06-27T00:12:26.698+0000] {dagbag.py:545} INFO - Filling up the DagBag from /opt/airflow/dags/retail_etl_dag.py
[2026-06-27T00:12:27.264+0000] {processor.py:840} INFO - DAG(s) 'retail_etl_pipeline' retrieved from /opt/airflow/dags/retail_etl_dag.py
[2026-06-27T00:12:27.293+0000] {logging_mixin.py:188} INFO - [2026-06-27T00:12:27.292+0000] {dag.py:3089} INFO - Sync 1 DAGs
[2026-06-27T00:12:27.321+0000] {logging_mixin.py:188} INFO - [2026-06-27T00:12:27.321+0000] {dag.py:3947} INFO - Setting next_dagrun for retail_etl_pipeline to 2026-06-27 00:05:00+00:00, run_after=2026-06-27 00:10:00+00:00
[2026-06-27T00:12:27.344+0000] {processor.py:183} INFO - Processing /opt/airflow/dags/retail_etl_dag.py took 0.656 seconds
[2026-06-27T00:12:57.712+0000] {processor.py:161} INFO - Started process (PID=1372) to work on /opt/airflow/dags/retail_etl_dag.py
[2026-06-27T00:12:57.715+0000] {processor.py:830} INFO - Processing file /opt/airflow/dags/retail_etl_dag.py for tasks to queue
[2026-06-27T00:12:57.718+0000] {logging_mixin.py:188} INFO - [2026-06-27T00:12:57.717+0000] {dagbag.py:545} INFO - Filling up the DagBag from /opt/airflow/dags/retail_etl_dag.py
[2026-06-27T00:12:58.303+0000] {processor.py:840} INFO - DAG(s) 'retail_etl_pipeline' retrieved from /opt/airflow/dags/retail_etl_dag.py
[2026-06-27T00:12:58.336+0000] {logging_mixin.py:188} INFO - [2026-06-27T00:12:58.336+0000] {dag.py:3089} INFO - Sync 1 DAGs
[2026-06-27T00:12:58.384+0000] {logging_mixin.py:188} INFO - [2026-06-27T00:12:58.383+0000] {dag.py:3947} INFO - Setting next_dagrun for retail_etl_pipeline to 2026-06-27 00:05:00+00:00, run_after=2026-06-27 00:10:00+00:00
[2026-06-27T00:12:58.429+0000] {processor.py:183} INFO - Processing /opt/airflow/dags/retail_etl_dag.py took 0.731 seconds
[2026-06-27T00:13:28.943+0000] {processor.py:161} INFO - Started process (PID=1378) to work on /opt/airflow/dags/retail_etl_dag.py
[2026-06-27T00:13:28.945+0000] {processor.py:830} INFO - Processing file /opt/airflow/dags/retail_etl_dag.py for tasks to queue
[2026-06-27T00:13:28.947+0000] {logging_mixin.py:188} INFO - [2026-06-27T00:13:28.946+0000] {dagbag.py:545} INFO - Filling up the DagBag from /opt/airflow/dags/retail_etl_dag.py
[2026-06-27T00:13:29.481+0000] {processor.py:840} INFO - DAG(s) 'retail_etl_pipeline' retrieved from /opt/airflow/dags/retail_etl_dag.py
[2026-06-27T00:13:29.513+0000] {logging_mixin.py:188} INFO - [2026-06-27T00:13:29.513+0000] {dag.py:3089} INFO - Sync 1 DAGs
[2026-06-27T00:13:29.539+0000] {logging_mixin.py:188} INFO - [2026-06-27T00:13:29.538+0000] {dag.py:3947} INFO - Setting next_dagrun for retail_etl_pipeline to 2026-06-27 00:05:00+00:00, run_after=2026-06-27 00:10:00+00:00
[2026-06-27T00:13:29.564+0000] {processor.py:183} INFO - Processing /opt/airflow/dags/retail_etl_dag.py took 0.630 seconds
[2026-06-27T00:13:59.970+0000] {processor.py:161} INFO - Started process (PID=1384) to work on /opt/airflow/dags/retail_etl_dag.py
[2026-06-27T00:13:59.972+0000] {processor.py:830} INFO - Processing file /opt/airflow/dags/retail_etl_dag.py for tasks to queue
[2026-06-27T00:13:59.974+0000] {logging_mixin.py:188} INFO - [2026-06-27T00:13:59.973+0000] {dagbag.py:545} INFO - Filling up the DagBag from /opt/airflow/dags/retail_etl_dag.py
[2026-06-27T00:14:00.570+0000] {processor.py:840} INFO - DAG(s) 'retail_etl_pipeline' retrieved from /opt/airflow/dags/retail_etl_dag.py
[2026-06-27T00:14:00.599+0000] {logging_mixin.py:188} INFO - [2026-06-27T00:14:00.598+0000] {dag.py:3089} INFO - Sync 1 DAGs
[2026-06-27T00:14:00.624+0000] {logging_mixin.py:188} INFO - [2026-06-27T00:14:00.624+0000] {dag.py:3947} INFO - Setting next_dagrun for retail_etl_pipeline to 2026-06-27 00:05:00+00:00, run_after=2026-06-27 00:10:00+00:00
[2026-06-27T00:14:00.683+0000] {processor.py:183} INFO - Processing /opt/airflow/dags/retail_etl_dag.py took 0.726 seconds
[2026-06-27T00:14:31.101+0000] {processor.py:161} INFO - Started process (PID=1390) to work on /opt/airflow/dags/retail_etl_dag.py
[2026-06-27T00:14:31.103+0000] {processor.py:830} INFO - Processing file /opt/airflow/dags/retail_etl_dag.py for tasks to queue
[2026-06-27T00:14:31.107+0000] {logging_mixin.py:188} INFO - [2026-06-27T00:14:31.106+0000] {dagbag.py:545} INFO - Filling up the DagBag from /opt/airflow/dags/retail_etl_dag.py
[2026-06-27T00:14:31.727+0000] {processor.py:840} INFO - DAG(s) 'retail_etl_pipeline' retrieved from /opt/airflow/dags/retail_etl_dag.py
[2026-06-27T00:14:31.761+0000] {logging_mixin.py:188} INFO - [2026-06-27T00:14:31.760+0000] {dag.py:3089} INFO - Sync 1 DAGs
[2026-06-27T00:14:31.793+0000] {logging_mixin.py:188} INFO - [2026-06-27T00:14:31.793+0000] {dag.py:3947} INFO - Setting next_dagrun for retail_etl_pipeline to 2026-06-27 00:05:00+00:00, run_after=2026-06-27 00:10:00+00:00
[2026-06-27T00:14:31.839+0000] {processor.py:183} INFO - Processing /opt/airflow/dags/retail_etl_dag.py took 0.745 seconds
[2026-06-27T00:15:01.954+0000] {processor.py:161} INFO - Started process (PID=1396) to work on /opt/airflow/dags/retail_etl_dag.py
[2026-06-27T00:15:01.957+0000] {processor.py:830} INFO - Processing file /opt/airflow/dags/retail_etl_dag.py for tasks to queue
[2026-06-27T00:15:01.959+0000] {logging_mixin.py:188} INFO - [2026-06-27T00:15:01.959+0000] {dagbag.py:545} INFO - Filling up the DagBag from /opt/airflow/dags/retail_etl_dag.py
[2026-06-27T00:15:02.542+0000] {processor.py:840} INFO - DAG(s) 'retail_etl_pipeline' retrieved from /opt/airflow/dags/retail_etl_dag.py
[2026-06-27T00:15:02.574+0000] {logging_mixin.py:188} INFO - [2026-06-27T00:15:02.573+0000] {dag.py:3089} INFO - Sync 1 DAGs
[2026-06-27T00:15:02.599+0000] {logging_mixin.py:188} INFO - [2026-06-27T00:15:02.598+0000] {dag.py:3947} INFO - Setting next_dagrun for retail_etl_pipeline to 2026-06-27 00:10:00+00:00, run_after=2026-06-27 00:15:00+00:00
[2026-06-27T00:15:02.627+0000] {processor.py:183} INFO - Processing /opt/airflow/dags/retail_etl_dag.py took 0.683 seconds
[2026-06-27T00:15:33.024+0000] {processor.py:161} INFO - Started process (PID=1402) to work on /opt/airflow/dags/retail_etl_dag.py
[2026-06-27T00:15:33.026+0000] {processor.py:830} INFO - Processing file /opt/airflow/dags/retail_etl_dag.py for tasks to queue
[2026-06-27T00:15:33.029+0000] {logging_mixin.py:188} INFO - [2026-06-27T00:15:33.029+0000] {dagbag.py:545} INFO - Filling up the DagBag from /opt/airflow/dags/retail_etl_dag.py
[2026-06-27T00:15:33.615+0000] {processor.py:840} INFO - DAG(s) 'retail_etl_pipeline' retrieved from /opt/airflow/dags/retail_etl_dag.py
[2026-06-27T00:15:33.643+0000] {logging_mixin.py:188} INFO - [2026-06-27T00:15:33.643+0000] {dag.py:3089} INFO - Sync 1 DAGs
[2026-06-27T00:15:33.664+0000] {logging_mixin.py:188} INFO - [2026-06-27T00:15:33.664+0000] {dag.py:3947} INFO - Setting next_dagrun for retail_etl_pipeline to 2026-06-27 00:10:00+00:00, run_after=2026-06-27 00:15:00+00:00
[2026-06-27T00:15:33.687+0000] {processor.py:183} INFO - Processing /opt/airflow/dags/retail_etl_dag.py took 0.677 seconds
[2026-06-27T00:16:04.124+0000] {processor.py:161} INFO - Started process (PID=1408) to work on /opt/airflow/dags/retail_etl_dag.py
[2026-06-27T00:16:04.126+0000] {processor.py:830} INFO - Processing file /opt/airflow/dags/retail_etl_dag.py for tasks to queue
[2026-06-27T00:16:04.128+0000] {logging_mixin.py:188} INFO - [2026-06-27T00:16:04.127+0000] {dagbag.py:545} INFO - Filling up the DagBag from /opt/airflow/dags/retail_etl_dag.py
[2026-06-27T00:16:04.701+0000] {processor.py:840} INFO - DAG(s) 'retail_etl_pipeline' retrieved from /opt/airflow/dags/retail_etl_dag.py
[2026-06-27T00:16:04.738+0000] {logging_mixin.py:188} INFO - [2026-06-27T00:16:04.738+0000] {dag.py:3089} INFO - Sync 1 DAGs
[2026-06-27T00:16:04.767+0000] {logging_mixin.py:188} INFO - [2026-06-27T00:16:04.766+0000] {dag.py:3947} INFO - Setting next_dagrun for retail_etl_pipeline to 2026-06-27 00:10:00+00:00, run_after=2026-06-27 00:15:00+00:00
[2026-06-27T00:16:04.812+0000] {processor.py:183} INFO - Processing /opt/airflow/dags/retail_etl_dag.py took 0.695 seconds
[2026-06-27T00:16:35.204+0000] {processor.py:161} INFO - Started process (PID=1414) to work on /opt/airflow/dags/retail_etl_dag.py
[2026-06-27T00:16:35.208+0000] {processor.py:830} INFO - Processing file /opt/airflow/dags/retail_etl_dag.py for tasks to queue
[2026-06-27T00:16:35.211+0000] {logging_mixin.py:188} INFO - [2026-06-27T00:16:35.210+0000] {dagbag.py:545} INFO - Filling up the DagBag from /opt/airflow/dags/retail_etl_dag.py
[2026-06-27T00:16:35.904+0000] {processor.py:840} INFO - DAG(s) 'retail_etl_pipeline' retrieved from /opt/airflow/dags/retail_etl_dag.py
[2026-06-27T00:16:35.938+0000] {logging_mixin.py:188} INFO - [2026-06-27T00:16:35.937+0000] {dag.py:3089} INFO - Sync 1 DAGs
[2026-06-27T00:16:35.968+0000] {logging_mixin.py:188} INFO - [2026-06-27T00:16:35.967+0000] {dag.py:3947} INFO - Setting next_dagrun for retail_etl_pipeline to 2026-06-27 00:10:00+00:00, run_after=2026-06-27 00:15:00+00:00
[2026-06-27T00:16:35.995+0000] {processor.py:183} INFO - Processing /opt/airflow/dags/retail_etl_dag.py took 0.811 seconds
[2026-06-27T00:17:06.352+0000] {processor.py:161} INFO - Started process (PID=1420) to work on /opt/airflow/dags/retail_etl_dag.py
[2026-06-27T00:17:06.355+0000] {processor.py:830} INFO - Processing file /opt/airflow/dags/retail_etl_dag.py for tasks to queue
[2026-06-27T00:17:06.357+0000] {logging_mixin.py:188} INFO - [2026-06-27T00:17:06.357+0000] {dagbag.py:545} INFO - Filling up the DagBag from /opt/airflow/dags/retail_etl_dag.py
[2026-06-27T00:17:06.963+0000] {processor.py:840} INFO - DAG(s) 'retail_etl_pipeline' retrieved from /opt/airflow/dags/retail_etl_dag.py
[2026-06-27T00:17:06.994+0000] {logging_mixin.py:188} INFO - [2026-06-27T00:17:06.993+0000] {dag.py:3089} INFO - Sync 1 DAGs
[2026-06-27T00:17:07.020+0000] {logging_mixin.py:188} INFO - [2026-06-27T00:17:07.019+0000] {dag.py:3947} INFO - Setting next_dagrun for retail_etl_pipeline to 2026-06-27 00:10:00+00:00, run_after=2026-06-27 00:15:00+00:00
[2026-06-27T00:17:07.046+0000] {processor.py:183} INFO - Processing /opt/airflow/dags/retail_etl_dag.py took 0.704 seconds
[2026-06-27T00:17:37.439+0000] {processor.py:161} INFO - Started process (PID=1426) to work on /opt/airflow/dags/retail_etl_dag.py
[2026-06-27T00:17:37.442+0000] {processor.py:830} INFO - Processing file /opt/airflow/dags/retail_etl_dag.py for tasks to queue
[2026-06-27T00:17:37.446+0000] {logging_mixin.py:188} INFO - [2026-06-27T00:17:37.445+0000] {dagbag.py:545} INFO - Filling up the DagBag from /opt/airflow/dags/retail_etl_dag.py
[2026-06-27T00:17:38.114+0000] {processor.py:840} INFO - DAG(s) 'retail_etl_pipeline' retrieved from /opt/airflow/dags/retail_etl_dag.py
[2026-06-27T00:17:38.153+0000] {logging_mixin.py:188} INFO - [2026-06-27T00:17:38.152+0000] {dag.py:3089} INFO - Sync 1 DAGs
[2026-06-27T00:17:38.197+0000] {logging_mixin.py:188} INFO - [2026-06-27T00:17:38.197+0000] {dag.py:3947} INFO - Setting next_dagrun for retail_etl_pipeline to 2026-06-27 00:10:00+00:00, run_after=2026-06-27 00:15:00+00:00
[2026-06-27T00:17:38.243+0000] {processor.py:183} INFO - Processing /opt/airflow/dags/retail_etl_dag.py took 0.823 seconds
[2026-06-27T00:18:08.696+0000] {processor.py:161} INFO - Started process (PID=1432) to work on /opt/airflow/dags/retail_etl_dag.py
[2026-06-27T00:18:08.699+0000] {processor.py:830} INFO - Processing file /opt/airflow/dags/retail_etl_dag.py for tasks to queue
[2026-06-27T00:18:08.703+0000] {logging_mixin.py:188} INFO - [2026-06-27T00:18:08.702+0000] {dagbag.py:545} INFO - Filling up the DagBag from /opt/airflow/dags/retail_etl_dag.py
[2026-06-27T00:18:09.309+0000] {processor.py:840} INFO - DAG(s) 'retail_etl_pipeline' retrieved from /opt/airflow/dags/retail_etl_dag.py
[2026-06-27T00:18:09.346+0000] {logging_mixin.py:188} INFO - [2026-06-27T00:18:09.345+0000] {dag.py:3089} INFO - Sync 1 DAGs
[2026-06-27T00:18:09.375+0000] {logging_mixin.py:188} INFO - [2026-06-27T00:18:09.374+0000] {dag.py:3947} INFO - Setting next_dagrun for retail_etl_pipeline to 2026-06-27 00:10:00+00:00, run_after=2026-06-27 00:15:00+00:00
[2026-06-27T00:18:09.405+0000] {processor.py:183} INFO - Processing /opt/airflow/dags/retail_etl_dag.py took 0.727 seconds
[2026-06-27T00:18:39.990+0000] {processor.py:161} INFO - Started process (PID=1438) to work on /opt/airflow/dags/retail_etl_dag.py
[2026-06-27T00:18:40.072+0000] {processor.py:830} INFO - Processing file /opt/airflow/dags/retail_etl_dag.py for tasks to queue
[2026-06-27T00:18:40.075+0000] {logging_mixin.py:188} INFO - [2026-06-27T00:18:40.075+0000] {dagbag.py:545} INFO - Filling up the DagBag from /opt/airflow/dags/retail_etl_dag.py
[2026-06-27T00:18:40.711+0000] {processor.py:840} INFO - DAG(s) 'retail_etl_pipeline' retrieved from /opt/airflow/dags/retail_etl_dag.py
[2026-06-27T00:18:40.743+0000] {logging_mixin.py:188} INFO - [2026-06-27T00:18:40.742+0000] {dag.py:3089} INFO - Sync 1 DAGs
[2026-06-27T00:18:40.766+0000] {logging_mixin.py:188} INFO - [2026-06-27T00:18:40.765+0000] {dag.py:3947} INFO - Setting next_dagrun for retail_etl_pipeline to 2026-06-27 00:10:00+00:00, run_after=2026-06-27 00:15:00+00:00
[2026-06-27T00:18:40.787+0000] {processor.py:183} INFO - Processing /opt/airflow/dags/retail_etl_dag.py took 0.813 seconds
[2026-06-27T00:19:11.278+0000] {processor.py:161} INFO - Started process (PID=1444) to work on /opt/airflow/dags/retail_etl_dag.py
[2026-06-27T00:19:11.280+0000] {processor.py:830} INFO - Processing file /opt/airflow/dags/retail_etl_dag.py for tasks to queue
[2026-06-27T00:19:11.282+0000] {logging_mixin.py:188} INFO - [2026-06-27T00:19:11.281+0000] {dagbag.py:545} INFO - Filling up the DagBag from /opt/airflow/dags/retail_etl_dag.py
[2026-06-27T00:19:11.823+0000] {processor.py:840} INFO - DAG(s) 'retail_etl_pipeline' retrieved from /opt/airflow/dags/retail_etl_dag.py
[2026-06-27T00:19:11.863+0000] {logging_mixin.py:188} INFO - [2026-06-27T00:19:11.862+0000] {dag.py:3089} INFO - Sync 1 DAGs
[2026-06-27T00:19:11.909+0000] {logging_mixin.py:188} INFO - [2026-06-27T00:19:11.908+0000] {dag.py:3947} INFO - Setting next_dagrun for retail_etl_pipeline to 2026-06-27 00:10:00+00:00, run_after=2026-06-27 00:15:00+00:00
[2026-06-27T00:19:11.957+0000] {processor.py:183} INFO - Processing /opt/airflow/dags/retail_etl_dag.py took 0.687 seconds
[2026-06-27T00:19:42.428+0000] {processor.py:161} INFO - Started process (PID=1450) to work on /opt/airflow/dags/retail_etl_dag.py
[2026-06-27T00:19:42.430+0000] {processor.py:830} INFO - Processing file /opt/airflow/dags/retail_etl_dag.py for tasks to queue
[2026-06-27T00:19:42.432+0000] {logging_mixin.py:188} INFO - [2026-06-27T00:19:42.432+0000] {dagbag.py:545} INFO - Filling up the DagBag from /opt/airflow/dags/retail_etl_dag.py
[2026-06-27T00:19:43.046+0000] {processor.py:840} INFO - DAG(s) 'retail_etl_pipeline' retrieved from /opt/airflow/dags/retail_etl_dag.py
[2026-06-27T00:19:43.077+0000] {logging_mixin.py:188} INFO - [2026-06-27T00:19:43.077+0000] {dag.py:3089} INFO - Sync 1 DAGs
[2026-06-27T00:19:43.115+0000] {logging_mixin.py:188} INFO - [2026-06-27T00:19:43.114+0000] {dag.py:3947} INFO - Setting next_dagrun for retail_etl_pipeline to 2026-06-27 00:10:00+00:00, run_after=2026-06-27 00:15:00+00:00
[2026-06-27T00:19:43.162+0000] {processor.py:183} INFO - Processing /opt/airflow/dags/retail_etl_dag.py took 0.742 seconds
[2026-06-27T00:20:13.676+0000] {processor.py:161} INFO - Started process (PID=1456) to work on /opt/airflow/dags/retail_etl_dag.py
[2026-06-27T00:20:13.679+0000] {processor.py:830} INFO - Processing file /opt/airflow/dags/retail_etl_dag.py for tasks to queue
[2026-06-27T00:20:13.683+0000] {logging_mixin.py:188} INFO - [2026-06-27T00:20:13.682+0000] {dagbag.py:545} INFO - Filling up the DagBag from /opt/airflow/dags/retail_etl_dag.py
[2026-06-27T00:20:14.281+0000] {processor.py:840} INFO - DAG(s) 'retail_etl_pipeline' retrieved from /opt/airflow/dags/retail_etl_dag.py
[2026-06-27T00:20:14.312+0000] {logging_mixin.py:188} INFO - [2026-06-27T00:20:14.312+0000] {dag.py:3089} INFO - Sync 1 DAGs
[2026-06-27T00:20:14.343+0000] {logging_mixin.py:188} INFO - [2026-06-27T00:20:14.343+0000] {dag.py:3947} INFO - Setting next_dagrun for retail_etl_pipeline to 2026-06-27 00:15:00+00:00, run_after=2026-06-27 00:20:00+00:00
[2026-06-27T00:20:14.390+0000] {processor.py:183} INFO - Processing /opt/airflow/dags/retail_etl_dag.py took 0.728 seconds
[2026-06-27T00:20:44.692+0000] {processor.py:161} INFO - Started process (PID=1462) to work on /opt/airflow/dags/retail_etl_dag.py
[2026-06-27T00:20:44.694+0000] {processor.py:830} INFO - Processing file /opt/airflow/dags/retail_etl_dag.py for tasks to queue
[2026-06-27T00:20:44.697+0000] {logging_mixin.py:188} INFO - [2026-06-27T00:20:44.697+0000] {dagbag.py:545} INFO - Filling up the DagBag from /opt/airflow/dags/retail_etl_dag.py
[2026-06-27T00:20:45.348+0000] {processor.py:840} INFO - DAG(s) 'retail_etl_pipeline' retrieved from /opt/airflow/dags/retail_etl_dag.py
[2026-06-27T00:20:45.399+0000] {logging_mixin.py:188} INFO - [2026-06-27T00:20:45.398+0000] {dag.py:3089} INFO - Sync 1 DAGs
[2026-06-27T00:20:45.428+0000] {logging_mixin.py:188} INFO - [2026-06-27T00:20:45.427+0000] {dag.py:3947} INFO - Setting next_dagrun for retail_etl_pipeline to 2026-06-27 00:15:00+00:00, run_after=2026-06-27 00:20:00+00:00
[2026-06-27T00:20:45.472+0000] {processor.py:183} INFO - Processing /opt/airflow/dags/retail_etl_dag.py took 0.807 seconds
[2026-06-27T00:21:16.081+0000] {processor.py:161} INFO - Started process (PID=1468) to work on /opt/airflow/dags/retail_etl_dag.py
[2026-06-27T00:21:16.084+0000] {processor.py:830} INFO - Processing file /opt/airflow/dags/retail_etl_dag.py for tasks to queue
[2026-06-27T00:21:16.088+0000] {logging_mixin.py:188} INFO - [2026-06-27T00:21:16.087+0000] {dagbag.py:545} INFO - Filling up the DagBag from /opt/airflow/dags/retail_etl_dag.py
[2026-06-27T00:21:16.636+0000] {processor.py:840} INFO - DAG(s) 'retail_etl_pipeline' retrieved from /opt/airflow/dags/retail_etl_dag.py
[2026-06-27T00:21:16.674+0000] {logging_mixin.py:188} INFO - [2026-06-27T00:21:16.673+0000] {dag.py:3089} INFO - Sync 1 DAGs
[2026-06-27T00:21:16.699+0000] {logging_mixin.py:188} INFO - [2026-06-27T00:21:16.699+0000] {dag.py:3947} INFO - Setting next_dagrun for retail_etl_pipeline to 2026-06-27 00:15:00+00:00, run_after=2026-06-27 00:20:00+00:00
[2026-06-27T00:21:16.730+0000] {processor.py:183} INFO - Processing /opt/airflow/dags/retail_etl_dag.py took 0.659 seconds
[2026-06-27T00:21:47.190+0000] {processor.py:161} INFO - Started process (PID=1474) to work on /opt/airflow/dags/retail_etl_dag.py
[2026-06-27T00:21:47.192+0000] {processor.py:830} INFO - Processing file /opt/airflow/dags/retail_etl_dag.py for tasks to queue
[2026-06-27T00:21:47.194+0000] {logging_mixin.py:188} INFO - [2026-06-27T00:21:47.194+0000] {dagbag.py:545} INFO - Filling up the DagBag from /opt/airflow/dags/retail_etl_dag.py
[2026-06-27T00:21:47.771+0000] {processor.py:840} INFO - DAG(s) 'retail_etl_pipeline' retrieved from /opt/airflow/dags/retail_etl_dag.py
[2026-06-27T00:21:47.823+0000] {logging_mixin.py:188} INFO - [2026-06-27T00:21:47.822+0000] {dag.py:3089} INFO - Sync 1 DAGs
[2026-06-27T00:21:47.852+0000] {logging_mixin.py:188} INFO - [2026-06-27T00:21:47.852+0000] {dag.py:3947} INFO - Setting next_dagrun for retail_etl_pipeline to 2026-06-27 00:15:00+00:00, run_after=2026-06-27 00:20:00+00:00
[2026-06-27T00:21:47.877+0000] {processor.py:183} INFO - Processing /opt/airflow/dags/retail_etl_dag.py took 0.697 seconds
[2026-06-27T00:22:18.519+0000] {processor.py:161} INFO - Started process (PID=1480) to work on /opt/airflow/dags/retail_etl_dag.py
[2026-06-27T00:22:18.522+0000] {processor.py:830} INFO - Processing file /opt/airflow/dags/retail_etl_dag.py for tasks to queue
[2026-06-27T00:22:18.526+0000] {logging_mixin.py:188} INFO - [2026-06-27T00:22:18.525+0000] {dagbag.py:545} INFO - Filling up the DagBag from /opt/airflow/dags/retail_etl_dag.py
[2026-06-27T00:22:19.120+0000] {processor.py:840} INFO - DAG(s) 'retail_etl_pipeline' retrieved from /opt/airflow/dags/retail_etl_dag.py
[2026-06-27T00:22:19.178+0000] {logging_mixin.py:188} INFO - [2026-06-27T00:22:19.178+0000] {dag.py:3089} INFO - Sync 1 DAGs
[2026-06-27T00:22:19.227+0000] {logging_mixin.py:188} INFO - [2026-06-27T00:22:19.226+0000] {dag.py:3947} INFO - Setting next_dagrun for retail_etl_pipeline to 2026-06-27 00:15:00+00:00, run_after=2026-06-27 00:20:00+00:00
[2026-06-27T00:22:19.275+0000] {processor.py:183} INFO - Processing /opt/airflow/dags/retail_etl_dag.py took 0.769 seconds
[2026-06-27T00:22:49.778+0000] {processor.py:161} INFO - Started process (PID=1486) to work on /opt/airflow/dags/retail_etl_dag.py
[2026-06-27T00:22:49.783+0000] {processor.py:830} INFO - Processing file /opt/airflow/dags/retail_etl_dag.py for tasks to queue
[2026-06-27T00:22:49.786+0000] {logging_mixin.py:188} INFO - [2026-06-27T00:22:49.785+0000] {dagbag.py:545} INFO - Filling up the DagBag from /opt/airflow/dags/retail_etl_dag.py
[2026-06-27T00:22:50.343+0000] {processor.py:840} INFO - DAG(s) 'retail_etl_pipeline' retrieved from /opt/airflow/dags/retail_etl_dag.py
[2026-06-27T00:22:50.369+0000] {logging_mixin.py:188} INFO - [2026-06-27T00:22:50.369+0000] {dag.py:3089} INFO - Sync 1 DAGs
[2026-06-27T00:22:50.394+0000] {logging_mixin.py:188} INFO - [2026-06-27T00:22:50.394+0000] {dag.py:3947} INFO - Setting next_dagrun for retail_etl_pipeline to 2026-06-27 00:15:00+00:00, run_after=2026-06-27 00:20:00+00:00
[2026-06-27T00:22:50.431+0000] {processor.py:183} INFO - Processing /opt/airflow/dags/retail_etl_dag.py took 0.671 seconds
[2026-06-27T00:23:20.906+0000] {processor.py:161} INFO - Started process (PID=1492) to work on /opt/airflow/dags/retail_etl_dag.py
[2026-06-27T00:23:20.910+0000] {processor.py:830} INFO - Processing file /opt/airflow/dags/retail_etl_dag.py for tasks to queue
[2026-06-27T00:23:20.913+0000] {logging_mixin.py:188} INFO - [2026-06-27T00:23:20.912+0000] {dagbag.py:545} INFO - Filling up the DagBag from /opt/airflow/dags/retail_etl_dag.py
[2026-06-27T00:23:21.505+0000] {processor.py:840} INFO - DAG(s) 'retail_etl_pipeline' retrieved from /opt/airflow/dags/retail_etl_dag.py
[2026-06-27T00:23:21.559+0000] {logging_mixin.py:188} INFO - [2026-06-27T00:23:21.558+0000] {dag.py:3089} INFO - Sync 1 DAGs
[2026-06-27T00:23:21.604+0000] {logging_mixin.py:188} INFO - [2026-06-27T00:23:21.604+0000] {dag.py:3947} INFO - Setting next_dagrun for retail_etl_pipeline to 2026-06-27 00:15:00+00:00, run_after=2026-06-27 00:20:00+00:00
[2026-06-27T00:23:21.650+0000] {processor.py:183} INFO - Processing /opt/airflow/dags/retail_etl_dag.py took 0.760 seconds
[2026-06-27T00:23:51.799+0000] {processor.py:161} INFO - Started process (PID=1498) to work on /opt/airflow/dags/retail_etl_dag.py
[2026-06-27T00:23:51.802+0000] {processor.py:830} INFO - Processing file /opt/airflow/dags/retail_etl_dag.py for tasks to queue
[2026-06-27T00:23:51.804+0000] {logging_mixin.py:188} INFO - [2026-06-27T00:23:51.804+0000] {dagbag.py:545} INFO - Filling up the DagBag from /opt/airflow/dags/retail_etl_dag.py
[2026-06-27T00:23:52.544+0000] {processor.py:840} INFO - DAG(s) 'retail_etl_pipeline' retrieved from /opt/airflow/dags/retail_etl_dag.py
[2026-06-27T00:23:52.585+0000] {logging_mixin.py:188} INFO - [2026-06-27T00:23:52.584+0000] {dag.py:3089} INFO - Sync 1 DAGs
[2026-06-27T00:23:52.626+0000] {logging_mixin.py:188} INFO - [2026-06-27T00:23:52.625+0000] {dag.py:3947} INFO - Setting next_dagrun for retail_etl_pipeline to 2026-06-27 00:15:00+00:00, run_after=2026-06-27 00:20:00+00:00
[2026-06-27T00:23:52.658+0000] {processor.py:183} INFO - Processing /opt/airflow/dags/retail_etl_dag.py took 0.868 seconds
[2026-06-27T00:24:22.890+0000] {processor.py:161} INFO - Started process (PID=1504) to work on /opt/airflow/dags/retail_etl_dag.py
[2026-06-27T00:24:22.892+0000] {processor.py:830} INFO - Processing file /opt/airflow/dags/retail_etl_dag.py for tasks to queue
[2026-06-27T00:24:22.894+0000] {logging_mixin.py:188} INFO - [2026-06-27T00:24:22.894+0000] {dagbag.py:545} INFO - Filling up the DagBag from /opt/airflow/dags/retail_etl_dag.py
[2026-06-27T00:24:23.427+0000] {processor.py:840} INFO - DAG(s) 'retail_etl_pipeline' retrieved from /opt/airflow/dags/retail_etl_dag.py
[2026-06-27T00:24:23.455+0000] {logging_mixin.py:188} INFO - [2026-06-27T00:24:23.454+0000] {dag.py:3089} INFO - Sync 1 DAGs
[2026-06-27T00:24:23.478+0000] {logging_mixin.py:188} INFO - [2026-06-27T00:24:23.478+0000] {dag.py:3947} INFO - Setting next_dagrun for retail_etl_pipeline to 2026-06-27 00:15:00+00:00, run_after=2026-06-27 00:20:00+00:00
[2026-06-27T00:24:23.500+0000] {processor.py:183} INFO - Processing /opt/airflow/dags/retail_etl_dag.py took 0.617 seconds
[2026-06-27T00:24:53.713+0000] {processor.py:161} INFO - Started process (PID=1510) to work on /opt/airflow/dags/retail_etl_dag.py
[2026-06-27T00:24:53.715+0000] {processor.py:830} INFO - Processing file /opt/airflow/dags/retail_etl_dag.py for tasks to queue
[2026-06-27T00:24:53.716+0000] {logging_mixin.py:188} INFO - [2026-06-27T00:24:53.716+0000] {dagbag.py:545} INFO - Filling up the DagBag from /opt/airflow/dags/retail_etl_dag.py
[2026-06-27T00:24:54.235+0000] {processor.py:840} INFO - DAG(s) 'retail_etl_pipeline' retrieved from /opt/airflow/dags/retail_etl_dag.py
[2026-06-27T00:24:54.267+0000] {logging_mixin.py:188} INFO - [2026-06-27T00:24:54.267+0000] {dag.py:3089} INFO - Sync 1 DAGs
[2026-06-27T00:24:54.291+0000] {logging_mixin.py:188} INFO - [2026-06-27T00:24:54.290+0000] {dag.py:3947} INFO - Setting next_dagrun for retail_etl_pipeline to 2026-06-27 00:15:00+00:00, run_after=2026-06-27 00:20:00+00:00
[2026-06-27T00:24:54.314+0000] {processor.py:183} INFO - Processing /opt/airflow/dags/retail_etl_dag.py took 0.609 seconds
[2026-06-27T00:25:24.640+0000] {processor.py:161} INFO - Started process (PID=1516) to work on /opt/airflow/dags/retail_etl_dag.py
[2026-06-27T00:25:24.643+0000] {processor.py:830} INFO - Processing file /opt/airflow/dags/retail_etl_dag.py for tasks to queue
[2026-06-27T00:25:24.646+0000] {logging_mixin.py:188} INFO - [2026-06-27T00:25:24.645+0000] {dagbag.py:545} INFO - Filling up the DagBag from /opt/airflow/dags/retail_etl_dag.py
[2026-06-27T00:25:25.223+0000] {processor.py:840} INFO - DAG(s) 'retail_etl_pipeline' retrieved from /opt/airflow/dags/retail_etl_dag.py
[2026-06-27T00:25:25.251+0000] {logging_mixin.py:188} INFO - [2026-06-27T00:25:25.251+0000] {dag.py:3089} INFO - Sync 1 DAGs
[2026-06-27T00:25:25.275+0000] {logging_mixin.py:188} INFO - [2026-06-27T00:25:25.275+0000] {dag.py:3947} INFO - Setting next_dagrun for retail_etl_pipeline to 2026-06-27 00:20:00+00:00, run_after=2026-06-27 00:25:00+00:00
[2026-06-27T00:25:25.300+0000] {processor.py:183} INFO - Processing /opt/airflow/dags/retail_etl_dag.py took 0.673 seconds
[2026-06-27T00:25:55.557+0000] {processor.py:161} INFO - Started process (PID=1522) to work on /opt/airflow/dags/retail_etl_dag.py
[2026-06-27T00:25:55.559+0000] {processor.py:830} INFO - Processing file /opt/airflow/dags/retail_etl_dag.py for tasks to queue
[2026-06-27T00:25:55.561+0000] {logging_mixin.py:188} INFO - [2026-06-27T00:25:55.561+0000] {dagbag.py:545} INFO - Filling up the DagBag from /opt/airflow/dags/retail_etl_dag.py
[2026-06-27T00:25:56.098+0000] {processor.py:840} INFO - DAG(s) 'retail_etl_pipeline' retrieved from /opt/airflow/dags/retail_etl_dag.py
[2026-06-27T00:25:56.129+0000] {logging_mixin.py:188} INFO - [2026-06-27T00:25:56.128+0000] {dag.py:3089} INFO - Sync 1 DAGs
[2026-06-27T00:25:56.154+0000] {logging_mixin.py:188} INFO - [2026-06-27T00:25:56.154+0000] {dag.py:3947} INFO - Setting next_dagrun for retail_etl_pipeline to 2026-06-27 00:20:00+00:00, run_after=2026-06-27 00:25:00+00:00
[2026-06-27T00:25:56.174+0000] {processor.py:183} INFO - Processing /opt/airflow/dags/retail_etl_dag.py took 0.624 seconds
[2026-06-27T00:26:26.647+0000] {processor.py:161} INFO - Started process (PID=1528) to work on /opt/airflow/dags/retail_etl_dag.py
[2026-06-27T00:26:26.649+0000] {processor.py:830} INFO - Processing file /opt/airflow/dags/retail_etl_dag.py for tasks to queue
[2026-06-27T00:26:26.652+0000] {logging_mixin.py:188} INFO - [2026-06-27T00:26:26.651+0000] {dagbag.py:545} INFO - Filling up the DagBag from /opt/airflow/dags/retail_etl_dag.py
[2026-06-27T00:26:27.207+0000] {processor.py:840} INFO - DAG(s) 'retail_etl_pipeline' retrieved from /opt/airflow/dags/retail_etl_dag.py
[2026-06-27T00:26:27.235+0000] {logging_mixin.py:188} INFO - [2026-06-27T00:26:27.235+0000] {dag.py:3089} INFO - Sync 1 DAGs
[2026-06-27T00:26:27.257+0000] {logging_mixin.py:188} INFO - [2026-06-27T00:26:27.257+0000] {dag.py:3947} INFO - Setting next_dagrun for retail_etl_pipeline to 2026-06-27 00:20:00+00:00, run_after=2026-06-27 00:25:00+00:00
[2026-06-27T00:26:27.283+0000] {processor.py:183} INFO - Processing /opt/airflow/dags/retail_etl_dag.py took 0.645 seconds
[2026-06-27T00:26:57.736+0000] {processor.py:161} INFO - Started process (PID=1534) to work on /opt/airflow/dags/retail_etl_dag.py
[2026-06-27T00:26:57.739+0000] {processor.py:830} INFO - Processing file /opt/airflow/dags/retail_etl_dag.py for tasks to queue
[2026-06-27T00:26:57.740+0000] {logging_mixin.py:188} INFO - [2026-06-27T00:26:57.740+0000] {dagbag.py:545} INFO - Filling up the DagBag from /opt/airflow/dags/retail_etl_dag.py
[2026-06-27T00:26:58.360+0000] {processor.py:840} INFO - DAG(s) 'retail_etl_pipeline' retrieved from /opt/airflow/dags/retail_etl_dag.py
[2026-06-27T00:26:58.395+0000] {logging_mixin.py:188} INFO - [2026-06-27T00:26:58.395+0000] {dag.py:3089} INFO - Sync 1 DAGs
[2026-06-27T00:26:58.429+0000] {logging_mixin.py:188} INFO - [2026-06-27T00:26:58.428+0000] {dag.py:3947} INFO - Setting next_dagrun for retail_etl_pipeline to 2026-06-27 00:20:00+00:00, run_after=2026-06-27 00:25:00+00:00
[2026-06-27T00:26:58.456+0000] {processor.py:183} INFO - Processing /opt/airflow/dags/retail_etl_dag.py took 0.727 seconds
[2026-06-27T00:27:28.549+0000] {processor.py:161} INFO - Started process (PID=1540) to work on /opt/airflow/dags/retail_etl_dag.py
[2026-06-27T00:27:28.552+0000] {processor.py:830} INFO - Processing file /opt/airflow/dags/retail_etl_dag.py for tasks to queue
[2026-06-27T00:27:28.554+0000] {logging_mixin.py:188} INFO - [2026-06-27T00:27:28.554+0000] {dagbag.py:545} INFO - Filling up the DagBag from /opt/airflow/dags/retail_etl_dag.py
[2026-06-27T00:27:29.178+0000] {processor.py:840} INFO - DAG(s) 'retail_etl_pipeline' retrieved from /opt/airflow/dags/retail_etl_dag.py
[2026-06-27T00:27:29.211+0000] {logging_mixin.py:188} INFO - [2026-06-27T00:27:29.211+0000] {dag.py:3089} INFO - Sync 1 DAGs
[2026-06-27T00:27:29.238+0000] {logging_mixin.py:188} INFO - [2026-06-27T00:27:29.238+0000] {dag.py:3947} INFO - Setting next_dagrun for retail_etl_pipeline to 2026-06-27 00:20:00+00:00, run_after=2026-06-27 00:25:00+00:00
[2026-06-27T00:27:29.267+0000] {processor.py:183} INFO - Processing /opt/airflow/dags/retail_etl_dag.py took 0.729 seconds
[2026-06-27T00:27:59.696+0000] {processor.py:161} INFO - Started process (PID=1546) to work on /opt/airflow/dags/retail_etl_dag.py
[2026-06-27T00:27:59.698+0000] {processor.py:830} INFO - Processing file /opt/airflow/dags/retail_etl_dag.py for tasks to queue
[2026-06-27T00:27:59.703+0000] {logging_mixin.py:188} INFO - [2026-06-27T00:27:59.702+0000] {dagbag.py:545} INFO - Filling up the DagBag from /opt/airflow/dags/retail_etl_dag.py
[2026-06-27T00:28:00.324+0000] {processor.py:840} INFO - DAG(s) 'retail_etl_pipeline' retrieved from /opt/airflow/dags/retail_etl_dag.py
[2026-06-27T00:28:00.357+0000] {logging_mixin.py:188} INFO - [2026-06-27T00:28:00.357+0000] {dag.py:3089} INFO - Sync 1 DAGs
[2026-06-27T00:28:00.389+0000] {logging_mixin.py:188} INFO - [2026-06-27T00:28:00.389+0000] {dag.py:3947} INFO - Setting next_dagrun for retail_etl_pipeline to 2026-06-27 00:20:00+00:00, run_after=2026-06-27 00:25:00+00:00
[2026-06-27T00:28:00.429+0000] {processor.py:183} INFO - Processing /opt/airflow/dags/retail_etl_dag.py took 0.743 seconds
[2026-06-27T00:28:30.714+0000] {processor.py:161} INFO - Started process (PID=1552) to work on /opt/airflow/dags/retail_etl_dag.py
[2026-06-27T00:28:30.717+0000] {processor.py:830} INFO - Processing file /opt/airflow/dags/retail_etl_dag.py for tasks to queue
[2026-06-27T00:28:30.719+0000] {logging_mixin.py:188} INFO - [2026-06-27T00:28:30.718+0000] {dagbag.py:545} INFO - Filling up the DagBag from /opt/airflow/dags/retail_etl_dag.py
[2026-06-27T00:28:31.321+0000] {processor.py:840} INFO - DAG(s) 'retail_etl_pipeline' retrieved from /opt/airflow/dags/retail_etl_dag.py
[2026-06-27T00:28:31.354+0000] {logging_mixin.py:188} INFO - [2026-06-27T00:28:31.354+0000] {dag.py:3089} INFO - Sync 1 DAGs
[2026-06-27T00:28:31.400+0000] {logging_mixin.py:188} INFO - [2026-06-27T00:28:31.400+0000] {dag.py:3947} INFO - Setting next_dagrun for retail_etl_pipeline to 2026-06-27 00:20:00+00:00, run_after=2026-06-27 00:25:00+00:00
[2026-06-27T00:28:31.438+0000] {processor.py:183} INFO - Processing /opt/airflow/dags/retail_etl_dag.py took 0.732 seconds
[2026-06-27T00:29:01.729+0000] {processor.py:161} INFO - Started process (PID=1558) to work on /opt/airflow/dags/retail_etl_dag.py
[2026-06-27T00:29:01.731+0000] {processor.py:830} INFO - Processing file /opt/airflow/dags/retail_etl_dag.py for tasks to queue
[2026-06-27T00:29:01.733+0000] {logging_mixin.py:188} INFO - [2026-06-27T00:29:01.732+0000] {dagbag.py:545} INFO - Filling up the DagBag from /opt/airflow/dags/retail_etl_dag.py
[2026-06-27T00:29:02.251+0000] {processor.py:840} INFO - DAG(s) 'retail_etl_pipeline' retrieved from /opt/airflow/dags/retail_etl_dag.py
[2026-06-27T00:29:02.281+0000] {logging_mixin.py:188} INFO - [2026-06-27T00:29:02.281+0000] {dag.py:3089} INFO - Sync 1 DAGs
[2026-06-27T00:29:02.305+0000] {logging_mixin.py:188} INFO - [2026-06-27T00:29:02.305+0000] {dag.py:3947} INFO - Setting next_dagrun for retail_etl_pipeline to 2026-06-27 00:20:00+00:00, run_after=2026-06-27 00:25:00+00:00
[2026-06-27T00:29:02.327+0000] {processor.py:183} INFO - Processing /opt/airflow/dags/retail_etl_dag.py took 0.606 seconds
[2026-06-27T00:29:32.752+0000] {processor.py:161} INFO - Started process (PID=1564) to work on /opt/airflow/dags/retail_etl_dag.py
[2026-06-27T00:29:32.754+0000] {processor.py:830} INFO - Processing file /opt/airflow/dags/retail_etl_dag.py for tasks to queue
[2026-06-27T00:29:32.756+0000] {logging_mixin.py:188} INFO - [2026-06-27T00:29:32.755+0000] {dagbag.py:545} INFO - Filling up the DagBag from /opt/airflow/dags/retail_etl_dag.py
[2026-06-27T00:29:33.288+0000] {processor.py:840} INFO - DAG(s) 'retail_etl_pipeline' retrieved from /opt/airflow/dags/retail_etl_dag.py
[2026-06-27T00:29:33.317+0000] {logging_mixin.py:188} INFO - [2026-06-27T00:29:33.317+0000] {dag.py:3089} INFO - Sync 1 DAGs
[2026-06-27T00:29:33.341+0000] {logging_mixin.py:188} INFO - [2026-06-27T00:29:33.341+0000] {dag.py:3947} INFO - Setting next_dagrun for retail_etl_pipeline to 2026-06-27 00:20:00+00:00, run_after=2026-06-27 00:25:00+00:00
[2026-06-27T00:29:33.364+0000] {processor.py:183} INFO - Processing /opt/airflow/dags/retail_etl_dag.py took 0.619 seconds
[2026-06-27T00:30:03.580+0000] {processor.py:161} INFO - Started process (PID=1570) to work on /opt/airflow/dags/retail_etl_dag.py
[2026-06-27T00:30:03.581+0000] {processor.py:830} INFO - Processing file /opt/airflow/dags/retail_etl_dag.py for tasks to queue
[2026-06-27T00:30:03.583+0000] {logging_mixin.py:188} INFO - [2026-06-27T00:30:03.583+0000] {dagbag.py:545} INFO - Filling up the DagBag from /opt/airflow/dags/retail_etl_dag.py
[2026-06-27T00:30:04.110+0000] {processor.py:840} INFO - DAG(s) 'retail_etl_pipeline' retrieved from /opt/airflow/dags/retail_etl_dag.py
[2026-06-27T00:30:04.139+0000] {logging_mixin.py:188} INFO - [2026-06-27T00:30:04.139+0000] {dag.py:3089} INFO - Sync 1 DAGs
[2026-06-27T00:30:04.165+0000] {logging_mixin.py:188} INFO - [2026-06-27T00:30:04.164+0000] {dag.py:3947} INFO - Setting next_dagrun for retail_etl_pipeline to 2026-06-27 00:25:00+00:00, run_after=2026-06-27 00:30:00+00:00
[2026-06-27T00:30:04.187+0000] {processor.py:183} INFO - Processing /opt/airflow/dags/retail_etl_dag.py took 0.614 seconds
[2026-06-27T00:30:34.691+0000] {processor.py:161} INFO - Started process (PID=1576) to work on /opt/airflow/dags/retail_etl_dag.py
[2026-06-27T00:30:34.694+0000] {processor.py:830} INFO - Processing file /opt/airflow/dags/retail_etl_dag.py for tasks to queue
[2026-06-27T00:30:34.696+0000] {logging_mixin.py:188} INFO - [2026-06-27T00:30:34.695+0000] {dagbag.py:545} INFO - Filling up the DagBag from /opt/airflow/dags/retail_etl_dag.py
[2026-06-27T00:30:35.303+0000] {processor.py:840} INFO - DAG(s) 'retail_etl_pipeline' retrieved from /opt/airflow/dags/retail_etl_dag.py
[2026-06-27T00:30:35.336+0000] {logging_mixin.py:188} INFO - [2026-06-27T00:30:35.335+0000] {dag.py:3089} INFO - Sync 1 DAGs
[2026-06-27T00:30:35.362+0000] {logging_mixin.py:188} INFO - [2026-06-27T00:30:35.362+0000] {dag.py:3947} INFO - Setting next_dagrun for retail_etl_pipeline to 2026-06-27 00:25:00+00:00, run_after=2026-06-27 00:30:00+00:00
[2026-06-27T00:30:35.387+0000] {processor.py:183} INFO - Processing /opt/airflow/dags/retail_etl_dag.py took 0.704 seconds
[2026-06-27T00:31:05.805+0000] {processor.py:161} INFO - Started process (PID=1582) to work on /opt/airflow/dags/retail_etl_dag.py
[2026-06-27T00:31:05.807+0000] {processor.py:830} INFO - Processing file /opt/airflow/dags/retail_etl_dag.py for tasks to queue
[2026-06-27T00:31:05.810+0000] {logging_mixin.py:188} INFO - [2026-06-27T00:31:05.810+0000] {dagbag.py:545} INFO - Filling up the DagBag from /opt/airflow/dags/retail_etl_dag.py
[2026-06-27T00:31:06.415+0000] {processor.py:840} INFO - DAG(s) 'retail_etl_pipeline' retrieved from /opt/airflow/dags/retail_etl_dag.py
[2026-06-27T00:31:06.444+0000] {logging_mixin.py:188} INFO - [2026-06-27T00:31:06.443+0000] {dag.py:3089} INFO - Sync 1 DAGs
[2026-06-27T00:31:06.469+0000] {logging_mixin.py:188} INFO - [2026-06-27T00:31:06.469+0000] {dag.py:3947} INFO - Setting next_dagrun for retail_etl_pipeline to 2026-06-27 00:25:00+00:00, run_after=2026-06-27 00:30:00+00:00
[2026-06-27T00:31:06.491+0000] {processor.py:183} INFO - Processing /opt/airflow/dags/retail_etl_dag.py took 0.703 seconds
[2026-06-27T00:31:36.995+0000] {processor.py:161} INFO - Started process (PID=1588) to work on /opt/airflow/dags/retail_etl_dag.py
[2026-06-27T00:31:36.998+0000] {processor.py:830} INFO - Processing file /opt/airflow/dags/retail_etl_dag.py for tasks to queue
[2026-06-27T00:31:37.002+0000] {logging_mixin.py:188} INFO - [2026-06-27T00:31:37.001+0000] {dagbag.py:545} INFO - Filling up the DagBag from /opt/airflow/dags/retail_etl_dag.py
[2026-06-27T00:31:37.627+0000] {processor.py:840} INFO - DAG(s) 'retail_etl_pipeline' retrieved from /opt/airflow/dags/retail_etl_dag.py
[2026-06-27T00:31:37.660+0000] {logging_mixin.py:188} INFO - [2026-06-27T00:31:37.659+0000] {dag.py:3089} INFO - Sync 1 DAGs
[2026-06-27T00:31:37.706+0000] {logging_mixin.py:188} INFO - [2026-06-27T00:31:37.705+0000] {dag.py:3947} INFO - Setting next_dagrun for retail_etl_pipeline to 2026-06-27 00:25:00+00:00, run_after=2026-06-27 00:30:00+00:00
[2026-06-27T00:31:37.755+0000] {processor.py:183} INFO - Processing /opt/airflow/dags/retail_etl_dag.py took 0.774 seconds
[2026-06-27T00:32:08.054+0000] {processor.py:161} INFO - Started process (PID=1594) to work on /opt/airflow/dags/retail_etl_dag.py
[2026-06-27T00:32:08.056+0000] {processor.py:830} INFO - Processing file /opt/airflow/dags/retail_etl_dag.py for tasks to queue
[2026-06-27T00:32:08.059+0000] {logging_mixin.py:188} INFO - [2026-06-27T00:32:08.058+0000] {dagbag.py:545} INFO - Filling up the DagBag from /opt/airflow/dags/retail_etl_dag.py
[2026-06-27T00:32:08.691+0000] {processor.py:840} INFO - DAG(s) 'retail_etl_pipeline' retrieved from /opt/airflow/dags/retail_etl_dag.py
[2026-06-27T00:32:08.721+0000] {logging_mixin.py:188} INFO - [2026-06-27T00:32:08.721+0000] {dag.py:3089} INFO - Sync 1 DAGs
[2026-06-27T00:32:08.756+0000] {logging_mixin.py:188} INFO - [2026-06-27T00:32:08.756+0000] {dag.py:3947} INFO - Setting next_dagrun for retail_etl_pipeline to 2026-06-27 00:25:00+00:00, run_after=2026-06-27 00:30:00+00:00
[2026-06-27T00:32:08.796+0000] {processor.py:183} INFO - Processing /opt/airflow/dags/retail_etl_dag.py took 0.753 seconds
[2026-06-27T00:32:39.274+0000] {processor.py:161} INFO - Started process (PID=1600) to work on /opt/airflow/dags/retail_etl_dag.py
[2026-06-27T00:32:39.277+0000] {processor.py:830} INFO - Processing file /opt/airflow/dags/retail_etl_dag.py for tasks to queue
[2026-06-27T00:32:39.279+0000] {logging_mixin.py:188} INFO - [2026-06-27T00:32:39.279+0000] {dagbag.py:545} INFO - Filling up the DagBag from /opt/airflow/dags/retail_etl_dag.py
[2026-06-27T00:32:39.904+0000] {processor.py:840} INFO - DAG(s) 'retail_etl_pipeline' retrieved from /opt/airflow/dags/retail_etl_dag.py
[2026-06-27T00:32:39.938+0000] {logging_mixin.py:188} INFO - [2026-06-27T00:32:39.937+0000] {dag.py:3089} INFO - Sync 1 DAGs
[2026-06-27T00:32:39.966+0000] {logging_mixin.py:188} INFO - [2026-06-27T00:32:39.966+0000] {dag.py:3947} INFO - Setting next_dagrun for retail_etl_pipeline to 2026-06-27 00:25:00+00:00, run_after=2026-06-27 00:30:00+00:00
[2026-06-27T00:32:39.990+0000] {processor.py:183} INFO - Processing /opt/airflow/dags/retail_etl_dag.py took 0.734 seconds
[2026-06-27T00:33:10.440+0000] {processor.py:161} INFO - Started process (PID=1606) to work on /opt/airflow/dags/retail_etl_dag.py
[2026-06-27T00:33:10.443+0000] {processor.py:830} INFO - Processing file /opt/airflow/dags/retail_etl_dag.py for tasks to queue
[2026-06-27T00:33:10.446+0000] {logging_mixin.py:188} INFO - [2026-06-27T00:33:10.445+0000] {dagbag.py:545} INFO - Filling up the DagBag from /opt/airflow/dags/retail_etl_dag.py
[2026-06-27T00:33:11.080+0000] {processor.py:840} INFO - DAG(s) 'retail_etl_pipeline' retrieved from /opt/airflow/dags/retail_etl_dag.py
[2026-06-27T00:33:11.114+0000] {logging_mixin.py:188} INFO - [2026-06-27T00:33:11.114+0000] {dag.py:3089} INFO - Sync 1 DAGs
[2026-06-27T00:33:11.143+0000] {logging_mixin.py:188} INFO - [2026-06-27T00:33:11.142+0000] {dag.py:3947} INFO - Setting next_dagrun for retail_etl_pipeline to 2026-06-27 00:25:00+00:00, run_after=2026-06-27 00:30:00+00:00
[2026-06-27T00:33:11.171+0000] {processor.py:183} INFO - Processing /opt/airflow/dags/retail_etl_dag.py took 0.776 seconds
[2026-06-27T00:33:41.476+0000] {processor.py:161} INFO - Started process (PID=1612) to work on /opt/airflow/dags/retail_etl_dag.py
[2026-06-27T00:33:41.478+0000] {processor.py:830} INFO - Processing file /opt/airflow/dags/retail_etl_dag.py for tasks to queue
[2026-06-27T00:33:41.481+0000] {logging_mixin.py:188} INFO - [2026-06-27T00:33:41.480+0000] {dagbag.py:545} INFO - Filling up the DagBag from /opt/airflow/dags/retail_etl_dag.py
[2026-06-27T00:33:42.767+0000] {processor.py:840} INFO - DAG(s) 'retail_etl_pipeline' retrieved from /opt/airflow/dags/retail_etl_dag.py
[2026-06-27T00:33:42.807+0000] {logging_mixin.py:188} INFO - [2026-06-27T00:33:42.806+0000] {dag.py:3089} INFO - Sync 1 DAGs
[2026-06-27T00:33:42.842+0000] {logging_mixin.py:188} INFO - [2026-06-27T00:33:42.842+0000] {dag.py:3947} INFO - Setting next_dagrun for retail_etl_pipeline to 2026-06-27 00:25:00+00:00, run_after=2026-06-27 00:30:00+00:00
[2026-06-27T00:33:42.874+0000] {processor.py:183} INFO - Processing /opt/airflow/dags/retail_etl_dag.py took 1.416 seconds
