[2026-06-24T00:10:01.255+0000] {local_task_job_runner.py:120} INFO - ::group::Pre task execution logs
[2026-06-24T00:10:01.303+0000] {taskinstance.py:2076} INFO - Dependencies all met for dep_context=non-requeueable deps ti=<TaskInstance: retail_etl_pipeline.load_raw_to_staging scheduled__2026-06-24T00:05:00+00:00 [queued]>
[2026-06-24T00:10:01.322+0000] {taskinstance.py:2076} INFO - Dependencies all met for dep_context=requeueable deps ti=<TaskInstance: retail_etl_pipeline.load_raw_to_staging scheduled__2026-06-24T00:05:00+00:00 [queued]>
[2026-06-24T00:10:01.325+0000] {taskinstance.py:2306} INFO - Starting attempt 1 of 2
[2026-06-24T00:10:01.358+0000] {taskinstance.py:2330} INFO - Executing <Task(PythonOperator): load_raw_to_staging> on 2026-06-24 00:05:00+00:00
[2026-06-24T00:10:01.380+0000] {standard_task_runner.py:90} INFO - Running: ['***', 'tasks', 'run', 'retail_etl_pipeline', 'load_raw_to_staging', 'scheduled__2026-06-24T00:05:00+00:00', '--job-id', '18', '--raw', '--subdir', 'DAGS_FOLDER/retail_etl_dag.py', '--cfg-path', '/tmp/tmp8fbg3sr9']
[2026-06-24T00:10:01.387+0000] {standard_task_runner.py:91} INFO - Job 18: Subtask load_raw_to_staging
[2026-06-24T00:10:01.387+0000] {logging_mixin.py:188} WARNING - /home/***/.local/lib/python3.12/site-packages/***/task/task_runner/standard_task_runner.py:62 DeprecationWarning: This process (pid=336) is multi-threaded, use of fork() may lead to deadlocks in the child.
[2026-06-24T00:10:01.389+0000] {standard_task_runner.py:64} INFO - Started process 338 to run task
[2026-06-24T00:10:01.508+0000] {task_command.py:426} INFO - Running <TaskInstance: retail_etl_pipeline.load_raw_to_staging scheduled__2026-06-24T00:05:00+00:00 [running]> on host 07e54d19aa44
[2026-06-24T00:10:01.854+0000] {taskinstance.py:2648} INFO - Exporting env vars: AIRFLOW_CTX_DAG_OWNER='***' AIRFLOW_CTX_DAG_ID='retail_etl_pipeline' AIRFLOW_CTX_TASK_ID='load_raw_to_staging' AIRFLOW_CTX_EXECUTION_DATE='2026-06-24T00:05:00+00:00' AIRFLOW_CTX_TRY_NUMBER='1' AIRFLOW_CTX_DAG_RUN_ID='scheduled__2026-06-24T00:05:00+00:00'
[2026-06-24T00:10:01.856+0000] {taskinstance.py:430} INFO - ::endgroup::
[2026-06-24T00:10:01.949+0000] {taskinstance.py:441} INFO - ::group::Post task execution logs
[2026-06-24T00:10:01.951+0000] {taskinstance.py:2905} ERROR - Task failed with exception
Traceback (most recent call last):
  File "/home/airflow/.local/lib/python3.12/site-packages/airflow/models/taskinstance.py", line 465, in _execute_task
    result = _execute_callable(context=context, **execute_callable_kwargs)
             ^^^^^^^^^^^^^^^^^^^^^^^^^^^^^^^^^^^^^^^^^^^^^^^^^^^^^^^^^^^^^
  File "/home/airflow/.local/lib/python3.12/site-packages/airflow/models/taskinstance.py", line 432, in _execute_callable
    return execute_callable(context=context, **execute_callable_kwargs)
           ^^^^^^^^^^^^^^^^^^^^^^^^^^^^^^^^^^^^^^^^^^^^^^^^^^^^^^^^^^^^
  File "/home/airflow/.local/lib/python3.12/site-packages/airflow/models/baseoperator.py", line 401, in wrapper
    return func(self, *args, **kwargs)
           ^^^^^^^^^^^^^^^^^^^^^^^^^^^
  File "/home/airflow/.local/lib/python3.12/site-packages/airflow/operators/python.py", line 235, in execute
    return_value = self.execute_callable()
                   ^^^^^^^^^^^^^^^^^^^^^^^
  File "/home/airflow/.local/lib/python3.12/site-packages/airflow/operators/python.py", line 252, in execute_callable
    return self.python_callable(*self.op_args, **self.op_kwargs)
           ^^^^^^^^^^^^^^^^^^^^^^^^^^^^^^^^^^^^^^^^^^^^^^^^^^^^^
  File "/opt/airflow/dags/retail_etl_dag.py", line 40, in task1_load_staging
    conn.commit()
    ^^^^^^^^^^^
AttributeError: 'Connection' object has no attribute 'commit'
[2026-06-24T00:10:01.971+0000] {taskinstance.py:1206} INFO - Marking task as UP_FOR_RETRY. dag_id=retail_etl_pipeline, task_id=load_raw_to_staging, run_id=scheduled__2026-06-24T00:05:00+00:00, execution_date=20260624T000500, start_date=20260624T001001, end_date=20260624T001001
[2026-06-24T00:10:01.987+0000] {standard_task_runner.py:110} ERROR - Failed to execute job 18 for task load_raw_to_staging ('Connection' object has no attribute 'commit'; 338)
[2026-06-24T00:10:02.009+0000] {local_task_job_runner.py:243} INFO - Task exited with return code 1
[2026-06-24T00:10:02.043+0000] {taskinstance.py:3503} INFO - 0 downstream tasks scheduled from follow-on schedule check
[2026-06-24T00:10:02.049+0000] {local_task_job_runner.py:222} INFO - ::endgroup::
