[2026-06-24T00:15:03.459+0000] {local_task_job_runner.py:120} INFO - ::group::Pre task execution logs
[2026-06-24T00:15:03.531+0000] {taskinstance.py:2076} INFO - Dependencies all met for dep_context=non-requeueable deps ti=<TaskInstance: retail_etl_pipeline.load_raw_to_staging scheduled__2026-06-24T00:05:00+00:00 [queued]>
[2026-06-24T00:15:03.551+0000] {taskinstance.py:2076} INFO - Dependencies all met for dep_context=requeueable deps ti=<TaskInstance: retail_etl_pipeline.load_raw_to_staging scheduled__2026-06-24T00:05:00+00:00 [queued]>
[2026-06-24T00:15:03.553+0000] {taskinstance.py:2306} INFO - Starting attempt 2 of 2
[2026-06-24T00:15:03.584+0000] {taskinstance.py:2330} INFO - Executing <Task(PythonOperator): load_raw_to_staging> on 2026-06-24 00:05:00+00:00
[2026-06-24T00:15:03.605+0000] {standard_task_runner.py:90} INFO - Running: ['***', 'tasks', 'run', 'retail_etl_pipeline', 'load_raw_to_staging', 'scheduled__2026-06-24T00:05:00+00:00', '--job-id', '22', '--raw', '--subdir', 'DAGS_FOLDER/retail_etl_dag.py', '--cfg-path', '/tmp/tmpog3t7woj']
[2026-06-24T00:15:03.613+0000] {standard_task_runner.py:91} INFO - Job 22: Subtask load_raw_to_staging
[2026-06-24T00:15:03.615+0000] {logging_mixin.py:188} WARNING - /home/***/.local/lib/python3.12/site-packages/***/task/task_runner/standard_task_runner.py:62 DeprecationWarning: This process (pid=402) is multi-threaded, use of fork() may lead to deadlocks in the child.
[2026-06-24T00:15:03.618+0000] {standard_task_runner.py:64} INFO - Started process 404 to run task
[2026-06-24T00:15:03.746+0000] {task_command.py:426} INFO - Running <TaskInstance: retail_etl_pipeline.load_raw_to_staging scheduled__2026-06-24T00:05:00+00:00 [running]> on host 07e54d19aa44
[2026-06-24T00:15:04.086+0000] {taskinstance.py:2648} INFO - Exporting env vars: AIRFLOW_CTX_DAG_OWNER='***' AIRFLOW_CTX_DAG_ID='retail_etl_pipeline' AIRFLOW_CTX_TASK_ID='load_raw_to_staging' AIRFLOW_CTX_EXECUTION_DATE='2026-06-24T00:05:00+00:00' AIRFLOW_CTX_TRY_NUMBER='2' AIRFLOW_CTX_DAG_RUN_ID='scheduled__2026-06-24T00:05:00+00:00'
[2026-06-24T00:15:04.089+0000] {taskinstance.py:430} INFO - ::endgroup::
[2026-06-24T00:15:04.212+0000] {taskinstance.py:441} INFO - ::group::Post task execution logs
[2026-06-24T00:15:04.214+0000] {taskinstance.py:2905} ERROR - Task failed with exception
Traceback (most recent call last):
  File "/home/airflow/.local/lib/python3.12/site-packages/airflow/models/taskinstance.py", line 465, in _execute_task
    result = _execute_callable(context=context, **execute_callable_kwargs)
             ^^^^^^^^^^^^^^^^^^^^^^^^^^^^^^^^^^^^^^^^^^^^^^^^^^^^^^^^^^^^^
  File "/home/airflow/.local/lib/python3.12/site-packages/airflow/models/taskinstance.py", line 432, in _execute_callable
    return execute_callable(context=context, **execute_callable_kwargs)
           ^^^^^^^^^^^^^^^^^^^^^^^^^^^^^^^^^^^^^^^^^^^^^^^^^^^^^^^^^^^^
  File "/home/airflow/.local/lib/python3.12/site-packages/airflow/models/baseoperator.py", line 401, in wrapper
    return func(self, *args, **kwargs)
           ^^^^^^^^^^^^^^^^^^^^^^^^^^^
  File "/home/airflow/.local/lib/python3.12/site-packages/airflow/operators/python.py", line 235, in execute
    return_value = self.execute_callable()
                   ^^^^^^^^^^^^^^^^^^^^^^^
  File "/home/airflow/.local/lib/python3.12/site-packages/airflow/operators/python.py", line 252, in execute_callable
    return self.python_callable(*self.op_args, **self.op_kwargs)
           ^^^^^^^^^^^^^^^^^^^^^^^^^^^^^^^^^^^^^^^^^^^^^^^^^^^^^
  File "/opt/airflow/dags/retail_etl_dag.py", line 40, in task1_load_staging
    conn.commit()
    ^^^^^^^^^^^
AttributeError: 'Connection' object has no attribute 'commit'
[2026-06-24T00:15:04.234+0000] {taskinstance.py:1206} INFO - Marking task as FAILED. dag_id=retail_etl_pipeline, task_id=load_raw_to_staging, run_id=scheduled__2026-06-24T00:05:00+00:00, execution_date=20260624T000500, start_date=20260624T001503, end_date=20260624T001504
[2026-06-24T00:15:04.253+0000] {standard_task_runner.py:110} ERROR - Failed to execute job 22 for task load_raw_to_staging ('Connection' object has no attribute 'commit'; 404)
[2026-06-24T00:15:04.279+0000] {local_task_job_runner.py:243} INFO - Task exited with return code 1
[2026-06-24T00:15:04.308+0000] {taskinstance.py:3503} INFO - 0 downstream tasks scheduled from follow-on schedule check
[2026-06-24T00:15:04.316+0000] {local_task_job_runner.py:222} INFO - ::endgroup::
