[2026-06-28T13:35:01.515+0000] {local_task_job_runner.py:120} INFO - ::group::Pre task execution logs
[2026-06-28T13:35:01.556+0000] {taskinstance.py:2076} INFO - Dependencies all met for dep_context=non-requeueable deps ti=<TaskInstance: staging_pipeline.load_raw_to_staging scheduled__2026-06-28T13:30:00+00:00 [queued]>
[2026-06-28T13:35:01.567+0000] {taskinstance.py:2076} INFO - Dependencies all met for dep_context=requeueable deps ti=<TaskInstance: staging_pipeline.load_raw_to_staging scheduled__2026-06-28T13:30:00+00:00 [queued]>
[2026-06-28T13:35:01.568+0000] {taskinstance.py:2306} INFO - Starting attempt 1 of 2
[2026-06-28T13:35:01.584+0000] {taskinstance.py:2330} INFO - Executing <Task(PythonOperator): load_raw_to_staging> on 2026-06-28 13:30:00+00:00
[2026-06-28T13:35:01.601+0000] {logging_mixin.py:188} WARNING - /home/***/.local/lib/python3.12/site-packages/***/task/task_runner/standard_task_runner.py:62 DeprecationWarning: This process (pid=1501) is multi-threaded, use of fork() may lead to deadlocks in the child.
[2026-06-28T13:35:01.604+0000] {standard_task_runner.py:64} INFO - Started process 1507 to run task
[2026-06-28T13:35:01.604+0000] {standard_task_runner.py:90} INFO - Running: ['***', 'tasks', 'run', 'staging_pipeline', 'load_raw_to_staging', 'scheduled__2026-06-28T13:30:00+00:00', '--job-id', '457', '--raw', '--subdir', 'DAGS_FOLDER/staging_dag.py', '--cfg-path', '/tmp/tmpf252u_92']
[2026-06-28T13:35:01.615+0000] {standard_task_runner.py:91} INFO - Job 457: Subtask load_raw_to_staging
[2026-06-28T13:35:01.683+0000] {task_command.py:426} INFO - Running <TaskInstance: staging_pipeline.load_raw_to_staging scheduled__2026-06-28T13:30:00+00:00 [running]> on host 07e54d19aa44
[2026-06-28T13:35:01.994+0000] {taskinstance.py:2648} INFO - Exporting env vars: AIRFLOW_CTX_DAG_OWNER='***' AIRFLOW_CTX_DAG_ID='staging_pipeline' AIRFLOW_CTX_TASK_ID='load_raw_to_staging' AIRFLOW_CTX_EXECUTION_DATE='2026-06-28T13:30:00+00:00' AIRFLOW_CTX_TRY_NUMBER='1' AIRFLOW_CTX_DAG_RUN_ID='scheduled__2026-06-28T13:30:00+00:00'
[2026-06-28T13:35:01.996+0000] {taskinstance.py:430} INFO - ::endgroup::
[2026-06-28T13:35:27.129+0000] {python.py:237} INFO - Done. Returned value was: None
[2026-06-28T13:35:27.131+0000] {taskinstance.py:441} INFO - ::group::Post task execution logs
[2026-06-28T13:35:27.142+0000] {taskinstance.py:1206} INFO - Marking task as SUCCESS. dag_id=staging_pipeline, task_id=load_raw_to_staging, run_id=scheduled__2026-06-28T13:30:00+00:00, execution_date=20260628T133000, start_date=20260628T133501, end_date=20260628T133527
[2026-06-28T13:35:27.204+0000] {local_task_job_runner.py:243} INFO - Task exited with return code 0
[2026-06-28T13:35:27.253+0000] {taskinstance.py:3503} INFO - 1 downstream tasks scheduled from follow-on schedule check
[2026-06-28T13:35:27.259+0000] {local_task_job_runner.py:222} INFO - ::endgroup::
[2026-06-28T13:36:05.130+0000] {local_task_job_runner.py:120} INFO - ::group::Pre task execution logs
[2026-06-28T13:36:05.176+0000] {taskinstance.py:2076} INFO - Dependencies all met for dep_context=non-requeueable deps ti=<TaskInstance: staging_pipeline.load_raw_to_staging scheduled__2026-06-28T13:30:00+00:00 [queued]>
[2026-06-28T13:36:05.187+0000] {taskinstance.py:2076} INFO - Dependencies all met for dep_context=requeueable deps ti=<TaskInstance: staging_pipeline.load_raw_to_staging scheduled__2026-06-28T13:30:00+00:00 [queued]>
[2026-06-28T13:36:05.188+0000] {taskinstance.py:2306} INFO - Starting attempt 1 of 2
[2026-06-28T13:36:05.205+0000] {taskinstance.py:2330} INFO - Executing <Task(PythonOperator): load_raw_to_staging> on 2026-06-28 13:30:00+00:00
[2026-06-28T13:36:05.218+0000] {standard_task_runner.py:90} INFO - Running: ['***', 'tasks', 'run', 'staging_pipeline', 'load_raw_to_staging', 'scheduled__2026-06-28T13:30:00+00:00', '--job-id', '462', '--raw', '--subdir', 'DAGS_FOLDER/staging_dag.py', '--cfg-path', '/tmp/tmpo2zk5l6r']
[2026-06-28T13:36:05.221+0000] {logging_mixin.py:188} WARNING - /home/***/.local/lib/python3.12/site-packages/***/task/task_runner/standard_task_runner.py:62 DeprecationWarning: This process (pid=1542) is multi-threaded, use of fork() may lead to deadlocks in the child.
[2026-06-28T13:36:05.222+0000] {standard_task_runner.py:91} INFO - Job 462: Subtask load_raw_to_staging
[2026-06-28T13:36:05.223+0000] {standard_task_runner.py:64} INFO - Started process 1544 to run task
[2026-06-28T13:36:05.286+0000] {task_command.py:426} INFO - Running <TaskInstance: staging_pipeline.load_raw_to_staging scheduled__2026-06-28T13:30:00+00:00 [running]> on host 07e54d19aa44
[2026-06-28T13:36:05.642+0000] {taskinstance.py:2648} INFO - Exporting env vars: AIRFLOW_CTX_DAG_OWNER='***' AIRFLOW_CTX_DAG_ID='staging_pipeline' AIRFLOW_CTX_TASK_ID='load_raw_to_staging' AIRFLOW_CTX_EXECUTION_DATE='2026-06-28T13:30:00+00:00' AIRFLOW_CTX_TRY_NUMBER='1' AIRFLOW_CTX_DAG_RUN_ID='scheduled__2026-06-28T13:30:00+00:00'
[2026-06-28T13:36:05.644+0000] {taskinstance.py:430} INFO - ::endgroup::
[2026-06-28T13:36:36.982+0000] {python.py:237} INFO - Done. Returned value was: None
[2026-06-28T13:36:36.983+0000] {taskinstance.py:441} INFO - ::group::Post task execution logs
[2026-06-28T13:36:36.994+0000] {taskinstance.py:1206} INFO - Marking task as SUCCESS. dag_id=staging_pipeline, task_id=load_raw_to_staging, run_id=scheduled__2026-06-28T13:30:00+00:00, execution_date=20260628T133000, start_date=20260628T133605, end_date=20260628T133636
[2026-06-28T13:36:37.039+0000] {local_task_job_runner.py:243} INFO - Task exited with return code 0
[2026-06-28T13:36:37.067+0000] {taskinstance.py:3503} INFO - 1 downstream tasks scheduled from follow-on schedule check
[2026-06-28T13:36:37.071+0000] {local_task_job_runner.py:222} INFO - ::endgroup::
