[2026-06-30T13:08:27.556+0000] {local_task_job_runner.py:120} INFO - ::group::Pre task execution logs
[2026-06-30T13:08:27.611+0000] {taskinstance.py:2076} INFO - Dependencies all met for dep_context=non-requeueable deps ti=<TaskInstance: dw_pipeline.build_fact_table manual__2026-06-30T13:08:16.270942+00:00 [queued]>
[2026-06-30T13:08:27.625+0000] {taskinstance.py:2076} INFO - Dependencies all met for dep_context=requeueable deps ti=<TaskInstance: dw_pipeline.build_fact_table manual__2026-06-30T13:08:16.270942+00:00 [queued]>
[2026-06-30T13:08:27.626+0000] {taskinstance.py:2306} INFO - Starting attempt 1 of 2
[2026-06-30T13:08:27.646+0000] {taskinstance.py:2330} INFO - Executing <Task(PythonOperator): build_fact_table> on 2026-06-30 13:08:16.270942+00:00
[2026-06-30T13:08:27.657+0000] {logging_mixin.py:188} WARNING - /home/***/.local/lib/python3.12/site-packages/***/task/task_runner/standard_task_runner.py:62 DeprecationWarning: This process (pid=6537) is multi-threaded, use of fork() may lead to deadlocks in the child.
[2026-06-30T13:08:27.657+0000] {standard_task_runner.py:90} INFO - Running: ['***', 'tasks', 'run', 'dw_pipeline', 'build_fact_table', 'manual__2026-06-30T13:08:16.270942+00:00', '--job-id', '772', '--raw', '--subdir', 'DAGS_FOLDER/dw_dag.py', '--cfg-path', '/tmp/tmpgsgqwr3w']
[2026-06-30T13:08:27.660+0000] {standard_task_runner.py:64} INFO - Started process 6539 to run task
[2026-06-30T13:08:27.661+0000] {standard_task_runner.py:91} INFO - Job 772: Subtask build_fact_table
[2026-06-30T13:08:27.739+0000] {task_command.py:426} INFO - Running <TaskInstance: dw_pipeline.build_fact_table manual__2026-06-30T13:08:16.270942+00:00 [running]> on host 07e54d19aa44
[2026-06-30T13:08:27.885+0000] {taskinstance.py:2648} INFO - Exporting env vars: AIRFLOW_CTX_DAG_OWNER='***' AIRFLOW_CTX_DAG_ID='dw_pipeline' AIRFLOW_CTX_TASK_ID='build_fact_table' AIRFLOW_CTX_EXECUTION_DATE='2026-06-30T13:08:16.270942+00:00' AIRFLOW_CTX_TRY_NUMBER='1' AIRFLOW_CTX_DAG_RUN_ID='manual__2026-06-30T13:08:16.270942+00:00'
[2026-06-30T13:08:27.887+0000] {taskinstance.py:430} INFO - ::endgroup::
[2026-06-30T13:08:43.393+0000] {taskinstance.py:441} INFO - ::group::Post task execution logs
[2026-06-30T13:08:43.396+0000] {taskinstance.py:2905} ERROR - Task failed with exception
Traceback (most recent call last):
  File "/home/airflow/.local/lib/python3.12/site-packages/sqlalchemy/engine/base.py", line 1910, in _execute_context
    self.dialect.do_execute(
  File "/home/airflow/.local/lib/python3.12/site-packages/sqlalchemy/engine/default.py", line 736, in do_execute
    cursor.execute(statement, parameters)
psycopg2.errors.DeadlockDetected: deadlock detected
DETAIL:  Process 4264 waits for RowShareLock on relation 19908 of database 16537; blocked by process 25188.
Process 25188 waits for AccessExclusiveLock on relation 19943 of database 16537; blocked by process 4264.
HINT:  See server log for query details.


The above exception was the direct cause of the following exception:

Traceback (most recent call last):
  File "/home/airflow/.local/lib/python3.12/site-packages/airflow/models/taskinstance.py", line 465, in _execute_task
    result = _execute_callable(context=context, **execute_callable_kwargs)
             ^^^^^^^^^^^^^^^^^^^^^^^^^^^^^^^^^^^^^^^^^^^^^^^^^^^^^^^^^^^^^
  File "/home/airflow/.local/lib/python3.12/site-packages/airflow/models/taskinstance.py", line 432, in _execute_callable
    return execute_callable(context=context, **execute_callable_kwargs)
           ^^^^^^^^^^^^^^^^^^^^^^^^^^^^^^^^^^^^^^^^^^^^^^^^^^^^^^^^^^^^
  File "/home/airflow/.local/lib/python3.12/site-packages/airflow/models/baseoperator.py", line 401, in wrapper
    return func(self, *args, **kwargs)
           ^^^^^^^^^^^^^^^^^^^^^^^^^^^
  File "/home/airflow/.local/lib/python3.12/site-packages/airflow/operators/python.py", line 235, in execute
    return_value = self.execute_callable()
                   ^^^^^^^^^^^^^^^^^^^^^^^
  File "/home/airflow/.local/lib/python3.12/site-packages/airflow/operators/python.py", line 252, in execute_callable
    return self.python_callable(*self.op_args, **self.op_kwargs)
           ^^^^^^^^^^^^^^^^^^^^^^^^^^^^^^^^^^^^^^^^^^^^^^^^^^^^^
  File "/opt/airflow/dags/dw_dag.py", line 161, in task4_build_fact
    conn.execute(text("""
  File "/home/airflow/.local/lib/python3.12/site-packages/sqlalchemy/engine/base.py", line 1385, in execute
    return meth(self, multiparams, params, _EMPTY_EXECUTION_OPTS)
           ^^^^^^^^^^^^^^^^^^^^^^^^^^^^^^^^^^^^^^^^^^^^^^^^^^^^^^
  File "/home/airflow/.local/lib/python3.12/site-packages/sqlalchemy/sql/elements.py", line 334, in _execute_on_connection
    return connection._execute_clauseelement(
           ^^^^^^^^^^^^^^^^^^^^^^^^^^^^^^^^^^
  File "/home/airflow/.local/lib/python3.12/site-packages/sqlalchemy/engine/base.py", line 1577, in _execute_clauseelement
    ret = self._execute_context(
          ^^^^^^^^^^^^^^^^^^^^^^
  File "/home/airflow/.local/lib/python3.12/site-packages/sqlalchemy/engine/base.py", line 1953, in _execute_context
    self._handle_dbapi_exception(
  File "/home/airflow/.local/lib/python3.12/site-packages/sqlalchemy/engine/base.py", line 2134, in _handle_dbapi_exception
    util.raise_(
  File "/home/airflow/.local/lib/python3.12/site-packages/sqlalchemy/util/compat.py", line 211, in raise_
    raise exception
  File "/home/airflow/.local/lib/python3.12/site-packages/sqlalchemy/engine/base.py", line 1910, in _execute_context
    self.dialect.do_execute(
  File "/home/airflow/.local/lib/python3.12/site-packages/sqlalchemy/engine/default.py", line 736, in do_execute
    cursor.execute(statement, parameters)
sqlalchemy.exc.OperationalError: (psycopg2.errors.DeadlockDetected) deadlock detected
DETAIL:  Process 4264 waits for RowShareLock on relation 19908 of database 16537; blocked by process 25188.
Process 25188 waits for AccessExclusiveLock on relation 19943 of database 16537; blocked by process 4264.
HINT:  See server log for query details.

[SQL: 
            INSERT INTO dw.fact_order_items
                (order_id, order_item_id, customer_id, product_id, seller_id,
                 order_purchase_date_key, order_status, shipping_limit_date,
                 price, freight_value, total_amount)
            SELECT
                o.order_id, oi.order_item_id, o.customer_id, oi.product_id, oi.seller_id,
                TO_CHAR(o.order_purchase_timestamp::TIMESTAMP::DATE, 'YYYYMMDD')::INT,
                o.order_status,
                oi.shipping_limit_date::TIMESTAMP,
                oi.price, oi.freight_value, oi.total_amount
            FROM staging.order_items oi
            JOIN staging.orders o ON oi.order_id = o.order_id
        ]
(Background on this error at: https://sqlalche.me/e/14/e3q8)
[2026-06-30T13:08:43.429+0000] {taskinstance.py:1206} INFO - Marking task as UP_FOR_RETRY. dag_id=dw_pipeline, task_id=build_fact_table, run_id=manual__2026-06-30T13:08:16.270942+00:00, execution_date=20260630T130816, start_date=20260630T130827, end_date=20260630T130843
[2026-06-30T13:08:43.449+0000] {standard_task_runner.py:110} ERROR - Failed to execute job 772 for task build_fact_table ((psycopg2.errors.DeadlockDetected) deadlock detected
DETAIL:  Process 4264 waits for RowShareLock on relation 19908 of database 16537; blocked by process 25188.
Process 25188 waits for AccessExclusiveLock on relation 19943 of database 16537; blocked by process 4264.
HINT:  See server log for query details.

[SQL: 
            INSERT INTO dw.fact_order_items
                (order_id, order_item_id, customer_id, product_id, seller_id,
                 order_purchase_date_key, order_status, shipping_limit_date,
                 price, freight_value, total_amount)
            SELECT
                o.order_id, oi.order_item_id, o.customer_id, oi.product_id, oi.seller_id,
                TO_CHAR(o.order_purchase_timestamp::TIMESTAMP::DATE, 'YYYYMMDD')::INT,
                o.order_status,
                oi.shipping_limit_date::TIMESTAMP,
                oi.price, oi.freight_value, oi.total_amount
            FROM staging.order_items oi
            JOIN staging.orders o ON oi.order_id = o.order_id
        ]
(Background on this error at: https://sqlalche.me/e/14/e3q8); 6539)
[2026-06-30T13:08:43.495+0000] {local_task_job_runner.py:243} INFO - Task exited with return code 1
[2026-06-30T13:08:43.523+0000] {taskinstance.py:3503} INFO - 0 downstream tasks scheduled from follow-on schedule check
[2026-06-30T13:08:43.528+0000] {local_task_job_runner.py:222} INFO - ::endgroup::
