[2026-06-28T13:35:28.512+0000] {local_task_job_runner.py:120} INFO - ::group::Pre task execution logs
[2026-06-28T13:35:28.576+0000] {taskinstance.py:2076} INFO - Dependencies all met for dep_context=non-requeueable deps ti=<TaskInstance: staging_pipeline.clean_transform_staging scheduled__2026-06-28T13:30:00+00:00 [queued]>
[2026-06-28T13:35:28.597+0000] {taskinstance.py:2076} INFO - Dependencies all met for dep_context=requeueable deps ti=<TaskInstance: staging_pipeline.clean_transform_staging scheduled__2026-06-28T13:30:00+00:00 [queued]>
[2026-06-28T13:35:28.600+0000] {taskinstance.py:2306} INFO - Starting attempt 1 of 2
[2026-06-28T13:35:28.632+0000] {taskinstance.py:2330} INFO - Executing <Task(PythonOperator): clean_transform_staging> on 2026-06-28 13:30:00+00:00
[2026-06-28T13:35:28.650+0000] {standard_task_runner.py:90} INFO - Running: ['***', 'tasks', 'run', 'staging_pipeline', 'clean_transform_staging', 'scheduled__2026-06-28T13:30:00+00:00', '--job-id', '458', '--raw', '--subdir', 'DAGS_FOLDER/staging_dag.py', '--cfg-path', '/tmp/tmp5jn3ydk8']
[2026-06-28T13:35:28.657+0000] {standard_task_runner.py:91} INFO - Job 458: Subtask clean_transform_staging
[2026-06-28T13:35:28.657+0000] {logging_mixin.py:188} WARNING - /home/***/.local/lib/python3.12/site-packages/***/task/task_runner/standard_task_runner.py:62 DeprecationWarning: This process (pid=1515) is multi-threaded, use of fork() may lead to deadlocks in the child.
[2026-06-28T13:35:28.661+0000] {standard_task_runner.py:64} INFO - Started process 1517 to run task
[2026-06-28T13:35:28.750+0000] {task_command.py:426} INFO - Running <TaskInstance: staging_pipeline.clean_transform_staging scheduled__2026-06-28T13:30:00+00:00 [running]> on host 07e54d19aa44
[2026-06-28T13:35:29.093+0000] {taskinstance.py:2648} INFO - Exporting env vars: AIRFLOW_CTX_DAG_OWNER='***' AIRFLOW_CTX_DAG_ID='staging_pipeline' AIRFLOW_CTX_TASK_ID='clean_transform_staging' AIRFLOW_CTX_EXECUTION_DATE='2026-06-28T13:30:00+00:00' AIRFLOW_CTX_TRY_NUMBER='1' AIRFLOW_CTX_DAG_RUN_ID='scheduled__2026-06-28T13:30:00+00:00'
[2026-06-28T13:35:29.160+0000] {taskinstance.py:430} INFO - ::endgroup::
[2026-06-28T13:35:31.488+0000] {python.py:237} INFO - Done. Returned value was: None
[2026-06-28T13:35:31.490+0000] {taskinstance.py:441} INFO - ::group::Post task execution logs
[2026-06-28T13:35:31.501+0000] {taskinstance.py:1206} INFO - Marking task as SUCCESS. dag_id=staging_pipeline, task_id=clean_transform_staging, run_id=scheduled__2026-06-28T13:30:00+00:00, execution_date=20260628T133000, start_date=20260628T133528, end_date=20260628T133531
[2026-06-28T13:35:31.534+0000] {local_task_job_runner.py:243} INFO - Task exited with return code 0
[2026-06-28T13:35:31.558+0000] {taskinstance.py:3503} INFO - 1 downstream tasks scheduled from follow-on schedule check
[2026-06-28T13:35:31.562+0000] {local_task_job_runner.py:222} INFO - ::endgroup::
[2026-06-28T13:37:16.209+0000] {local_task_job_runner.py:120} INFO - ::group::Pre task execution logs
[2026-06-28T13:37:16.272+0000] {taskinstance.py:2076} INFO - Dependencies all met for dep_context=non-requeueable deps ti=<TaskInstance: staging_pipeline.clean_transform_staging scheduled__2026-06-28T13:30:00+00:00 [queued]>
[2026-06-28T13:37:16.283+0000] {taskinstance.py:2076} INFO - Dependencies all met for dep_context=requeueable deps ti=<TaskInstance: staging_pipeline.clean_transform_staging scheduled__2026-06-28T13:30:00+00:00 [queued]>
[2026-06-28T13:37:16.285+0000] {taskinstance.py:2306} INFO - Starting attempt 1 of 2
[2026-06-28T13:37:16.305+0000] {taskinstance.py:2330} INFO - Executing <Task(PythonOperator): clean_transform_staging> on 2026-06-28 13:30:00+00:00
[2026-06-28T13:37:16.323+0000] {standard_task_runner.py:90} INFO - Running: ['***', 'tasks', 'run', 'staging_pipeline', 'clean_transform_staging', 'scheduled__2026-06-28T13:30:00+00:00', '--job-id', '465', '--raw', '--subdir', 'DAGS_FOLDER/staging_dag.py', '--cfg-path', '/tmp/tmphi5fvl9l']
[2026-06-28T13:37:16.330+0000] {standard_task_runner.py:91} INFO - Job 465: Subtask clean_transform_staging
[2026-06-28T13:37:16.329+0000] {logging_mixin.py:188} WARNING - /home/***/.local/lib/python3.12/site-packages/***/task/task_runner/standard_task_runner.py:62 DeprecationWarning: This process (pid=1576) is multi-threaded, use of fork() may lead to deadlocks in the child.
[2026-06-28T13:37:16.333+0000] {standard_task_runner.py:64} INFO - Started process 1578 to run task
[2026-06-28T13:37:16.433+0000] {task_command.py:426} INFO - Running <TaskInstance: staging_pipeline.clean_transform_staging scheduled__2026-06-28T13:30:00+00:00 [running]> on host 07e54d19aa44
[2026-06-28T13:37:16.803+0000] {taskinstance.py:2648} INFO - Exporting env vars: AIRFLOW_CTX_DAG_OWNER='***' AIRFLOW_CTX_DAG_ID='staging_pipeline' AIRFLOW_CTX_TASK_ID='clean_transform_staging' AIRFLOW_CTX_EXECUTION_DATE='2026-06-28T13:30:00+00:00' AIRFLOW_CTX_TRY_NUMBER='1' AIRFLOW_CTX_DAG_RUN_ID='scheduled__2026-06-28T13:30:00+00:00'
[2026-06-28T13:37:16.806+0000] {taskinstance.py:430} INFO - ::endgroup::
[2026-06-28T13:37:18.718+0000] {python.py:237} INFO - Done. Returned value was: None
[2026-06-28T13:37:18.720+0000] {taskinstance.py:441} INFO - ::group::Post task execution logs
[2026-06-28T13:37:18.731+0000] {taskinstance.py:1206} INFO - Marking task as SUCCESS. dag_id=staging_pipeline, task_id=clean_transform_staging, run_id=scheduled__2026-06-28T13:30:00+00:00, execution_date=20260628T133000, start_date=20260628T133716, end_date=20260628T133718
[2026-06-28T13:37:18.763+0000] {local_task_job_runner.py:243} INFO - Task exited with return code 0
[2026-06-28T13:37:18.787+0000] {taskinstance.py:3503} INFO - 1 downstream tasks scheduled from follow-on schedule check
[2026-06-28T13:37:18.791+0000] {local_task_job_runner.py:222} INFO - ::endgroup::
