[2026-06-28T13:35:32.457+0000] {local_task_job_runner.py:120} INFO - ::group::Pre task execution logs
[2026-06-28T13:35:32.496+0000] {taskinstance.py:2076} INFO - Dependencies all met for dep_context=non-requeueable deps ti=<TaskInstance: staging_pipeline.trigger_dw_pipeline scheduled__2026-06-28T13:30:00+00:00 [queued]>
[2026-06-28T13:35:32.508+0000] {taskinstance.py:2076} INFO - Dependencies all met for dep_context=requeueable deps ti=<TaskInstance: staging_pipeline.trigger_dw_pipeline scheduled__2026-06-28T13:30:00+00:00 [queued]>
[2026-06-28T13:35:32.510+0000] {taskinstance.py:2306} INFO - Starting attempt 1 of 2
[2026-06-28T13:35:32.525+0000] {taskinstance.py:2330} INFO - Executing <Task(TriggerDagRunOperator): trigger_dw_pipeline> on 2026-06-28 13:30:00+00:00
[2026-06-28T13:35:32.536+0000] {standard_task_runner.py:90} INFO - Running: ['***', 'tasks', 'run', 'staging_pipeline', 'trigger_dw_pipeline', 'scheduled__2026-06-28T13:30:00+00:00', '--job-id', '459', '--raw', '--subdir', 'DAGS_FOLDER/staging_dag.py', '--cfg-path', '/tmp/tmpt9_o65wm']
[2026-06-28T13:35:32.540+0000] {logging_mixin.py:188} WARNING - /home/***/.local/lib/python3.12/site-packages/***/task/task_runner/standard_task_runner.py:62 DeprecationWarning: This process (pid=1518) is multi-threaded, use of fork() may lead to deadlocks in the child.
[2026-06-28T13:35:32.540+0000] {standard_task_runner.py:91} INFO - Job 459: Subtask trigger_dw_pipeline
[2026-06-28T13:35:32.541+0000] {standard_task_runner.py:64} INFO - Started process 1524 to run task
[2026-06-28T13:35:32.600+0000] {task_command.py:426} INFO - Running <TaskInstance: staging_pipeline.trigger_dw_pipeline scheduled__2026-06-28T13:30:00+00:00 [running]> on host 07e54d19aa44
[2026-06-28T13:35:32.876+0000] {taskinstance.py:2648} INFO - Exporting env vars: AIRFLOW_CTX_DAG_OWNER='***' AIRFLOW_CTX_DAG_ID='staging_pipeline' AIRFLOW_CTX_TASK_ID='trigger_dw_pipeline' AIRFLOW_CTX_EXECUTION_DATE='2026-06-28T13:30:00+00:00' AIRFLOW_CTX_TRY_NUMBER='1' AIRFLOW_CTX_DAG_RUN_ID='scheduled__2026-06-28T13:30:00+00:00'
[2026-06-28T13:35:32.878+0000] {taskinstance.py:430} INFO - ::endgroup::
[2026-06-28T13:35:32.998+0000] {taskinstance.py:441} INFO - ::group::Post task execution logs
[2026-06-28T13:35:33.017+0000] {taskinstance.py:1206} INFO - Marking task as SUCCESS. dag_id=staging_pipeline, task_id=trigger_dw_pipeline, run_id=scheduled__2026-06-28T13:30:00+00:00, execution_date=20260628T133000, start_date=20260628T133532, end_date=20260628T133533
[2026-06-28T13:35:33.080+0000] {local_task_job_runner.py:243} INFO - Task exited with return code 0
[2026-06-28T13:35:33.127+0000] {taskinstance.py:3503} INFO - 0 downstream tasks scheduled from follow-on schedule check
[2026-06-28T13:35:33.142+0000] {local_task_job_runner.py:222} INFO - ::endgroup::
[2026-06-28T13:37:20.277+0000] {local_task_job_runner.py:120} INFO - ::group::Pre task execution logs
[2026-06-28T13:37:20.348+0000] {taskinstance.py:2076} INFO - Dependencies all met for dep_context=non-requeueable deps ti=<TaskInstance: staging_pipeline.trigger_dw_pipeline scheduled__2026-06-28T13:30:00+00:00 [queued]>
[2026-06-28T13:37:20.370+0000] {taskinstance.py:2076} INFO - Dependencies all met for dep_context=requeueable deps ti=<TaskInstance: staging_pipeline.trigger_dw_pipeline scheduled__2026-06-28T13:30:00+00:00 [queued]>
[2026-06-28T13:37:20.373+0000] {taskinstance.py:2306} INFO - Starting attempt 1 of 2
[2026-06-28T13:37:20.403+0000] {taskinstance.py:2330} INFO - Executing <Task(TriggerDagRunOperator): trigger_dw_pipeline> on 2026-06-28 13:30:00+00:00
[2026-06-28T13:37:20.424+0000] {standard_task_runner.py:90} INFO - Running: ['***', 'tasks', 'run', 'staging_pipeline', 'trigger_dw_pipeline', 'scheduled__2026-06-28T13:30:00+00:00', '--job-id', '466', '--raw', '--subdir', 'DAGS_FOLDER/staging_dag.py', '--cfg-path', '/tmp/tmprvm9uh2c']
[2026-06-28T13:37:20.429+0000] {logging_mixin.py:188} WARNING - /home/***/.local/lib/python3.12/site-packages/***/task/task_runner/standard_task_runner.py:62 DeprecationWarning: This process (pid=1579) is multi-threaded, use of fork() may lead to deadlocks in the child.
[2026-06-28T13:37:20.430+0000] {standard_task_runner.py:91} INFO - Job 466: Subtask trigger_dw_pipeline
[2026-06-28T13:37:20.431+0000] {standard_task_runner.py:64} INFO - Started process 1581 to run task
[2026-06-28T13:37:20.494+0000] {task_command.py:426} INFO - Running <TaskInstance: staging_pipeline.trigger_dw_pipeline scheduled__2026-06-28T13:30:00+00:00 [running]> on host 07e54d19aa44
[2026-06-28T13:37:20.853+0000] {taskinstance.py:2648} INFO - Exporting env vars: AIRFLOW_CTX_DAG_OWNER='***' AIRFLOW_CTX_DAG_ID='staging_pipeline' AIRFLOW_CTX_TASK_ID='trigger_dw_pipeline' AIRFLOW_CTX_EXECUTION_DATE='2026-06-28T13:30:00+00:00' AIRFLOW_CTX_TRY_NUMBER='1' AIRFLOW_CTX_DAG_RUN_ID='scheduled__2026-06-28T13:30:00+00:00'
[2026-06-28T13:37:20.856+0000] {taskinstance.py:430} INFO - ::endgroup::
[2026-06-28T13:37:20.962+0000] {taskinstance.py:441} INFO - ::group::Post task execution logs
[2026-06-28T13:37:20.983+0000] {taskinstance.py:1206} INFO - Marking task as SUCCESS. dag_id=staging_pipeline, task_id=trigger_dw_pipeline, run_id=scheduled__2026-06-28T13:30:00+00:00, execution_date=20260628T133000, start_date=20260628T133720, end_date=20260628T133720
[2026-06-28T13:37:21.051+0000] {local_task_job_runner.py:243} INFO - Task exited with return code 0
[2026-06-28T13:37:21.088+0000] {taskinstance.py:3503} INFO - 0 downstream tasks scheduled from follow-on schedule check
[2026-06-28T13:37:21.095+0000] {local_task_job_runner.py:222} INFO - ::endgroup::
