[2026-06-30T21:45:32.862+0000] {local_task_job_runner.py:120} INFO - ::group::Pre task execution logs
[2026-06-30T21:45:32.902+0000] {taskinstance.py:2076} INFO - Dependencies all met for dep_context=non-requeueable deps ti=<TaskInstance: dw_pipeline.build_dimensions manual__2026-06-30T21:45:32.169566+00:00 [queued]>
[2026-06-30T21:45:32.913+0000] {taskinstance.py:2076} INFO - Dependencies all met for dep_context=requeueable deps ti=<TaskInstance: dw_pipeline.build_dimensions manual__2026-06-30T21:45:32.169566+00:00 [queued]>
[2026-06-30T21:45:32.914+0000] {taskinstance.py:2306} INFO - Starting attempt 1 of 2
[2026-06-30T21:45:32.929+0000] {taskinstance.py:2330} INFO - Executing <Task(PythonOperator): build_dimensions> on 2026-06-30 21:45:32.169566+00:00
[2026-06-30T21:45:32.937+0000] {standard_task_runner.py:90} INFO - Running: ['***', 'tasks', 'run', 'dw_pipeline', 'build_dimensions', 'manual__2026-06-30T21:45:32.169566+00:00', '--job-id', '848', '--raw', '--subdir', 'DAGS_FOLDER/dw_dag.py', '--cfg-path', '/tmp/tmpfdvk3clc']
[2026-06-30T21:45:32.940+0000] {logging_mixin.py:188} WARNING - /home/***/.local/lib/python3.12/site-packages/***/task/task_runner/standard_task_runner.py:62 DeprecationWarning: This process (pid=13075) is multi-threaded, use of fork() may lead to deadlocks in the child.
[2026-06-30T21:45:32.941+0000] {standard_task_runner.py:91} INFO - Job 848: Subtask build_dimensions
[2026-06-30T21:45:32.941+0000] {standard_task_runner.py:64} INFO - Started process 13076 to run task
[2026-06-30T21:45:32.995+0000] {task_command.py:426} INFO - Running <TaskInstance: dw_pipeline.build_dimensions manual__2026-06-30T21:45:32.169566+00:00 [running]> on host 07e54d19aa44
[2026-06-30T21:45:33.103+0000] {taskinstance.py:2648} INFO - Exporting env vars: AIRFLOW_CTX_DAG_OWNER='***' AIRFLOW_CTX_DAG_ID='dw_pipeline' AIRFLOW_CTX_TASK_ID='build_dimensions' AIRFLOW_CTX_EXECUTION_DATE='2026-06-30T21:45:32.169566+00:00' AIRFLOW_CTX_TRY_NUMBER='1' AIRFLOW_CTX_DAG_RUN_ID='manual__2026-06-30T21:45:32.169566+00:00'
[2026-06-30T21:45:33.105+0000] {taskinstance.py:430} INFO - ::endgroup::
[2026-06-30T21:45:37.559+0000] {taskinstance.py:441} INFO - ::group::Post task execution logs
[2026-06-30T21:45:37.561+0000] {taskinstance.py:2905} ERROR - Task failed with exception
Traceback (most recent call last):
  File "/home/airflow/.local/lib/python3.12/site-packages/sqlalchemy/engine/base.py", line 1910, in _execute_context
    self.dialect.do_execute(
  File "/home/airflow/.local/lib/python3.12/site-packages/sqlalchemy/engine/default.py", line 736, in do_execute
    cursor.execute(statement, parameters)
psycopg2.errors.UndefinedColumn: column "product_category_name_english" does not exist
LINE 7: ...               product_id, product_category_name, product_ca...
                                                             ^
DETAIL:  There is a column named "product_category_name_english" in table "dim_products", but it cannot be referenced from this part of the query.


The above exception was the direct cause of the following exception:

Traceback (most recent call last):
  File "/home/airflow/.local/lib/python3.12/site-packages/airflow/models/taskinstance.py", line 465, in _execute_task
    result = _execute_callable(context=context, **execute_callable_kwargs)
             ^^^^^^^^^^^^^^^^^^^^^^^^^^^^^^^^^^^^^^^^^^^^^^^^^^^^^^^^^^^^^
  File "/home/airflow/.local/lib/python3.12/site-packages/airflow/models/taskinstance.py", line 432, in _execute_callable
    return execute_callable(context=context, **execute_callable_kwargs)
           ^^^^^^^^^^^^^^^^^^^^^^^^^^^^^^^^^^^^^^^^^^^^^^^^^^^^^^^^^^^^
  File "/home/airflow/.local/lib/python3.12/site-packages/airflow/models/baseoperator.py", line 401, in wrapper
    return func(self, *args, **kwargs)
           ^^^^^^^^^^^^^^^^^^^^^^^^^^^
  File "/home/airflow/.local/lib/python3.12/site-packages/airflow/operators/python.py", line 235, in execute
    return_value = self.execute_callable()
                   ^^^^^^^^^^^^^^^^^^^^^^^
  File "/home/airflow/.local/lib/python3.12/site-packages/airflow/operators/python.py", line 252, in execute_callable
    return self.python_callable(*self.op_args, **self.op_kwargs)
           ^^^^^^^^^^^^^^^^^^^^^^^^^^^^^^^^^^^^^^^^^^^^^^^^^^^^^
  File "/opt/airflow/dags/dw_dag.py", line 120, in task3_build_dimensions
    conn.execute(text("""
  File "/home/airflow/.local/lib/python3.12/site-packages/sqlalchemy/engine/base.py", line 1385, in execute
    return meth(self, multiparams, params, _EMPTY_EXECUTION_OPTS)
           ^^^^^^^^^^^^^^^^^^^^^^^^^^^^^^^^^^^^^^^^^^^^^^^^^^^^^^
  File "/home/airflow/.local/lib/python3.12/site-packages/sqlalchemy/sql/elements.py", line 334, in _execute_on_connection
    return connection._execute_clauseelement(
           ^^^^^^^^^^^^^^^^^^^^^^^^^^^^^^^^^^
  File "/home/airflow/.local/lib/python3.12/site-packages/sqlalchemy/engine/base.py", line 1577, in _execute_clauseelement
    ret = self._execute_context(
          ^^^^^^^^^^^^^^^^^^^^^^
  File "/home/airflow/.local/lib/python3.12/site-packages/sqlalchemy/engine/base.py", line 1953, in _execute_context
    self._handle_dbapi_exception(
  File "/home/airflow/.local/lib/python3.12/site-packages/sqlalchemy/engine/base.py", line 2134, in _handle_dbapi_exception
    util.raise_(
  File "/home/airflow/.local/lib/python3.12/site-packages/sqlalchemy/util/compat.py", line 211, in raise_
    raise exception
  File "/home/airflow/.local/lib/python3.12/site-packages/sqlalchemy/engine/base.py", line 1910, in _execute_context
    self.dialect.do_execute(
  File "/home/airflow/.local/lib/python3.12/site-packages/sqlalchemy/engine/default.py", line 736, in do_execute
    cursor.execute(statement, parameters)
sqlalchemy.exc.ProgrammingError: (psycopg2.errors.UndefinedColumn) column "product_category_name_english" does not exist
LINE 7: ...               product_id, product_category_name, product_ca...
                                                             ^
DETAIL:  There is a column named "product_category_name_english" in table "dim_products", but it cannot be referenced from this part of the query.

[SQL: 
            INSERT INTO dw.dim_products
                (product_id, product_category_name, product_category_name_english,
                 product_name_length, product_description_length, product_photos_qty,
                 product_weight_g, product_length_cm, product_height_cm, product_width_cm)
            SELECT DISTINCT
                product_id, product_category_name, product_category_name_english,
                product_name_length, product_description_length, product_photos_qty,
                product_weight_g, product_length_cm, product_height_cm, product_width_cm
            FROM staging.products
        ]
(Background on this error at: https://sqlalche.me/e/14/f405)
[2026-06-30T21:45:37.585+0000] {taskinstance.py:1206} INFO - Marking task as UP_FOR_RETRY. dag_id=dw_pipeline, task_id=build_dimensions, run_id=manual__2026-06-30T21:45:32.169566+00:00, execution_date=20260630T214532, start_date=20260630T214532, end_date=20260630T214537
[2026-06-30T21:45:37.630+0000] {standard_task_runner.py:110} ERROR - Failed to execute job 848 for task build_dimensions ((psycopg2.errors.UndefinedColumn) column "product_category_name_english" does not exist
LINE 7: ...               product_id, product_category_name, product_ca...
                                                             ^
DETAIL:  There is a column named "product_category_name_english" in table "dim_products", but it cannot be referenced from this part of the query.

[SQL: 
            INSERT INTO dw.dim_products
                (product_id, product_category_name, product_category_name_english,
                 product_name_length, product_description_length, product_photos_qty,
                 product_weight_g, product_length_cm, product_height_cm, product_width_cm)
            SELECT DISTINCT
                product_id, product_category_name, product_category_name_english,
                product_name_length, product_description_length, product_photos_qty,
                product_weight_g, product_length_cm, product_height_cm, product_width_cm
            FROM staging.products
        ]
(Background on this error at: https://sqlalche.me/e/14/f405); 13076)
[2026-06-30T21:45:37.655+0000] {local_task_job_runner.py:243} INFO - Task exited with return code 1
[2026-06-30T21:45:37.680+0000] {taskinstance.py:3503} INFO - 0 downstream tasks scheduled from follow-on schedule check
[2026-06-30T21:45:37.684+0000] {local_task_job_runner.py:222} INFO - ::endgroup::
