[2026-06-30T21:38:59.284+0000] {local_task_job_runner.py:120} INFO - ::group::Pre task execution logs
[2026-06-30T21:38:59.526+0000] {taskinstance.py:2076} INFO - Dependencies all met for dep_context=non-requeueable deps ti=<TaskInstance: dw_pipeline.build_fact_table manual__2026-06-30T18:50:34.777609+00:00 [queued]>
[2026-06-30T21:38:59.591+0000] {taskinstance.py:2076} INFO - Dependencies all met for dep_context=requeueable deps ti=<TaskInstance: dw_pipeline.build_fact_table manual__2026-06-30T18:50:34.777609+00:00 [queued]>
[2026-06-30T21:38:59.611+0000] {taskinstance.py:2306} INFO - Starting attempt 2 of 2
[2026-06-30T21:38:59.766+0000] {taskinstance.py:2330} INFO - Executing <Task(PythonOperator): build_fact_table> on 2026-06-30 18:50:34.777609+00:00
[2026-06-30T21:38:59.889+0000] {standard_task_runner.py:90} INFO - Running: ['***', 'tasks', 'run', 'dw_pipeline', 'build_fact_table', 'manual__2026-06-30T18:50:34.777609+00:00', '--job-id', '827', '--raw', '--subdir', 'DAGS_FOLDER/dw_dag.py', '--cfg-path', '/tmp/tmps9andtnk']
[2026-06-30T21:38:59.910+0000] {standard_task_runner.py:91} INFO - Job 827: Subtask build_fact_table
[2026-06-30T21:38:59.969+0000] {logging_mixin.py:188} WARNING - /home/***/.local/lib/python3.12/site-packages/***/task/task_runner/standard_task_runner.py:62 DeprecationWarning: This process (pid=12879) is multi-threaded, use of fork() may lead to deadlocks in the child.
[2026-06-30T21:38:59.983+0000] {standard_task_runner.py:64} INFO - Started process 12892 to run task
[2026-06-30T21:39:00.179+0000] {task_command.py:426} INFO - Running <TaskInstance: dw_pipeline.build_fact_table manual__2026-06-30T18:50:34.777609+00:00 [running]> on host 07e54d19aa44
[2026-06-30T21:39:00.648+0000] {taskinstance.py:2648} INFO - Exporting env vars: AIRFLOW_CTX_DAG_OWNER='***' AIRFLOW_CTX_DAG_ID='dw_pipeline' AIRFLOW_CTX_TASK_ID='build_fact_table' AIRFLOW_CTX_EXECUTION_DATE='2026-06-30T18:50:34.777609+00:00' AIRFLOW_CTX_TRY_NUMBER='2' AIRFLOW_CTX_DAG_RUN_ID='manual__2026-06-30T18:50:34.777609+00:00'
[2026-06-30T21:39:00.656+0000] {taskinstance.py:430} INFO - ::endgroup::
[2026-06-30T21:39:29.820+0000] {taskinstance.py:441} INFO - ::group::Post task execution logs
[2026-06-30T21:39:29.846+0000] {taskinstance.py:2905} ERROR - Task failed with exception
Traceback (most recent call last):
  File "/home/airflow/.local/lib/python3.12/site-packages/sqlalchemy/engine/base.py", line 1910, in _execute_context
    self.dialect.do_execute(
  File "/home/airflow/.local/lib/python3.12/site-packages/sqlalchemy/engine/default.py", line 736, in do_execute
    cursor.execute(statement, parameters)
psycopg2.OperationalError: server closed the connection unexpectedly
	This probably means the server terminated abnormally
	before or while processing the request.


The above exception was the direct cause of the following exception:

Traceback (most recent call last):
  File "/home/airflow/.local/lib/python3.12/site-packages/airflow/models/taskinstance.py", line 465, in _execute_task
    result = _execute_callable(context=context, **execute_callable_kwargs)
             ^^^^^^^^^^^^^^^^^^^^^^^^^^^^^^^^^^^^^^^^^^^^^^^^^^^^^^^^^^^^^
  File "/home/airflow/.local/lib/python3.12/site-packages/airflow/models/taskinstance.py", line 432, in _execute_callable
    return execute_callable(context=context, **execute_callable_kwargs)
           ^^^^^^^^^^^^^^^^^^^^^^^^^^^^^^^^^^^^^^^^^^^^^^^^^^^^^^^^^^^^
  File "/home/airflow/.local/lib/python3.12/site-packages/airflow/models/baseoperator.py", line 401, in wrapper
    return func(self, *args, **kwargs)
           ^^^^^^^^^^^^^^^^^^^^^^^^^^^
  File "/home/airflow/.local/lib/python3.12/site-packages/airflow/operators/python.py", line 235, in execute
    return_value = self.execute_callable()
                   ^^^^^^^^^^^^^^^^^^^^^^^
  File "/home/airflow/.local/lib/python3.12/site-packages/airflow/operators/python.py", line 252, in execute_callable
    return self.python_callable(*self.op_args, **self.op_kwargs)
           ^^^^^^^^^^^^^^^^^^^^^^^^^^^^^^^^^^^^^^^^^^^^^^^^^^^^^
  File "/opt/airflow/dags/dw_dag.py", line 190, in task4_build_fact
    conn.execute(text("""
  File "/home/airflow/.local/lib/python3.12/site-packages/sqlalchemy/engine/base.py", line 1385, in execute
    return meth(self, multiparams, params, _EMPTY_EXECUTION_OPTS)
           ^^^^^^^^^^^^^^^^^^^^^^^^^^^^^^^^^^^^^^^^^^^^^^^^^^^^^^
  File "/home/airflow/.local/lib/python3.12/site-packages/sqlalchemy/sql/elements.py", line 334, in _execute_on_connection
    return connection._execute_clauseelement(
           ^^^^^^^^^^^^^^^^^^^^^^^^^^^^^^^^^^
  File "/home/airflow/.local/lib/python3.12/site-packages/sqlalchemy/engine/base.py", line 1577, in _execute_clauseelement
    ret = self._execute_context(
          ^^^^^^^^^^^^^^^^^^^^^^
  File "/home/airflow/.local/lib/python3.12/site-packages/sqlalchemy/engine/base.py", line 1953, in _execute_context
    self._handle_dbapi_exception(
  File "/home/airflow/.local/lib/python3.12/site-packages/sqlalchemy/engine/base.py", line 2134, in _handle_dbapi_exception
    util.raise_(
  File "/home/airflow/.local/lib/python3.12/site-packages/sqlalchemy/util/compat.py", line 211, in raise_
    raise exception
  File "/home/airflow/.local/lib/python3.12/site-packages/sqlalchemy/engine/base.py", line 1910, in _execute_context
    self.dialect.do_execute(
  File "/home/airflow/.local/lib/python3.12/site-packages/sqlalchemy/engine/default.py", line 736, in do_execute
    cursor.execute(statement, parameters)
sqlalchemy.exc.OperationalError: (psycopg2.OperationalError) server closed the connection unexpectedly
	This probably means the server terminated abnormally
	before or while processing the request.

[SQL: 
            INSERT INTO dw.fact_order_reviews
                (review_id, order_id, order_purchase_date_key,
                 review_score, review_comment_title, review_comment_message,
                 review_creation_date, review_answer_timestamp)
            SELECT DISTINCT ON (r.review_id)
                r.review_id, r.order_id,
                TO_CHAR(o.order_purchase_timestamp::TIMESTAMP::DATE, 'YYYYMMDD')::INT,
                r.review_score,
                COALESCE(r.review_comment_title, ''),
                COALESCE(r.review_comment_message, ''),
                r.review_creation_date::TIMESTAMP,
                r.review_answer_timestamp::TIMESTAMP
            FROM staging.order_reviews r
            JOIN staging.orders o ON r.order_id = o.order_id
            ORDER BY r.review_id, r.review_creation_date DESC
        ]
(Background on this error at: https://sqlalche.me/e/14/e3q8)
[2026-06-30T21:39:29.968+0000] {taskinstance.py:1206} INFO - Marking task as FAILED. dag_id=dw_pipeline, task_id=build_fact_table, run_id=manual__2026-06-30T18:50:34.777609+00:00, execution_date=20260630T185034, start_date=20260630T213859, end_date=20260630T213929
[2026-06-30T21:39:30.025+0000] {standard_task_runner.py:110} ERROR - Failed to execute job 827 for task build_fact_table ((psycopg2.OperationalError) server closed the connection unexpectedly
	This probably means the server terminated abnormally
	before or while processing the request.

[SQL: 
            INSERT INTO dw.fact_order_reviews
                (review_id, order_id, order_purchase_date_key,
                 review_score, review_comment_title, review_comment_message,
                 review_creation_date, review_answer_timestamp)
            SELECT DISTINCT ON (r.review_id)
                r.review_id, r.order_id,
                TO_CHAR(o.order_purchase_timestamp::TIMESTAMP::DATE, 'YYYYMMDD')::INT,
                r.review_score,
                COALESCE(r.review_comment_title, ''),
                COALESCE(r.review_comment_message, ''),
                r.review_creation_date::TIMESTAMP,
                r.review_answer_timestamp::TIMESTAMP
            FROM staging.order_reviews r
            JOIN staging.orders o ON r.order_id = o.order_id
            ORDER BY r.review_id, r.review_creation_date DESC
        ]
(Background on this error at: https://sqlalche.me/e/14/e3q8); 12892)
[2026-06-30T21:39:30.056+0000] {local_task_job_runner.py:243} INFO - Task exited with return code 1
[2026-06-30T21:39:30.147+0000] {taskinstance.py:3503} INFO - 0 downstream tasks scheduled from follow-on schedule check
[2026-06-30T21:39:30.177+0000] {local_task_job_runner.py:222} INFO - ::endgroup::
