[2026-06-24T00:20:29.910+0000] {local_task_job_runner.py:120} INFO - ::group::Pre task execution logs
[2026-06-24T00:20:29.951+0000] {taskinstance.py:2076} INFO - Dependencies all met for dep_context=non-requeueable deps ti=<TaskInstance: retail_etl_pipeline.clean_transform_staging scheduled__2026-06-24T00:15:00+00:00 [queued]>
[2026-06-24T00:20:29.963+0000] {taskinstance.py:2076} INFO - Dependencies all met for dep_context=requeueable deps ti=<TaskInstance: retail_etl_pipeline.clean_transform_staging scheduled__2026-06-24T00:15:00+00:00 [queued]>
[2026-06-24T00:20:29.980+0000] {taskinstance.py:2306} INFO - Starting attempt 1 of 2
[2026-06-24T00:20:29.996+0000] {taskinstance.py:2330} INFO - Executing <Task(PythonOperator): clean_transform_staging> on 2026-06-24 00:15:00+00:00
[2026-06-24T00:20:30.010+0000] {standard_task_runner.py:90} INFO - Running: ['***', 'tasks', 'run', 'retail_etl_pipeline', 'clean_transform_staging', 'scheduled__2026-06-24T00:15:00+00:00', '--job-id', '26', '--raw', '--subdir', 'DAGS_FOLDER/retail_etl_dag.py', '--cfg-path', '/tmp/tmp4n8uzjs9']
[2026-06-24T00:20:30.015+0000] {standard_task_runner.py:91} INFO - Job 26: Subtask clean_transform_staging
[2026-06-24T00:20:30.016+0000] {logging_mixin.py:188} WARNING - /home/***/.local/lib/python3.12/site-packages/***/task/task_runner/standard_task_runner.py:62 DeprecationWarning: This process (pid=486) is multi-threaded, use of fork() may lead to deadlocks in the child.
[2026-06-24T00:20:30.019+0000] {standard_task_runner.py:64} INFO - Started process 488 to run task
[2026-06-24T00:20:30.087+0000] {task_command.py:426} INFO - Running <TaskInstance: retail_etl_pipeline.clean_transform_staging scheduled__2026-06-24T00:15:00+00:00 [running]> on host 07e54d19aa44
[2026-06-24T00:20:30.405+0000] {taskinstance.py:2648} INFO - Exporting env vars: AIRFLOW_CTX_DAG_OWNER='***' AIRFLOW_CTX_DAG_ID='retail_etl_pipeline' AIRFLOW_CTX_TASK_ID='clean_transform_staging' AIRFLOW_CTX_EXECUTION_DATE='2026-06-24T00:15:00+00:00' AIRFLOW_CTX_TRY_NUMBER='1' AIRFLOW_CTX_DAG_RUN_ID='scheduled__2026-06-24T00:15:00+00:00'
[2026-06-24T00:20:30.406+0000] {taskinstance.py:430} INFO - ::endgroup::
[2026-06-24T00:20:32.771+0000] {taskinstance.py:441} INFO - ::group::Post task execution logs
[2026-06-24T00:20:32.774+0000] {taskinstance.py:2905} ERROR - Task failed with exception
Traceback (most recent call last):
  File "/home/airflow/.local/lib/python3.12/site-packages/airflow/models/taskinstance.py", line 465, in _execute_task
    result = _execute_callable(context=context, **execute_callable_kwargs)
             ^^^^^^^^^^^^^^^^^^^^^^^^^^^^^^^^^^^^^^^^^^^^^^^^^^^^^^^^^^^^^
  File "/home/airflow/.local/lib/python3.12/site-packages/airflow/models/taskinstance.py", line 432, in _execute_callable
    return execute_callable(context=context, **execute_callable_kwargs)
           ^^^^^^^^^^^^^^^^^^^^^^^^^^^^^^^^^^^^^^^^^^^^^^^^^^^^^^^^^^^^
  File "/home/airflow/.local/lib/python3.12/site-packages/airflow/models/baseoperator.py", line 401, in wrapper
    return func(self, *args, **kwargs)
           ^^^^^^^^^^^^^^^^^^^^^^^^^^^
  File "/home/airflow/.local/lib/python3.12/site-packages/airflow/operators/python.py", line 235, in execute
    return_value = self.execute_callable()
                   ^^^^^^^^^^^^^^^^^^^^^^^
  File "/home/airflow/.local/lib/python3.12/site-packages/airflow/operators/python.py", line 252, in execute_callable
    return self.python_callable(*self.op_args, **self.op_kwargs)
           ^^^^^^^^^^^^^^^^^^^^^^^^^^^^^^^^^^^^^^^^^^^^^^^^^^^^^
  File "/opt/airflow/dags/retail_etl_dag.py", line 74, in task2_clean_staging
    conn.commit()
    ^^^^^^^^^^^
AttributeError: 'Connection' object has no attribute 'commit'
[2026-06-24T00:20:32.795+0000] {taskinstance.py:1206} INFO - Marking task as UP_FOR_RETRY. dag_id=retail_etl_pipeline, task_id=clean_transform_staging, run_id=scheduled__2026-06-24T00:15:00+00:00, execution_date=20260624T001500, start_date=20260624T002029, end_date=20260624T002032
[2026-06-24T00:20:32.809+0000] {standard_task_runner.py:110} ERROR - Failed to execute job 26 for task clean_transform_staging ('Connection' object has no attribute 'commit'; 488)
[2026-06-24T00:20:32.849+0000] {local_task_job_runner.py:243} INFO - Task exited with return code 1
[2026-06-24T00:20:32.877+0000] {taskinstance.py:3503} INFO - 0 downstream tasks scheduled from follow-on schedule check
[2026-06-24T00:20:32.882+0000] {local_task_job_runner.py:222} INFO - ::endgroup::
