[2026-06-29T13:26:01.569+0000] {local_task_job_runner.py:120} INFO - ::group::Pre task execution logs
[2026-06-29T13:26:01.624+0000] {taskinstance.py:2076} INFO - Dependencies all met for dep_context=non-requeueable deps ti=<TaskInstance: dw_pipeline.build_fact_table manual__2026-06-29T13:25:54.388091+00:00 [queued]>
[2026-06-29T13:26:01.638+0000] {taskinstance.py:2076} INFO - Dependencies all met for dep_context=requeueable deps ti=<TaskInstance: dw_pipeline.build_fact_table manual__2026-06-29T13:25:54.388091+00:00 [queued]>
[2026-06-29T13:26:01.640+0000] {taskinstance.py:2306} INFO - Starting attempt 1 of 2
[2026-06-29T13:26:01.662+0000] {taskinstance.py:2330} INFO - Executing <Task(PythonOperator): build_fact_table> on 2026-06-29 13:25:54.388091+00:00
[2026-06-29T13:26:01.675+0000] {standard_task_runner.py:90} INFO - Running: ['***', 'tasks', 'run', 'dw_pipeline', 'build_fact_table', 'manual__2026-06-29T13:25:54.388091+00:00', '--job-id', '700', '--raw', '--subdir', 'DAGS_FOLDER/dw_dag.py', '--cfg-path', '/tmp/tmp42h9kfl2']
[2026-06-29T13:26:01.679+0000] {logging_mixin.py:188} WARNING - /home/***/.local/lib/python3.12/site-packages/***/task/task_runner/standard_task_runner.py:62 DeprecationWarning: This process (pid=513) is multi-threaded, use of fork() may lead to deadlocks in the child.
[2026-06-29T13:26:01.679+0000] {standard_task_runner.py:91} INFO - Job 700: Subtask build_fact_table
[2026-06-29T13:26:01.680+0000] {standard_task_runner.py:64} INFO - Started process 514 to run task
[2026-06-29T13:26:01.758+0000] {task_command.py:426} INFO - Running <TaskInstance: dw_pipeline.build_fact_table manual__2026-06-29T13:25:54.388091+00:00 [running]> on host 07e54d19aa44
[2026-06-29T13:26:02.038+0000] {taskinstance.py:2648} INFO - Exporting env vars: AIRFLOW_CTX_DAG_OWNER='***' AIRFLOW_CTX_DAG_ID='dw_pipeline' AIRFLOW_CTX_TASK_ID='build_fact_table' AIRFLOW_CTX_EXECUTION_DATE='2026-06-29T13:25:54.388091+00:00' AIRFLOW_CTX_TRY_NUMBER='1' AIRFLOW_CTX_DAG_RUN_ID='manual__2026-06-29T13:25:54.388091+00:00'
[2026-06-29T13:26:02.043+0000] {taskinstance.py:430} INFO - ::endgroup::
[2026-06-29T13:26:04.269+0000] {taskinstance.py:441} INFO - ::group::Post task execution logs
[2026-06-29T13:26:04.271+0000] {taskinstance.py:2905} ERROR - Task failed with exception
Traceback (most recent call last):
  File "/home/airflow/.local/lib/python3.12/site-packages/sqlalchemy/engine/base.py", line 1910, in _execute_context
    self.dialect.do_execute(
  File "/home/airflow/.local/lib/python3.12/site-packages/sqlalchemy/engine/default.py", line 736, in do_execute
    cursor.execute(statement, parameters)
psycopg2.errors.UndefinedColumn: column oi.total_amount does not exist
LINE 11:                 oi.price, oi.freight_value, oi.total_amount
                                                     ^


The above exception was the direct cause of the following exception:

Traceback (most recent call last):
  File "/home/airflow/.local/lib/python3.12/site-packages/airflow/models/taskinstance.py", line 465, in _execute_task
    result = _execute_callable(context=context, **execute_callable_kwargs)
             ^^^^^^^^^^^^^^^^^^^^^^^^^^^^^^^^^^^^^^^^^^^^^^^^^^^^^^^^^^^^^
  File "/home/airflow/.local/lib/python3.12/site-packages/airflow/models/taskinstance.py", line 432, in _execute_callable
    return execute_callable(context=context, **execute_callable_kwargs)
           ^^^^^^^^^^^^^^^^^^^^^^^^^^^^^^^^^^^^^^^^^^^^^^^^^^^^^^^^^^^^
  File "/home/airflow/.local/lib/python3.12/site-packages/airflow/models/baseoperator.py", line 401, in wrapper
    return func(self, *args, **kwargs)
           ^^^^^^^^^^^^^^^^^^^^^^^^^^^
  File "/home/airflow/.local/lib/python3.12/site-packages/airflow/operators/python.py", line 235, in execute
    return_value = self.execute_callable()
                   ^^^^^^^^^^^^^^^^^^^^^^^
  File "/home/airflow/.local/lib/python3.12/site-packages/airflow/operators/python.py", line 252, in execute_callable
    return self.python_callable(*self.op_args, **self.op_kwargs)
           ^^^^^^^^^^^^^^^^^^^^^^^^^^^^^^^^^^^^^^^^^^^^^^^^^^^^^
  File "/opt/airflow/dags/dw_dag.py", line 161, in task4_build_fact
    conn.execute(text("""
  File "/home/airflow/.local/lib/python3.12/site-packages/sqlalchemy/engine/base.py", line 1385, in execute
    return meth(self, multiparams, params, _EMPTY_EXECUTION_OPTS)
           ^^^^^^^^^^^^^^^^^^^^^^^^^^^^^^^^^^^^^^^^^^^^^^^^^^^^^^
  File "/home/airflow/.local/lib/python3.12/site-packages/sqlalchemy/sql/elements.py", line 334, in _execute_on_connection
    return connection._execute_clauseelement(
           ^^^^^^^^^^^^^^^^^^^^^^^^^^^^^^^^^^
  File "/home/airflow/.local/lib/python3.12/site-packages/sqlalchemy/engine/base.py", line 1577, in _execute_clauseelement
    ret = self._execute_context(
          ^^^^^^^^^^^^^^^^^^^^^^
  File "/home/airflow/.local/lib/python3.12/site-packages/sqlalchemy/engine/base.py", line 1953, in _execute_context
    self._handle_dbapi_exception(
  File "/home/airflow/.local/lib/python3.12/site-packages/sqlalchemy/engine/base.py", line 2134, in _handle_dbapi_exception
    util.raise_(
  File "/home/airflow/.local/lib/python3.12/site-packages/sqlalchemy/util/compat.py", line 211, in raise_
    raise exception
  File "/home/airflow/.local/lib/python3.12/site-packages/sqlalchemy/engine/base.py", line 1910, in _execute_context
    self.dialect.do_execute(
  File "/home/airflow/.local/lib/python3.12/site-packages/sqlalchemy/engine/default.py", line 736, in do_execute
    cursor.execute(statement, parameters)
sqlalchemy.exc.ProgrammingError: (psycopg2.errors.UndefinedColumn) column oi.total_amount does not exist
LINE 11:                 oi.price, oi.freight_value, oi.total_amount
                                                     ^

[SQL: 
            INSERT INTO dw.fact_order_items
                (order_id, order_item_id, customer_id, product_id, seller_id,
                 order_purchase_date_key, order_status, shipping_limit_date,
                 price, freight_value, total_amount)
            SELECT
                o.order_id, oi.order_item_id, o.customer_id, oi.product_id, oi.seller_id,
                TO_CHAR(o.order_purchase_timestamp::TIMESTAMP::DATE, 'YYYYMMDD')::INT,
                o.order_status,
                oi.shipping_limit_date::TIMESTAMP,
                oi.price, oi.freight_value, oi.total_amount
            FROM staging.order_items oi
            JOIN staging.orders o ON oi.order_id = o.order_id
        ]
(Background on this error at: https://sqlalche.me/e/14/f405)
[2026-06-29T13:26:04.304+0000] {taskinstance.py:1206} INFO - Marking task as UP_FOR_RETRY. dag_id=dw_pipeline, task_id=build_fact_table, run_id=manual__2026-06-29T13:25:54.388091+00:00, execution_date=20260629T132554, start_date=20260629T132601, end_date=20260629T132604
[2026-06-29T13:26:04.323+0000] {standard_task_runner.py:110} ERROR - Failed to execute job 700 for task build_fact_table ((psycopg2.errors.UndefinedColumn) column oi.total_amount does not exist
LINE 11:                 oi.price, oi.freight_value, oi.total_amount
                                                     ^

[SQL: 
            INSERT INTO dw.fact_order_items
                (order_id, order_item_id, customer_id, product_id, seller_id,
                 order_purchase_date_key, order_status, shipping_limit_date,
                 price, freight_value, total_amount)
            SELECT
                o.order_id, oi.order_item_id, o.customer_id, oi.product_id, oi.seller_id,
                TO_CHAR(o.order_purchase_timestamp::TIMESTAMP::DATE, 'YYYYMMDD')::INT,
                o.order_status,
                oi.shipping_limit_date::TIMESTAMP,
                oi.price, oi.freight_value, oi.total_amount
            FROM staging.order_items oi
            JOIN staging.orders o ON oi.order_id = o.order_id
        ]
(Background on this error at: https://sqlalche.me/e/14/f405); 514)
[2026-06-29T13:26:04.351+0000] {local_task_job_runner.py:243} INFO - Task exited with return code 1
[2026-06-29T13:26:04.382+0000] {taskinstance.py:3503} INFO - 0 downstream tasks scheduled from follow-on schedule check
[2026-06-29T13:26:04.387+0000] {local_task_job_runner.py:222} INFO - ::endgroup::
