[2026-06-30T21:39:01.529+0000] {local_task_job_runner.py:120} INFO - ::group::Pre task execution logs
[2026-06-30T21:39:01.680+0000] {taskinstance.py:2076} INFO - Dependencies all met for dep_context=non-requeueable deps ti=<TaskInstance: staging_pipeline.load_raw_to_staging scheduled__2026-06-30T18:50:00+00:00 [queued]>
[2026-06-30T21:39:01.735+0000] {taskinstance.py:2076} INFO - Dependencies all met for dep_context=requeueable deps ti=<TaskInstance: staging_pipeline.load_raw_to_staging scheduled__2026-06-30T18:50:00+00:00 [queued]>
[2026-06-30T21:39:01.766+0000] {taskinstance.py:2306} INFO - Starting attempt 1 of 2
[2026-06-30T21:39:01.833+0000] {taskinstance.py:2330} INFO - Executing <Task(PythonOperator): load_raw_to_staging> on 2026-06-30 18:50:00+00:00
[2026-06-30T21:39:01.880+0000] {standard_task_runner.py:90} INFO - Running: ['***', 'tasks', 'run', 'staging_pipeline', 'load_raw_to_staging', 'scheduled__2026-06-30T18:50:00+00:00', '--job-id', '828', '--raw', '--subdir', 'DAGS_FOLDER/staging_dag.py', '--cfg-path', '/tmp/tmp_h26nx7q']
[2026-06-30T21:39:01.890+0000] {logging_mixin.py:188} WARNING - /home/***/.local/lib/python3.12/site-packages/***/task/task_runner/standard_task_runner.py:62 DeprecationWarning: This process (pid=12878) is multi-threaded, use of fork() may lead to deadlocks in the child.
[2026-06-30T21:39:01.893+0000] {standard_task_runner.py:64} INFO - Started process 12896 to run task
[2026-06-30T21:39:01.887+0000] {standard_task_runner.py:91} INFO - Job 828: Subtask load_raw_to_staging
[2026-06-30T21:39:02.181+0000] {task_command.py:426} INFO - Running <TaskInstance: staging_pipeline.load_raw_to_staging scheduled__2026-06-30T18:50:00+00:00 [running]> on host 07e54d19aa44
[2026-06-30T21:39:03.903+0000] {taskinstance.py:2648} INFO - Exporting env vars: AIRFLOW_CTX_DAG_OWNER='***' AIRFLOW_CTX_DAG_ID='staging_pipeline' AIRFLOW_CTX_TASK_ID='load_raw_to_staging' AIRFLOW_CTX_EXECUTION_DATE='2026-06-30T18:50:00+00:00' AIRFLOW_CTX_TRY_NUMBER='1' AIRFLOW_CTX_DAG_RUN_ID='scheduled__2026-06-30T18:50:00+00:00'
[2026-06-30T21:39:03.923+0000] {taskinstance.py:430} INFO - ::endgroup::
[2026-06-30T21:39:29.827+0000] {taskinstance.py:441} INFO - ::group::Post task execution logs
[2026-06-30T21:39:29.843+0000] {taskinstance.py:2905} ERROR - Task failed with exception
Traceback (most recent call last):
  File "/home/airflow/.local/lib/python3.12/site-packages/airflow/models/taskinstance.py", line 465, in _execute_task
    result = _execute_callable(context=context, **execute_callable_kwargs)
             ^^^^^^^^^^^^^^^^^^^^^^^^^^^^^^^^^^^^^^^^^^^^^^^^^^^^^^^^^^^^^
  File "/home/airflow/.local/lib/python3.12/site-packages/airflow/models/taskinstance.py", line 432, in _execute_callable
    return execute_callable(context=context, **execute_callable_kwargs)
           ^^^^^^^^^^^^^^^^^^^^^^^^^^^^^^^^^^^^^^^^^^^^^^^^^^^^^^^^^^^^
  File "/home/airflow/.local/lib/python3.12/site-packages/airflow/models/baseoperator.py", line 401, in wrapper
    return func(self, *args, **kwargs)
           ^^^^^^^^^^^^^^^^^^^^^^^^^^^
  File "/home/airflow/.local/lib/python3.12/site-packages/airflow/operators/python.py", line 235, in execute
    return_value = self.execute_callable()
                   ^^^^^^^^^^^^^^^^^^^^^^^
  File "/home/airflow/.local/lib/python3.12/site-packages/airflow/operators/python.py", line 252, in execute_callable
    return self.python_callable(*self.op_args, **self.op_kwargs)
           ^^^^^^^^^^^^^^^^^^^^^^^^^^^^^^^^^^^^^^^^^^^^^^^^^^^^^
  File "/opt/airflow/dags/staging_dag.py", line 43, in task1_load_staging
    df.to_sql(name=table_name, con=engine, schema="staging", if_exists="replace", index=False)
  File "/home/airflow/.local/lib/python3.12/site-packages/pandas/util/_decorators.py", line 333, in wrapper
    return func(*args, **kwargs)
           ^^^^^^^^^^^^^^^^^^^^^
  File "/home/airflow/.local/lib/python3.12/site-packages/pandas/core/generic.py", line 3008, in to_sql
    return sql.to_sql(
           ^^^^^^^^^^^
  File "/home/airflow/.local/lib/python3.12/site-packages/pandas/io/sql.py", line 787, in to_sql
    with pandasSQL_builder(con, schema=schema, need_transaction=True) as pandas_sql:
  File "/home/airflow/.local/lib/python3.12/site-packages/pandas/io/sql.py", line 1585, in __exit__
    self.exit_stack.close()
  File "/usr/local/lib/python3.12/contextlib.py", line 618, in close
    self.__exit__(None, None, None)
  File "/usr/local/lib/python3.12/contextlib.py", line 610, in __exit__
    raise exc_details[1]
  File "/usr/local/lib/python3.12/contextlib.py", line 595, in __exit__
    if cb(*exc_details):
       ^^^^^^^^^^^^^^^^
  File "/home/airflow/.local/lib/python3.12/site-packages/sqlalchemy/engine/util.py", line 235, in __exit__
    with util.safe_reraise():
  File "/home/airflow/.local/lib/python3.12/site-packages/sqlalchemy/util/langhelpers.py", line 70, in __exit__
    compat.raise_(
  File "/home/airflow/.local/lib/python3.12/site-packages/sqlalchemy/util/compat.py", line 211, in raise_
    raise exception
  File "/home/airflow/.local/lib/python3.12/site-packages/sqlalchemy/engine/util.py", line 233, in __exit__
    self.commit()
  File "/home/airflow/.local/lib/python3.12/site-packages/sqlalchemy/engine/base.py", line 2469, in commit
    self._do_commit()
  File "/home/airflow/.local/lib/python3.12/site-packages/sqlalchemy/engine/base.py", line 2659, in _do_commit
    self._connection_commit_impl()
  File "/home/airflow/.local/lib/python3.12/site-packages/sqlalchemy/engine/base.py", line 2630, in _connection_commit_impl
    self.connection._commit_impl()
  File "/home/airflow/.local/lib/python3.12/site-packages/sqlalchemy/engine/base.py", line 1096, in _commit_impl
    self._handle_dbapi_exception(e, None, None, None, None)
  File "/home/airflow/.local/lib/python3.12/site-packages/sqlalchemy/engine/base.py", line 2138, in _handle_dbapi_exception
    util.raise_(exc_info[1], with_traceback=exc_info[2])
  File "/home/airflow/.local/lib/python3.12/site-packages/sqlalchemy/util/compat.py", line 211, in raise_
    raise exception
  File "/home/airflow/.local/lib/python3.12/site-packages/sqlalchemy/engine/base.py", line 1094, in _commit_impl
    self.engine.dialect.do_commit(self.connection)
                                  ^^^^^^^^^^^^^^^
  File "/home/airflow/.local/lib/python3.12/site-packages/sqlalchemy/engine/base.py", line 537, in connection
    return self._revalidate_connection()
           ^^^^^^^^^^^^^^^^^^^^^^^^^^^^^
  File "/home/airflow/.local/lib/python3.12/site-packages/sqlalchemy/engine/base.py", line 650, in _revalidate_connection
    self._invalid_transaction()
  File "/home/airflow/.local/lib/python3.12/site-packages/sqlalchemy/engine/base.py", line 622, in _invalid_transaction
    raise exc.PendingRollbackError(
sqlalchemy.exc.PendingRollbackError: Can't reconnect until invalid transaction is rolled back. (Background on this error at: https://sqlalche.me/e/14/8s2b)
[2026-06-30T21:39:29.952+0000] {taskinstance.py:1206} INFO - Marking task as UP_FOR_RETRY. dag_id=staging_pipeline, task_id=load_raw_to_staging, run_id=scheduled__2026-06-30T18:50:00+00:00, execution_date=20260630T185000, start_date=20260630T213901, end_date=20260630T213929
[2026-06-30T21:39:29.990+0000] {standard_task_runner.py:110} ERROR - Failed to execute job 828 for task load_raw_to_staging (Can't reconnect until invalid transaction is rolled back. (Background on this error at: https://sqlalche.me/e/14/8s2b); 12896)
[2026-06-30T21:39:30.049+0000] {local_task_job_runner.py:243} INFO - Task exited with return code 1
[2026-06-30T21:39:30.137+0000] {taskinstance.py:3503} INFO - 0 downstream tasks scheduled from follow-on schedule check
[2026-06-30T21:39:30.145+0000] {local_task_job_runner.py:222} INFO - ::endgroup::
